<?xml version="1.0" encoding="utf-8"?><testsuite errors="0" failures="0" name="native.gnu" skips="0" tests="1" time="3.341"><testcase classname="native.gnu.tests_thread_race.test.tests.01-run" file="tests/01-run.py" line="12" name="testfunc" time="3.32334303855896"><system-out>/home/cladmi/git/work/RIOT/tests/thread_race/bin/native/tests_thread_race.elf  
RIOT native interrupts/signals initialized.
LED_RED_OFF
LED_GREEN_ON
RIOT native board initialized.
RIOT native hardware initialization complete.

main(): This is RIOT! (Version: buildtest)
Context swap race condition test application
Starting IRQ check thread
Checking for working context swap (to detect false positives)... [Success]
Checking for reset of swaps (to detect false positives)... [Success]
Checking for context swap race condition... [Success]

</system-out></testcase></testsuite>