<?xml version="1.0" encoding="utf-8"?><testsuite errors="0" failures="0" name="native.gnu" skips="0" tests="1" time="3.378"><testcase classname="native.gnu.tests_xtimer_now64_continuity.test.tests.01-run" file="tests/01-run.py" line="12" name="testfunc" time="3.3651070594787598"><system-out>/home/cladmi/git/work/RIOT/tests/xtimer_now64_continuity/bin/native/tests_xtimer_now64_continuity.elf  
RIOT native interrupts/signals initialized.
LED_RED_OFF
LED_GREEN_ON
RIOT native board initialized.
RIOT native hardware initialization complete.

main(): This is RIOT! (Version: buildtest)
[START]
[RESULTS] min=0, avg=0, max=23
[SUCCESS]

</system-out></testcase></testsuite>