<?xml version="1.0" encoding="utf-8"?><testsuite errors="0" failures="0" name="native.gnu" skips="0" tests="1" time="3.394"><testcase classname="native.gnu.native.gnu.tests.01-run" file="tests/01-run.py" line="12" name="testfunc" time="3.3638007640838623"><system-out>/home/cladmi/git/work/RIOT/tests/xtimer_periodic_wakeup/bin/native/tests_xtimer_periodic_wakeup.elf  
RIOT native interrupts/signals initialized.
LED_RED_OFF
LED_GREEN_ON
RIOT native board initialized.
RIOT native hardware initialization complete.

main(): This is RIOT! (Version: buildtest)
xtimer_periodic_wakeup test application.

Testing interval 256... (now=15)
Testing interval 255... (now=324)
Testing interval 254... (now=582)
Testing interval 253... (now=838)
Testing interval 252... (now=1093)
Testing interval 251... (now=1347)
Testing interval 250... (now=1600)
Testing interval 249... (now=1852)
Testing interval 248... (now=2104)
Testing interval 247... (now=2354)
Testing interval 246... (now=2603)
Testing interval 245... (now=2851)
Testing interval 244... (now=3098)
Testing interval 243... (now=3344)
Testing interval 242... (now=3592)
Testing interval 241... (now=3837)
Testing interval 240... (now=4080)
Testing interval 239... (now=4322)
Testing interval 238... (now=4563)
Testing interval 237... (now=4807)
Testing interval 236... (now=5048)
Testing interval 235... (now=5293)
Testing interval 234... (now=5536)
Testing interval 233... (now=5775)
Testing interval 232... (now=6013)
Testing interval 231... (now=6249)
Testing interval 230... (now=6484)
Testing interval 229... (now=6717)
Testing interval 228... (now=6952)
Testing interval 227... (now=7185)
Testing interval 226... (now=7419)
Testing interval 225... (now=7651)
Testing interval 224... (now=7881)
Testing interval 223... (now=8108)
Testing interval 222... (now=8333)
Testing interval 221... (now=8557)
Testing interval 220... (now=8781)
Testing interval 219... (now=9003)
Testing interval 218... (now=9224)
Testing interval 217... (now=9444)
Testing interval 216... (now=9663)
Testing interval 215... (now=9881)
Testing interval 214... (now=10098)
Testing interval 213... (now=10315)
Testing interval 212... (now=10530)
Testing interval 211... (now=10744)
Testing interval 210... (now=10957)
Testing interval 209... (now=11169)
Testing interval 208... (now=11380)
Testing interval 207... (now=11590)
Testing interval 206... (now=11799)
Testing interval 205... (now=12007)
Testing interval 204... (now=12216)
Testing interval 203... (now=12422)
Testing interval 202... (now=12627)
Testing interval 201... (now=12831)
Testing interval 200... (now=13034)
Testing interval 199... (now=13236)
Testing interval 198... (now=13437)
Testing interval 197... (now=13636)
Testing interval 196... (now=13835)
Testing interval 195... (now=14032)
Testing interval 194... (now=14228)
Testing interval 193... (now=14423)
Testing interval 192... (now=14617)
Testing interval 191... (now=14810)
Testing interval 190... (now=15003)
Testing interval 189... (now=15194)
Testing interval 188... (now=15385)
Testing interval 187... (now=15574)
Testing interval 186... (now=15762)
Testing interval 185... (now=15949)
Testing interval 184... (now=16135)
Testing interval 183... (now=16320)
Testing interval 182... (now=16506)
Testing interval 181... (now=16690)
Testing interval 180... (now=16873)
Testing interval 179... (now=17055)
Testing interval 178... (now=17236)
Testing interval 177... (now=17416)
Testing interval 176... (now=17595)
Testing interval 175... (now=17773)
Testing interval 174... (now=17950)
Testing interval 173... (now=18126)
Testing interval 172... (now=18301)
Testing interval 171... (now=18475)
Testing interval 170... (now=18648)
Testing interval 169... (now=18824)
Testing interval 168... (now=18996)
Testing interval 167... (now=19178)
Testing interval 166... (now=19347)
Testing interval 165... (now=19516)
Testing interval 164... (now=19683)
Testing interval 163... (now=19850)
Testing interval 162... (now=20016)
Testing interval 161... (now=20181)
Testing interval 160... (now=20344)
Testing interval 159... (now=20507)
Testing interval 158... (now=20668)
Testing interval 157... (now=20830)
Testing interval 156... (now=20990)
Testing interval 155... (now=21148)
Testing interval 154... (now=21305)
Testing interval 153... (now=21461)
Testing interval 152... (now=21616)
Testing interval 151... (now=21770)
Testing interval 150... (now=21924)
Testing interval 149... (now=22078)
Testing interval 148... (now=22229)
Testing interval 147... (now=22378)
Testing interval 146... (now=22527)
Testing interval 145... (now=22675)
Testing interval 144... (now=22821)
Testing interval 143... (now=22966)
Testing interval 142... (now=23110)
Testing interval 141... (now=23253)
Testing interval 140... (now=23396)
Testing interval 139... (now=23538)
Testing interval 138... (now=23678)
Testing interval 137... (now=23818)
Testing interval 136... (now=23956)
Testing interval 135... (now=24095)
Testing interval 134... (now=24244)
Testing interval 133... (now=24382)
Testing interval 132... (now=24517)
Testing interval 131... (now=24651)
Testing interval 130... (now=24784)
Testing interval 129... (now=24915)
Testing interval 128... (now=25045)
Testing interval 127... (now=25193)
Testing interval 126... (now=25323)
Testing interval 125... (now=25450)
Testing interval 124... (now=25576)
Testing interval 123... (now=25701)
Testing interval 122... (now=25826)
Testing interval 121... (now=25949)
Testing interval 120... (now=26072)
Testing interval 119... (now=26193)
Testing interval 118... (now=26314)
Testing interval 117... (now=26433)
Testing interval 116... (now=26552)
Testing interval 115... (now=26670)
Testing interval 114... (now=26786)
Testing interval 113... (now=26901)
Testing interval 112... (now=27015)
Testing interval 111... (now=27128)
Testing interval 110... (now=27240)
Testing interval 109... (now=27351)
Testing interval 108... (now=27471)
Testing interval 107... (now=27586)
Testing interval 106... (now=27694)
Testing interval 105... (now=27802)
Testing interval 104... (now=27908)
Testing interval 103... (now=28014)
Testing interval 102... (now=28119)
Testing interval 101... (now=28222)
Testing interval 100... (now=28324)
Testing interval 99... (now=28425)
Testing interval 98... (now=28526)
Testing interval 97... (now=28627)
Testing interval 96... (now=28725)
Testing interval 95... (now=28822)
Testing interval 94... (now=28919)
Testing interval 93... (now=29014)
Testing interval 92... (now=29108)
Testing interval 91... (now=29201)
Testing interval 90... (now=29293)
Testing interval 89... (now=29384)
Testing interval 88... (now=29474)
Testing interval 87... (now=29564)
Testing interval 86... (now=29653)
Testing interval 85... (now=29741)
Testing interval 84... (now=29828)
Testing interval 83... (now=29914)
Testing interval 82... (now=29999)
Testing interval 81... (now=30082)
Testing interval 80... (now=30164)
Testing interval 79... (now=30246)
Testing interval 78... (now=30327)
Testing interval 77... (now=30406)
Testing interval 76... (now=30485)
Testing interval 75... (now=30562)
Testing interval 74... (now=30639)
Testing interval 73... (now=30714)
Testing interval 72... (now=30788)
Testing interval 71... (now=30862)
Testing interval 70... (now=30935)
Testing interval 69... (now=31006)
Testing interval 68... (now=31077)
Testing interval 67... (now=31146)
Testing interval 66... (now=31214)
Testing interval 65... (now=31282)
Testing interval 64... (now=31348)
Testing interval 63... (now=31413)
Testing interval 62... (now=31477)
Testing interval 61... (now=31540)
Testing interval 60... (now=31602)
Testing interval 59... (now=31663)
Testing interval 58... (now=31724)
Testing interval 57... (now=31793)
Testing interval 56... (now=31852)
Testing interval 55... (now=31911)
Testing interval 54... (now=31968)
Testing interval 53... (now=32023)
Testing interval 52... (now=32077)
Testing interval 51... (now=32131)
Testing interval 50... (now=32184)
Testing interval 49... (now=32235)
Testing interval 48... (now=32286)
Testing interval 47... (now=32336)
Testing interval 46... (now=32385)
Testing interval 45... (now=32433)
Testing interval 44... (now=32479)
Testing interval 43... (now=32524)
Testing interval 42... (now=32571)
Testing interval 41... (now=32615)
Testing interval 40... (now=32657)
Testing interval 39... (now=32699)
Testing interval 38... (now=32740)
Testing interval 37... (now=32780)
Testing interval 36... (now=32819)
Testing interval 35... (now=32857)
Testing interval 34... (now=32894)
Testing interval 33... (now=32930)
Testing interval 32... (now=32965)
Testing interval 31... (now=32999)
Testing interval 30... (now=33032)
Testing interval 29... (now=33064)
Testing interval 28... (now=33094)
Testing interval 27... (now=33123)
Testing interval 26... (now=33151)
Testing interval 25... (now=33179)
Testing interval 24... (now=33206)
Testing interval 23... (now=33231)
Testing interval 22... (now=33255)
Testing interval 21... (now=33279)
Testing interval 20... (now=33302)
Testing interval 19... (now=33323)
Testing interval 18... (now=33344)
Testing interval 17... (now=33364)
Testing interval 16... (now=33383)
Testing interval 15... (now=33400)
Testing interval 14... (now=33417)
Testing interval 13... (now=33432)
Testing interval 12... (now=33447)
Testing interval 11... (now=33461)
Testing interval 10... (now=33473)
Testing interval 9... (now=33484)
Testing interval 8... (now=33494)
Testing interval 7... (now=33504)
Testing interval 6... (now=33512)
Testing interval 5... (now=33519)
Testing interval 4... (now=33525)
Testing interval 3... (now=33530)
Testing interval 2... (now=33534)
Testing interval 1... (now=33537)
 256 diff=0
 255 diff=0
 254 diff=0
 253 diff=0
 252 diff=0
 251 diff=0
 250 diff=0
 249 diff=0
 248 diff=0
 247 diff=0
 246 diff=0
 245 diff=0
 244 diff=0
 243 diff=0
 242 diff=0
 241 diff=0
 240 diff=0
 239 diff=0
 238 diff=0
 237 diff=0
 236 diff=3
 235 diff=0
 234 diff=1
 233 diff=0
 232 diff=0
 231 diff=1
 230 diff=0
 229 diff=0
 228 diff=0
 227 diff=0
 226 diff=1
 225 diff=0
 224 diff=0
 223 diff=0
 222 diff=0
 221 diff=0
 220 diff=1
 219 diff=0
 218 diff=0
 217 diff=0
 216 diff=0
 215 diff=0
 214 diff=0
 213 diff=0
 212 diff=0
 211 diff=0
 210 diff=0
 209 diff=0
 208 diff=0
 207 diff=0
 206 diff=0
 205 diff=0
 204 diff=0
 203 diff=0
 202 diff=0
 201 diff=0
 200 diff=1
 199 diff=0
 198 diff=0
 197 diff=1
 196 diff=0
 195 diff=0
 194 diff=0
 193 diff=0
 192 diff=0
 191 diff=1
 190 diff=0
 189 diff=0
 188 diff=0
 187 diff=0
 186 diff=0
 185 diff=0
 184 diff=0
 183 diff=0
 182 diff=1
 181 diff=0
 180 diff=0
 179 diff=0
 178 diff=0
 177 diff=0
 176 diff=0
 175 diff=0
 174 diff=0
 173 diff=0
 172 diff=0
 171 diff=0
 170 diff=0
 169 diff=0
 168 diff=0
 167 diff=0
 166 diff=0
 165 diff=0
 164 diff=0
 163 diff=0
 162 diff=0
 161 diff=0
 160 diff=1
 159 diff=0
 158 diff=0
 157 diff=1
 156 diff=0
 155 diff=0
 154 diff=0
 153 diff=0
 152 diff=0
 151 diff=0
 150 diff=0
 149 diff=0
 148 diff=0
 147 diff=0
 146 diff=0
 145 diff=0
 144 diff=0
 143 diff=0
 142 diff=0
 141 diff=1
 140 diff=1
 139 diff=0
 138 diff=1
 137 diff=0
 136 diff=0
 135 diff=10
 134 diff=0
 133 diff=0
 132 diff=0
 131 diff=0
 130 diff=0
 129 diff=0
 128 diff=19
 127 diff=0
 126 diff=0
 125 diff=0
 124 diff=0
 123 diff=0
 122 diff=0
 121 diff=1
 120 diff=0
 119 diff=0
 118 diff=0
 117 diff=1
 116 diff=1
 115 diff=0
 114 diff=0
 113 diff=0
 112 diff=0
 111 diff=0
 110 diff=0
 109 diff=0
 108 diff=6
 107 diff=0
 106 diff=1
 105 diff=0
 104 diff=1
 103 diff=1
 102 diff=0
 101 diff=0
 100 diff=0
  99 diff=0
  98 diff=0
  97 diff=0
  96 diff=0
  95 diff=0
  94 diff=0
  93 diff=0
  92 diff=0
  91 diff=0
  90 diff=0
  89 diff=0
  88 diff=1
  87 diff=1
  86 diff=0
  85 diff=1
  84 diff=1
  83 diff=0
  82 diff=0
  81 diff=0
  80 diff=1
  79 diff=1
  78 diff=0
  77 diff=1
  76 diff=0
  75 diff=0
  74 diff=0
  73 diff=0
  72 diff=1
  71 diff=1
  70 diff=0
  69 diff=0
  68 diff=0
  67 diff=0
  66 diff=1
  65 diff=0
  64 diff=0
  63 diff=0
  62 diff=0
  61 diff=0
  60 diff=0
  59 diff=1
  58 diff=0
  57 diff=0
  56 diff=0
  55 diff=1
  54 diff=0
  53 diff=0
  52 diff=1
  51 diff=1
  50 diff=0
  49 diff=1
  48 diff=0
  47 diff=0
  46 diff=0
  45 diff=0
  44 diff=0
  43 diff=0
  42 diff=0
  41 diff=0
  40 diff=1
  39 diff=1
  38 diff=0
  37 diff=0
  36 diff=0
  35 diff=1
  34 diff=1
  33 diff=0
  32 diff=1
  31 diff=1
  30 diff=1
  29 diff=0
  28 diff=0
  27 diff=0
  26 diff=1
  25 diff=1
  24 diff=0
  23 diff=0
  22 diff=0
  21 diff=1
  20 diff=0
  19 diff=1
  18 diff=1
  17 diff=1
  16 diff=0
  15 diff=1
  14 diff=0
  13 diff=1
  12 diff=1
  11 diff=0
  10 diff=0
   9 diff=0
   8 diff=1
   7 diff=0
   6 diff=0
   5 diff=0
   4 diff=0
   3 diff=0
   2 diff=0
   1 diff=0

Min/max error: 0/19

Test complete.

</system-out></testcase></testsuite>