<?xml version="1.0" encoding="utf-8"?><testsuite errors="0" failures="0" name="native" skips="0" tests="1" time="3.397"><testcase classname="native.tests_xtimer_periodic_wakeup.test.tests.01-run" file="tests/01-run.py" line="12" name="testfunc" time="3.3802034854888916"><system-out>/home/cladmi/git/work/RIOT/tests/xtimer_periodic_wakeup/bin/native/tests_xtimer_periodic_wakeup.elf  
RIOT native interrupts/signals initialized.
LED_RED_OFF
LED_GREEN_ON
RIOT native board initialized.
RIOT native hardware initialization complete.

main(): This is RIOT! (Version: buildtest)
xtimer_periodic_wakeup test application.

Testing interval 256... (now=17)
Testing interval 255... (now=342)
Testing interval 254... (now=602)
Testing interval 253... (now=864)
Testing interval 252... (now=1130)
Testing interval 251... (now=1389)
Testing interval 250... (now=1643)
Testing interval 249... (now=1901)
Testing interval 248... (now=2154)
Testing interval 247... (now=2408)
Testing interval 246... (now=2661)
Testing interval 245... (now=2911)
Testing interval 244... (now=3175)
Testing interval 243... (now=3423)
Testing interval 242... (now=3669)
Testing interval 241... (now=3914)
Testing interval 240... (now=4158)
Testing interval 239... (now=4401)
Testing interval 238... (now=4643)
Testing interval 237... (now=4883)
Testing interval 236... (now=5122)
Testing interval 235... (now=5360)
Testing interval 234... (now=5597)
Testing interval 233... (now=5833)
Testing interval 232... (now=6068)
Testing interval 231... (now=6302)
Testing interval 230... (now=6536)
Testing interval 229... (now=6771)
Testing interval 228... (now=7002)
Testing interval 227... (now=7233)
Testing interval 226... (now=7462)
Testing interval 225... (now=7691)
Testing interval 224... (now=7919)
Testing interval 223... (now=8146)
Testing interval 222... (now=8372)
Testing interval 221... (now=8596)
Testing interval 220... (now=8819)
Testing interval 219... (now=9041)
Testing interval 218... (now=9262)
Testing interval 217... (now=9483)
Testing interval 216... (now=9702)
Testing interval 215... (now=9920)
Testing interval 214... (now=10138)
Testing interval 213... (now=10354)
Testing interval 212... (now=10568)
Testing interval 211... (now=10782)
Testing interval 210... (now=10994)
Testing interval 209... (now=11206)
Testing interval 208... (now=11417)
Testing interval 207... (now=11629)
Testing interval 206... (now=11839)
Testing interval 205... (now=12047)
Testing interval 204... (now=12254)
Testing interval 203... (now=12461)
Testing interval 202... (now=12666)
Testing interval 201... (now=12870)
Testing interval 200... (now=13074)
Testing interval 199... (now=13277)
Testing interval 198... (now=13480)
Testing interval 197... (now=13680)
Testing interval 196... (now=13878)
Testing interval 195... (now=14076)
Testing interval 194... (now=14273)
Testing interval 193... (now=14471)
Testing interval 192... (now=14671)
Testing interval 191... (now=14872)
Testing interval 190... (now=15066)
Testing interval 189... (now=15259)
Testing interval 188... (now=15454)
Testing interval 187... (now=15652)
Testing interval 186... (now=16171)
Testing interval 185... (now=16370)
Testing interval 184... (now=16562)
Testing interval 183... (now=16756)
Testing interval 182... (now=17087)
Testing interval 181... (now=17277)
Testing interval 180... (now=17463)
Testing interval 179... (now=17649)
Testing interval 178... (now=17834)
Testing interval 177... (now=18016)
Testing interval 176... (now=18197)
Testing interval 175... (now=18380)
Testing interval 174... (now=18559)
Testing interval 173... (now=18738)
Testing interval 172... (now=18920)
Testing interval 171... (now=19096)
Testing interval 170... (now=19271)
Testing interval 169... (now=19445)
Testing interval 168... (now=19618)
Testing interval 167... (now=19790)
Testing interval 166... (now=19961)
Testing interval 165... (now=20131)
Testing interval 164... (now=20300)
Testing interval 163... (now=20468)
Testing interval 162... (now=20635)
Testing interval 161... (now=20801)
Testing interval 160... (now=20966)
Testing interval 159... (now=21129)
Testing interval 158... (now=21292)
Testing interval 157... (now=21454)
Testing interval 156... (now=21616)
Testing interval 155... (now=21776)
Testing interval 154... (now=21935)
Testing interval 153... (now=22092)
Testing interval 152... (now=22249)
Testing interval 151... (now=22405)
Testing interval 150... (now=22560)
Testing interval 149... (now=22713)
Testing interval 148... (now=22865)
Testing interval 147... (now=23015)
Testing interval 146... (now=23179)
Testing interval 145... (now=23329)
Testing interval 144... (now=23476)
Testing interval 143... (now=23622)
Testing interval 142... (now=23767)
Testing interval 141... (now=23911)
Testing interval 140... (now=24054)
Testing interval 139... (now=24196)
Testing interval 138... (now=24337)
Testing interval 137... (now=24477)
Testing interval 136... (now=24617)
Testing interval 135... (now=24755)
Testing interval 134... (now=24892)
Testing interval 133... (now=25028)
Testing interval 132... (now=25164)
Testing interval 131... (now=25300)
Testing interval 130... (now=25433)
Testing interval 129... (now=25565)
Testing interval 128... (now=25696)
Testing interval 127... (now=25826)
Testing interval 126... (now=25955)
Testing interval 125... (now=26083)
Testing interval 124... (now=26210)
Testing interval 123... (now=26336)
Testing interval 122... (now=26461)
Testing interval 121... (now=26590)
Testing interval 120... (now=26714)
Testing interval 119... (now=26836)
Testing interval 118... (now=26957)
Testing interval 117... (now=27077)
Testing interval 116... (now=27196)
Testing interval 115... (now=27314)
Testing interval 114... (now=27431)
Testing interval 113... (now=27547)
Testing interval 112... (now=27662)
Testing interval 111... (now=27776)
Testing interval 110... (now=27889)
Testing interval 109... (now=28001)
Testing interval 108... (now=28112)
Testing interval 107... (now=28222)
Testing interval 106... (now=28331)
Testing interval 105... (now=28439)
Testing interval 104... (now=28546)
Testing interval 103... (now=28652)
Testing interval 102... (now=28757)
Testing interval 101... (now=28861)
Testing interval 100... (now=28964)
Testing interval 99... (now=29066)
Testing interval 98... (now=29167)
Testing interval 97... (now=29267)
Testing interval 96... (now=29366)
Testing interval 95... (now=29464)
Testing interval 94... (now=29561)
Testing interval 93... (now=29657)
Testing interval 92... (now=29752)
Testing interval 91... (now=29846)
Testing interval 90... (now=29939)
Testing interval 89... (now=30031)
Testing interval 88... (now=30122)
Testing interval 87... (now=30212)
Testing interval 86... (now=30301)
Testing interval 85... (now=30389)
Testing interval 84... (now=30483)
Testing interval 83... (now=30569)
Testing interval 82... (now=30654)
Testing interval 81... (now=30737)
Testing interval 80... (now=30821)
Testing interval 79... (now=30903)
Testing interval 78... (now=30986)
Testing interval 77... (now=31066)
Testing interval 76... (now=31146)
Testing interval 75... (now=31224)
Testing interval 74... (now=31301)
Testing interval 73... (now=31377)
Testing interval 72... (now=31452)
Testing interval 71... (now=31526)
Testing interval 70... (now=31599)
Testing interval 69... (now=31671)
Testing interval 68... (now=31744)
Testing interval 67... (now=31814)
Testing interval 66... (now=31883)
Testing interval 65... (now=31951)
Testing interval 64... (now=32019)
Testing interval 63... (now=32086)
Testing interval 62... (now=32152)
Testing interval 61... (now=32217)
Testing interval 60... (now=32280)
Testing interval 59... (now=32342)
Testing interval 58... (now=32405)
Testing interval 57... (now=32466)
Testing interval 56... (now=32526)
Testing interval 55... (now=32584)
Testing interval 54... (now=32642)
Testing interval 53... (now=32698)
Testing interval 52... (now=32753)
Testing interval 51... (now=32807)
Testing interval 50... (now=32860)
Testing interval 49... (now=32913)
Testing interval 48... (now=32965)
Testing interval 47... (now=33016)
Testing interval 46... (now=33066)
Testing interval 45... (now=33116)
Testing interval 44... (now=33164)
Testing interval 43... (now=33214)
Testing interval 42... (now=33260)
Testing interval 41... (now=33305)
Testing interval 40... (now=33348)
Testing interval 39... (now=33390)
Testing interval 38... (now=33431)
Testing interval 37... (now=33472)
Testing interval 36... (now=33512)
Testing interval 35... (now=33552)
Testing interval 34... (now=33589)
Testing interval 33... (now=33626)
Testing interval 32... (now=33661)
Testing interval 31... (now=33696)
Testing interval 30... (now=33731)
Testing interval 29... (now=33764)
Testing interval 28... (now=33796)
Testing interval 27... (now=33827)
Testing interval 26... (now=33856)
Testing interval 25... (now=33884)
Testing interval 24... (now=33911)
Testing interval 23... (now=33937)
Testing interval 22... (now=33962)
Testing interval 21... (now=33987)
Testing interval 20... (now=34010)
Testing interval 19... (now=34032)
Testing interval 18... (now=34053)
Testing interval 17... (now=34073)
Testing interval 16... (now=34092)
Testing interval 15... (now=34110)
Testing interval 14... (now=34128)
Testing interval 13... (now=34144)
Testing interval 12... (now=34159)
Testing interval 11... (now=34175)
Testing interval 10... (now=34188)
Testing interval 9... (now=34200)
Testing interval 8... (now=34212)
Testing interval 7... (now=34225)
Testing interval 6... (now=34238)
Testing interval 5... (now=34250)
Testing interval 4... (now=34258)
Testing interval 3... (now=34265)
Testing interval 2... (now=34272)
Testing interval 1... (now=34276)
 256 diff=0
 255 diff=0
 254 diff=0
 253 diff=0
 252 diff=0
 251 diff=0
 250 diff=0
 249 diff=0
 248 diff=0
 247 diff=0
 246 diff=0
 245 diff=15
 244 diff=0
 243 diff=0
 242 diff=0
 241 diff=0
 240 diff=0
 239 diff=0
 238 diff=0
 237 diff=0
 236 diff=0
 235 diff=0
 234 diff=0
 233 diff=0
 232 diff=0
 231 diff=0
 230 diff=0
 229 diff=0
 228 diff=0
 227 diff=0
 226 diff=0
 225 diff=0
 224 diff=0
 223 diff=0
 222 diff=0
 221 diff=0
 220 diff=0
 219 diff=0
 218 diff=0
 217 diff=0
 216 diff=0
 215 diff=0
 214 diff=0
 213 diff=0
 212 diff=1
 211 diff=0
 210 diff=0
 209 diff=0
 208 diff=0
 207 diff=0
 206 diff=0
 205 diff=0
 204 diff=0
 203 diff=0
 202 diff=0
 201 diff=0
 200 diff=0
 199 diff=0
 198 diff=0
 197 diff=0
 196 diff=0
 195 diff=0
 194 diff=0
 193 diff=1
 192 diff=0
 191 diff=1
 190 diff=0
 189 diff=0
 188 diff=0
 187 diff=321
 186 diff=0
 185 diff=0
 184 diff=0
 183 diff=0
 182 diff=0
 181 diff=0
 180 diff=0
 179 diff=0
 178 diff=1
 177 diff=0
 176 diff=1
 175 diff=0
 174 diff=1
 173 diff=0
 172 diff=0
 171 diff=0
 170 diff=0
 169 diff=0
 168 diff=0
 167 diff=0
 166 diff=0
 165 diff=0
 164 diff=0
 163 diff=0
 162 diff=0
 161 diff=0
 160 diff=0
 159 diff=0
 158 diff=0
 157 diff=1
 156 diff=0
 155 diff=0
 154 diff=0
 153 diff=0
 152 diff=0
 151 diff=0
 150 diff=0
 149 diff=0
 148 diff=0
 147 diff=15
 146 diff=0
 145 diff=0
 144 diff=0
 143 diff=0
 142 diff=0
 141 diff=0
 140 diff=0
 139 diff=0
 138 diff=0
 137 diff=0
 136 diff=0
 135 diff=0
 134 diff=0
 133 diff=0
 132 diff=0
 131 diff=0
 130 diff=0
 129 diff=0
 128 diff=0
 127 diff=0
 126 diff=0
 125 diff=0
 124 diff=0
 123 diff=0
 122 diff=0
 121 diff=0
 120 diff=0
 119 diff=0
 118 diff=0
 117 diff=0
 116 diff=0
 115 diff=0
 114 diff=0
 113 diff=0
 112 diff=0
 111 diff=0
 110 diff=0
 109 diff=0
 108 diff=0
 107 diff=0
 106 diff=0
 105 diff=0
 104 diff=0
 103 diff=0
 102 diff=0
 101 diff=0
 100 diff=0
  99 diff=0
  98 diff=0
  97 diff=0
  96 diff=0
  95 diff=0
  94 diff=0
  93 diff=0
  92 diff=0
  91 diff=0
  90 diff=0
  89 diff=0
  88 diff=0
  87 diff=0
  86 diff=0
  85 diff=1
  84 diff=0
  83 diff=0
  82 diff=0
  81 diff=0
  80 diff=0
  79 diff=0
  78 diff=0
  77 diff=0
  76 diff=0
  75 diff=0
  74 diff=0
  73 diff=0
  72 diff=0
  71 diff=0
  70 diff=1
  69 diff=0
  68 diff=0
  67 diff=0
  66 diff=0
  65 diff=0
  64 diff=0
  63 diff=0
  62 diff=0
  61 diff=0
  60 diff=0
  59 diff=0
  58 diff=1
  57 diff=1
  56 diff=0
  55 diff=0
  54 diff=0
  53 diff=0
  52 diff=0
  51 diff=0
  50 diff=0
  49 diff=1
  48 diff=0
  47 diff=0
  46 diff=0
  45 diff=0
  44 diff=0
  43 diff=0
  42 diff=0
  41 diff=0
  40 diff=0
  39 diff=0
  38 diff=0
  37 diff=0
  36 diff=0
  35 diff=0
  34 diff=0
  33 diff=0
  32 diff=0
  31 diff=0
  30 diff=0
  29 diff=0
  28 diff=1
  27 diff=0
  26 diff=0
  25 diff=0
  24 diff=0
  23 diff=0
  22 diff=0
  21 diff=0
  20 diff=0
  19 diff=0
  18 diff=0
  17 diff=0
  16 diff=0
  15 diff=0
  14 diff=0
  13 diff=0
  12 diff=0
  11 diff=0
  10 diff=0
   9 diff=0
   8 diff=0
   7 diff=0
   6 diff=0
   5 diff=0
   4 diff=0
   3 diff=0
   2 diff=0
   1 diff=0

Min/max error: 0/321

Test complete.

</system-out></testcase></testsuite>