<?xml version="1.0" encoding="utf-8"?><testsuite errors="0" failures="0" name="native:gnu" skips="0" tests="1" time="3.355"><testcase classname="native:gnu.tests_xtimer_periodic_wakeup.test.tests.01-run" file="tests/01-run.py" line="12" name="testfunc" time="3.3411388397216797"><system-out>/home/cladmi/git/work/RIOT/tests/xtimer_periodic_wakeup/bin/native/tests_xtimer_periodic_wakeup.elf  
RIOT native interrupts/signals initialized.
LED_RED_OFF
LED_GREEN_ON
RIOT native board initialized.
RIOT native hardware initialization complete.

main(): This is RIOT! (Version: buildtest)
xtimer_periodic_wakeup test application.

Testing interval 256... (now=20)
Testing interval 255... (now=333)
Testing interval 254... (now=594)
Testing interval 253... (now=861)
Testing interval 252... (now=1124)
Testing interval 251... (now=1388)
Testing interval 250... (now=1655)
Testing interval 249... (now=1919)
Testing interval 248... (now=2179)
Testing interval 247... (now=2442)
Testing interval 246... (now=2711)
Testing interval 245... (now=2963)
Testing interval 244... (now=3213)
Testing interval 243... (now=3463)
Testing interval 242... (now=3714)
Testing interval 241... (now=3962)
Testing interval 240... (now=4210)
Testing interval 239... (now=4453)
Testing interval 238... (now=4696)
Testing interval 237... (now=4938)
Testing interval 236... (now=5178)
Testing interval 235... (now=5417)
Testing interval 234... (now=5656)
Testing interval 233... (now=5893)
Testing interval 232... (now=6130)
Testing interval 231... (now=6367)
Testing interval 230... (now=6612)
Testing interval 229... (now=6853)
Testing interval 228... (now=7093)
Testing interval 227... (now=7332)
Testing interval 226... (now=7579)
Testing interval 225... (now=7820)
Testing interval 224... (now=8060)
Testing interval 223... (now=8300)
Testing interval 222... (now=8528)
Testing interval 221... (now=8754)
Testing interval 220... (now=8978)
Testing interval 219... (now=9201)
Testing interval 218... (now=9422)
Testing interval 217... (now=9643)
Testing interval 216... (now=9862)
Testing interval 215... (now=10081)
Testing interval 214... (now=10299)
Testing interval 213... (now=10516)
Testing interval 212... (now=10732)
Testing interval 211... (now=10947)
Testing interval 210... (now=11161)
Testing interval 209... (now=11374)
Testing interval 208... (now=11587)
Testing interval 207... (now=11797)
Testing interval 206... (now=12007)
Testing interval 205... (now=12215)
Testing interval 204... (now=12423)
Testing interval 203... (now=12629)
Testing interval 202... (now=12835)
Testing interval 201... (now=13040)
Testing interval 200... (now=13244)
Testing interval 199... (now=13447)
Testing interval 198... (now=13649)
Testing interval 197... (now=13849)
Testing interval 196... (now=14049)
Testing interval 195... (now=14248)
Testing interval 194... (now=14445)
Testing interval 193... (now=14641)
Testing interval 192... (now=14838)
Testing interval 191... (now=15033)
Testing interval 190... (now=15226)
Testing interval 189... (now=15422)
Testing interval 188... (now=15615)
Testing interval 187... (now=15806)
Testing interval 186... (now=15996)
Testing interval 185... (now=16185)
Testing interval 184... (now=16373)
Testing interval 183... (now=16560)
Testing interval 182... (now=16773)
Testing interval 181... (now=16962)
Testing interval 180... (now=17147)
Testing interval 179... (now=17337)
Testing interval 178... (now=17526)
Testing interval 177... (now=17715)
Testing interval 176... (now=17902)
Testing interval 175... (now=18087)
Testing interval 174... (now=18272)
Testing interval 173... (now=18455)
Testing interval 172... (now=18645)
Testing interval 171... (now=18836)
Testing interval 170... (now=19021)
Testing interval 169... (now=19205)
Testing interval 168... (now=19390)
Testing interval 167... (now=19569)
Testing interval 166... (now=19746)
Testing interval 165... (now=19920)
Testing interval 164... (now=20093)
Testing interval 163... (now=20264)
Testing interval 162... (now=20437)
Testing interval 161... (now=20608)
Testing interval 160... (now=20774)
Testing interval 159... (now=20937)
Testing interval 158... (now=21099)
Testing interval 157... (now=21261)
Testing interval 156... (now=21423)
Testing interval 155... (now=21584)
Testing interval 154... (now=21744)
Testing interval 153... (now=21901)
Testing interval 152... (now=22057)
Testing interval 151... (now=22212)
Testing interval 150... (now=22369)
Testing interval 149... (now=22525)
Testing interval 148... (now=22678)
Testing interval 147... (now=22831)
Testing interval 146... (now=22985)
Testing interval 145... (now=23140)
Testing interval 144... (now=23291)
Testing interval 143... (now=23444)
Testing interval 142... (now=23594)
Testing interval 141... (now=23754)
Testing interval 140... (now=23902)
Testing interval 139... (now=24048)
Testing interval 138... (now=24194)
Testing interval 137... (now=24339)
Testing interval 136... (now=24483)
Testing interval 135... (now=24633)
Testing interval 134... (now=24791)
Testing interval 133... (now=24933)
Testing interval 132... (now=25079)
Testing interval 131... (now=25224)
Testing interval 130... (now=25363)
Testing interval 129... (now=25505)
Testing interval 128... (now=25646)
Testing interval 127... (now=25786)
Testing interval 126... (now=25918)
Testing interval 125... (now=26051)
Testing interval 124... (now=26183)
Testing interval 123... (now=26312)
Testing interval 122... (now=26441)
Testing interval 121... (now=26570)
Testing interval 120... (now=26695)
Testing interval 119... (now=26819)
Testing interval 118... (now=26943)
Testing interval 117... (now=27065)
Testing interval 116... (now=27187)
Testing interval 115... (now=27307)
Testing interval 114... (now=27425)
Testing interval 113... (now=27543)
Testing interval 112... (now=27660)
Testing interval 111... (now=27776)
Testing interval 110... (now=27891)
Testing interval 109... (now=28007)
Testing interval 108... (now=28124)
Testing interval 107... (now=28237)
Testing interval 106... (now=28348)
Testing interval 105... (now=28458)
Testing interval 104... (now=28566)
Testing interval 103... (now=28673)
Testing interval 102... (now=28779)
Testing interval 101... (now=28885)
Testing interval 100... (now=28989)
Testing interval 99... (now=29095)
Testing interval 98... (now=29198)
Testing interval 97... (now=29300)
Testing interval 96... (now=29400)
Testing interval 95... (now=29500)
Testing interval 94... (now=29599)
Testing interval 93... (now=29697)
Testing interval 92... (now=29793)
Testing interval 91... (now=29889)
Testing interval 90... (now=29985)
Testing interval 89... (now=30079)
Testing interval 88... (now=30172)
Testing interval 87... (now=30264)
Testing interval 86... (now=30354)
Testing interval 85... (now=30444)
Testing interval 84... (now=30533)
Testing interval 83... (now=30623)
Testing interval 82... (now=30712)
Testing interval 81... (now=30798)
Testing interval 80... (now=30884)
Testing interval 79... (now=30968)
Testing interval 78... (now=31051)
Testing interval 77... (now=31133)
Testing interval 76... (now=31214)
Testing interval 75... (now=31293)
Testing interval 74... (now=31373)
Testing interval 73... (now=31451)
Testing interval 72... (now=31528)
Testing interval 71... (now=31604)
Testing interval 70... (now=31679)
Testing interval 69... (now=31755)
Testing interval 68... (now=31829)
Testing interval 67... (now=31901)
Testing interval 66... (now=31972)
Testing interval 65... (now=32043)
Testing interval 64... (now=32113)
Testing interval 63... (now=32186)
Testing interval 62... (now=32257)
Testing interval 61... (now=32324)
Testing interval 60... (now=32388)
Testing interval 59... (now=32452)
Testing interval 58... (now=32515)
Testing interval 57... (now=32577)
Testing interval 56... (now=32638)
Testing interval 55... (now=32698)
Testing interval 54... (now=32757)
Testing interval 53... (now=32815)
Testing interval 52... (now=32872)
Testing interval 51... (now=32928)
Testing interval 50... (now=32983)
Testing interval 49... (now=33037)
Testing interval 48... (now=33090)
Testing interval 47... (now=33142)
Testing interval 46... (now=33193)
Testing interval 45... (now=33243)
Testing interval 44... (now=33292)
Testing interval 43... (now=33340)
Testing interval 42... (now=33387)
Testing interval 41... (now=33442)
Testing interval 40... (now=33490)
Testing interval 39... (now=33535)
Testing interval 38... (now=33580)
Testing interval 37... (now=33626)
Testing interval 36... (now=33669)
Testing interval 35... (now=33713)
Testing interval 34... (now=33756)
Testing interval 33... (now=33798)
Testing interval 32... (now=33837)
Testing interval 31... (now=33876)
Testing interval 30... (now=33914)
Testing interval 29... (now=33952)
Testing interval 28... (now=33988)
Testing interval 27... (now=34023)
Testing interval 26... (now=34057)
Testing interval 25... (now=34089)
Testing interval 24... (now=34120)
Testing interval 23... (now=34150)
Testing interval 22... (now=34180)
Testing interval 21... (now=34209)
Testing interval 20... (now=34238)
Testing interval 19... (now=34264)
Testing interval 18... (now=34290)
Testing interval 17... (now=34314)
Testing interval 16... (now=34338)
Testing interval 15... (now=34361)
Testing interval 14... (now=34383)
Testing interval 13... (now=34403)
Testing interval 12... (now=34423)
Testing interval 11... (now=34442)
Testing interval 10... (now=34459)
Testing interval 9... (now=34476)
Testing interval 8... (now=34491)
Testing interval 7... (now=34506)
Testing interval 6... (now=34520)
Testing interval 5... (now=34533)
Testing interval 4... (now=34546)
Testing interval 3... (now=34557)
Testing interval 2... (now=34568)
Testing interval 1... (now=34584)
 256 diff=0
 255 diff=0
 254 diff=2
 253 diff=0
 252 diff=0
 251 diff=1
 250 diff=0
 249 diff=0
 248 diff=0
 247 diff=0
 246 diff=0
 245 diff=0
 244 diff=0
 243 diff=0
 242 diff=0
 241 diff=0
 240 diff=0
 239 diff=0
 238 diff=0
 237 diff=0
 236 diff=0
 235 diff=0
 234 diff=0
 233 diff=0
 232 diff=0
 231 diff=0
 230 diff=1
 229 diff=0
 228 diff=0
 227 diff=1
 226 diff=0
 225 diff=1
 224 diff=0
 223 diff=0
 222 diff=0
 221 diff=0
 220 diff=0
 219 diff=0
 218 diff=1
 217 diff=0
 216 diff=1
 215 diff=0
 214 diff=0
 213 diff=1
 212 diff=0
 211 diff=1
 210 diff=0
 209 diff=1
 208 diff=0
 207 diff=1
 206 diff=0
 205 diff=0
 204 diff=0
 203 diff=0
 202 diff=0
 201 diff=0
 200 diff=0
 199 diff=0
 198 diff=0
 197 diff=0
 196 diff=1
 195 diff=0
 194 diff=0
 193 diff=0
 192 diff=0
 191 diff=0
 190 diff=1
 189 diff=0
 188 diff=0
 187 diff=0
 186 diff=0
 185 diff=0
 184 diff=0
 183 diff=27
 182 diff=0
 181 diff=0
 180 diff=0
 179 diff=0
 178 diff=0
 177 diff=0
 176 diff=0
 175 diff=0
 174 diff=0
 173 diff=0
 172 diff=0
 171 diff=0
 170 diff=0
 169 diff=1
 168 diff=1
 167 diff=0
 166 diff=0
 165 diff=0
 164 diff=1
 163 diff=0
 162 diff=0
 161 diff=0
 160 diff=0
 159 diff=0
 158 diff=0
 157 diff=0
 156 diff=0
 155 diff=0
 154 diff=0
 153 diff=0
 152 diff=0
 151 diff=0
 150 diff=0
 149 diff=0
 148 diff=0
 147 diff=0
 146 diff=1
 145 diff=0
 144 diff=0
 143 diff=1
 142 diff=0
 141 diff=0
 140 diff=0
 139 diff=0
 138 diff=0
 137 diff=0
 136 diff=5
 135 diff=0
 134 diff=0
 133 diff=0
 132 diff=1
 131 diff=0
 130 diff=0
 129 diff=0
 128 diff=0
 127 diff=0
 126 diff=0
 125 diff=1
 124 diff=0
 123 diff=0
 122 diff=0
 121 diff=0
 120 diff=0
 119 diff=0
 118 diff=0
 117 diff=1
 116 diff=0
 115 diff=0
 114 diff=0
 113 diff=0
 112 diff=0
 111 diff=0
 110 diff=0
 109 diff=0
 108 diff=0
 107 diff=0
 106 diff=0
 105 diff=0
 104 diff=0
 103 diff=0
 102 diff=0
 101 diff=0
 100 diff=1
  99 diff=0
  98 diff=0
  97 diff=0
  96 diff=0
  95 diff=0
  94 diff=0
  93 diff=0
  92 diff=0
  91 diff=1
  90 diff=0
  89 diff=0
  88 diff=0
  87 diff=0
  86 diff=0
  85 diff=0
  84 diff=0
  83 diff=0
  82 diff=0
  81 diff=0
  80 diff=0
  79 diff=0
  78 diff=0
  77 diff=0
  76 diff=0
  75 diff=0
  74 diff=0
  73 diff=0
  72 diff=0
  71 diff=0
  70 diff=1
  69 diff=0
  68 diff=0
  67 diff=0
  66 diff=0
  65 diff=0
  64 diff=0
  63 diff=0
  62 diff=0
  61 diff=0
  60 diff=0
  59 diff=0
  58 diff=0
  57 diff=0
  56 diff=0
  55 diff=0
  54 diff=0
  53 diff=0
  52 diff=0
  51 diff=0
  50 diff=0
  49 diff=0
  48 diff=0
  47 diff=0
  46 diff=0
  45 diff=0
  44 diff=0
  43 diff=0
  42 diff=8
  41 diff=0
  40 diff=1
  39 diff=0
  38 diff=0
  37 diff=0
  36 diff=1
  35 diff=1
  34 diff=0
  33 diff=0
  32 diff=0
  31 diff=0
  30 diff=0
  29 diff=0
  28 diff=0
  27 diff=0
  26 diff=0
  25 diff=0
  24 diff=0
  23 diff=0
  22 diff=0
  21 diff=0
  20 diff=0
  19 diff=0
  18 diff=0
  17 diff=0
  16 diff=0
  15 diff=0
  14 diff=0
  13 diff=0
  12 diff=0
  11 diff=0
  10 diff=1
   9 diff=0
   8 diff=0
   7 diff=0
   6 diff=0
   5 diff=0
   4 diff=0
   3 diff=0
   2 diff=0
   1 diff=0

Min/max error: 0/27

Test complete.

</system-out></testcase></testsuite>