<?xml version="1.0" encoding="utf-8"?><testsuite errors="0" failures="0" name="native.gnu.tests_xtimer_periodic_wakeup" skips="0" tests="1" time="3.283"><testcase classname="native.gnu.tests_xtimer_periodic_wakeup.test.tests.01-run" file="tests/01-run.py" line="12" name="testfunc" time="3.2736756801605225"><system-out>/home/cladmi/git/work/RIOT/tests/xtimer_periodic_wakeup/bin/native/tests_xtimer_periodic_wakeup.elf  
RIOT native interrupts/signals initialized.
LED_RED_OFF
LED_GREEN_ON
RIOT native board initialized.
RIOT native hardware initialization complete.

main(): This is RIOT! (Version: buildtest)
xtimer_periodic_wakeup test application.

Testing interval 256... (now=8)
Testing interval 255... (now=300)
Testing interval 254... (now=557)
Testing interval 253... (now=812)
Testing interval 252... (now=1066)
Testing interval 251... (now=1320)
Testing interval 250... (now=1572)
Testing interval 249... (now=1823)
Testing interval 248... (now=2073)
Testing interval 247... (now=2322)
Testing interval 246... (now=2570)
Testing interval 245... (now=2817)
Testing interval 244... (now=3065)
Testing interval 243... (now=3431)
Testing interval 242... (now=3678)
Testing interval 241... (now=3927)
Testing interval 240... (now=4175)
Testing interval 239... (now=4418)
Testing interval 238... (now=4664)
Testing interval 237... (now=4905)
Testing interval 236... (now=5147)
Testing interval 235... (now=5386)
Testing interval 234... (now=5624)
Testing interval 233... (now=5860)
Testing interval 232... (now=6097)
Testing interval 231... (now=6335)
Testing interval 230... (now=6572)
Testing interval 229... (now=6804)
Testing interval 228... (now=7035)
Testing interval 227... (now=7265)
Testing interval 226... (now=7494)
Testing interval 225... (now=7722)
Testing interval 224... (now=7949)
Testing interval 223... (now=8175)
Testing interval 222... (now=8400)
Testing interval 221... (now=8624)
Testing interval 220... (now=8847)
Testing interval 219... (now=9077)
Testing interval 218... (now=9297)
Testing interval 217... (now=9516)
Testing interval 216... (now=9735)
Testing interval 215... (now=9953)
Testing interval 214... (now=10169)
Testing interval 213... (now=10384)
Testing interval 212... (now=10598)
Testing interval 211... (now=10811)
Testing interval 210... (now=11023)
Testing interval 209... (now=11234)
Testing interval 208... (now=11445)
Testing interval 207... (now=11654)
Testing interval 206... (now=11862)
Testing interval 205... (now=12069)
Testing interval 204... (now=12275)
Testing interval 203... (now=12480)
Testing interval 202... (now=12684)
Testing interval 201... (now=12887)
Testing interval 200... (now=13090)
Testing interval 199... (now=13458)
Testing interval 198... (now=13661)
Testing interval 197... (now=13862)
Testing interval 196... (now=14063)
Testing interval 195... (now=14261)
Testing interval 194... (now=14458)
Testing interval 193... (now=14654)
Testing interval 192... (now=14849)
Testing interval 191... (now=15042)
Testing interval 190... (now=15234)
Testing interval 189... (now=15425)
Testing interval 188... (now=15615)
Testing interval 187... (now=15804)
Testing interval 186... (now=15992)
Testing interval 185... (now=16179)
Testing interval 184... (now=16366)
Testing interval 183... (now=16551)
Testing interval 182... (now=16735)
Testing interval 181... (now=16918)
Testing interval 180... (now=17100)
Testing interval 179... (now=17281)
Testing interval 178... (now=17462)
Testing interval 177... (now=17642)
Testing interval 176... (now=17820)
Testing interval 175... (now=17997)
Testing interval 174... (now=18173)
Testing interval 173... (now=18348)
Testing interval 172... (now=18522)
Testing interval 171... (now=18695)
Testing interval 170... (now=18868)
Testing interval 169... (now=19061)
Testing interval 168... (now=19232)
Testing interval 167... (now=19401)
Testing interval 166... (now=19570)
Testing interval 165... (now=19737)
Testing interval 164... (now=19903)
Testing interval 163... (now=20068)
Testing interval 162... (now=20233)
Testing interval 161... (now=20397)
Testing interval 160... (now=20559)
Testing interval 159... (now=20720)
Testing interval 158... (now=20880)
Testing interval 157... (now=21040)
Testing interval 156... (now=21199)
Testing interval 155... (now=21356)
Testing interval 154... (now=21512)
Testing interval 153... (now=21667)
Testing interval 152... (now=21821)
Testing interval 151... (now=21974)
Testing interval 150... (now=22126)
Testing interval 149... (now=22277)
Testing interval 148... (now=22427)
Testing interval 147... (now=22577)
Testing interval 146... (now=22727)
Testing interval 145... (now=22875)
Testing interval 144... (now=23022)
Testing interval 143... (now=23167)
Testing interval 142... (now=23444)
Testing interval 141... (now=23587)
Testing interval 140... (now=23729)
Testing interval 139... (now=23870)
Testing interval 138... (now=24010)
Testing interval 137... (now=24149)
Testing interval 136... (now=24288)
Testing interval 135... (now=24425)
Testing interval 134... (now=24561)
Testing interval 133... (now=24696)
Testing interval 132... (now=24831)
Testing interval 131... (now=24964)
Testing interval 130... (now=25096)
Testing interval 129... (now=25227)
Testing interval 128... (now=25358)
Testing interval 127... (now=25487)
Testing interval 126... (now=25616)
Testing interval 125... (now=25744)
Testing interval 124... (now=25871)
Testing interval 123... (now=25996)
Testing interval 122... (now=26120)
Testing interval 121... (now=26250)
Testing interval 120... (now=26373)
Testing interval 119... (now=26495)
Testing interval 118... (now=26616)
Testing interval 117... (now=26735)
Testing interval 116... (now=26853)
Testing interval 115... (now=26970)
Testing interval 114... (now=27086)
Testing interval 113... (now=27201)
Testing interval 112... (now=27315)
Testing interval 111... (now=27428)
Testing interval 110... (now=27540)
Testing interval 109... (now=27651)
Testing interval 108... (now=27761)
Testing interval 107... (now=27871)
Testing interval 106... (now=27979)
Testing interval 105... (now=28087)
Testing interval 104... (now=28198)
Testing interval 103... (now=28304)
Testing interval 102... (now=28408)
Testing interval 101... (now=28511)
Testing interval 100... (now=28613)
Testing interval 99... (now=28715)
Testing interval 98... (now=28815)
Testing interval 97... (now=28914)
Testing interval 96... (now=29012)
Testing interval 95... (now=29110)
Testing interval 94... (now=29207)
Testing interval 93... (now=29302)
Testing interval 92... (now=29396)
Testing interval 91... (now=29492)
Testing interval 90... (now=29589)
Testing interval 89... (now=29721)
Testing interval 88... (now=29813)
Testing interval 87... (now=29903)
Testing interval 86... (now=29992)
Testing interval 85... (now=30079)
Testing interval 84... (now=30166)
Testing interval 83... (now=30251)
Testing interval 82... (now=30336)
Testing interval 81... (now=30420)
Testing interval 80... (now=30503)
Testing interval 79... (now=30585)
Testing interval 78... (now=30668)
Testing interval 77... (now=30749)
Testing interval 76... (now=30828)
Testing interval 75... (now=30906)
Testing interval 74... (now=30984)
Testing interval 73... (now=31060)
Testing interval 72... (now=31135)
Testing interval 71... (now=31209)
Testing interval 70... (now=31282)
Testing interval 69... (now=31354)
Testing interval 68... (now=31425)
Testing interval 67... (now=31495)
Testing interval 66... (now=31564)
Testing interval 65... (now=31632)
Testing interval 64... (now=31699)
Testing interval 63... (now=31765)
Testing interval 62... (now=31830)
Testing interval 61... (now=31894)
Testing interval 60... (now=31957)
Testing interval 59... (now=32019)
Testing interval 58... (now=32080)
Testing interval 57... (now=32140)
Testing interval 56... (now=32199)
Testing interval 55... (now=32258)
Testing interval 54... (now=32315)
Testing interval 53... (now=32371)
Testing interval 52... (now=32426)
Testing interval 51... (now=32480)
Testing interval 50... (now=32533)
Testing interval 49... (now=32585)
Testing interval 48... (now=32636)
Testing interval 47... (now=32686)
Testing interval 46... (now=32735)
Testing interval 45... (now=32784)
Testing interval 44... (now=32831)
Testing interval 43... (now=32877)
Testing interval 42... (now=32921)
Testing interval 41... (now=32965)
Testing interval 40... (now=33008)
Testing interval 39... (now=33049)
Testing interval 38... (now=33090)
Testing interval 37... (now=33130)
Testing interval 36... (now=33169)
Testing interval 35... (now=33207)
Testing interval 34... (now=33244)
Testing interval 33... (now=33280)
Testing interval 32... (now=33495)
Testing interval 31... (now=33531)
Testing interval 30... (now=33564)
Testing interval 29... (now=33596)
Testing interval 28... (now=33627)
Testing interval 27... (now=33657)
Testing interval 26... (now=33686)
Testing interval 25... (now=33714)
Testing interval 24... (now=33741)
Testing interval 23... (now=33767)
Testing interval 22... (now=33792)
Testing interval 21... (now=33816)
Testing interval 20... (now=33839)
Testing interval 19... (now=33861)
Testing interval 18... (now=33882)
Testing interval 17... (now=33902)
Testing interval 16... (now=33921)
Testing interval 15... (now=33939)
Testing interval 14... (now=33956)
Testing interval 13... (now=33972)
Testing interval 12... (now=33987)
Testing interval 11... (now=34001)
Testing interval 10... (now=34014)
Testing interval 9... (now=34026)
Testing interval 8... (now=34037)
Testing interval 7... (now=34047)
Testing interval 6... (now=34056)
Testing interval 5... (now=34064)
Testing interval 4... (now=34071)
Testing interval 3... (now=34076)
Testing interval 2... (now=34081)
Testing interval 1... (now=34084)
 256 diff=0
 255 diff=0
 254 diff=0
 253 diff=0
 252 diff=0
 251 diff=0
 250 diff=0
 249 diff=0
 248 diff=0
 247 diff=0
 246 diff=0
 245 diff=0
 244 diff=120
 243 diff=0
 242 diff=0
 241 diff=1
 240 diff=0
 239 diff=1
 238 diff=0
 237 diff=0
 236 diff=0
 235 diff=0
 234 diff=0
 233 diff=0
 232 diff=0
 231 diff=0
 230 diff=0
 229 diff=0
 228 diff=0
 227 diff=0
 226 diff=0
 225 diff=0
 224 diff=0
 223 diff=0
 222 diff=0
 221 diff=0
 220 diff=8
 219 diff=0
 218 diff=0
 217 diff=0
 216 diff=1
 215 diff=0
 214 diff=0
 213 diff=0
 212 diff=0
 211 diff=0
 210 diff=0
 209 diff=1
 208 diff=0
 207 diff=0
 206 diff=0
 205 diff=0
 204 diff=0
 203 diff=0
 202 diff=0
 201 diff=0
 200 diff=167
 199 diff=0
 198 diff=0
 197 diff=0
 196 diff=0
 195 diff=0
 194 diff=0
 193 diff=0
 192 diff=0
 191 diff=0
 190 diff=0
 189 diff=0
 188 diff=0
 187 diff=0
 186 diff=0
 185 diff=0
 184 diff=0
 183 diff=0
 182 diff=0
 181 diff=0
 180 diff=0
 179 diff=1
 178 diff=0
 177 diff=0
 176 diff=0
 175 diff=0
 174 diff=0
 173 diff=0
 172 diff=0
 171 diff=1
 170 diff=22
 169 diff=0
 168 diff=0
 167 diff=0
 166 diff=0
 165 diff=0
 164 diff=0
 163 diff=0
 162 diff=0
 161 diff=0
 160 diff=0
 159 diff=0
 158 diff=0
 157 diff=1
 156 diff=0
 155 diff=0
 154 diff=0
 153 diff=0
 152 diff=0
 151 diff=0
 150 diff=0
 149 diff=0
 148 diff=0
 147 diff=0
 146 diff=0
 145 diff=0
 144 diff=0
 143 diff=133
 142 diff=0
 141 diff=0
 140 diff=0
 139 diff=0
 138 diff=0
 137 diff=0
 136 diff=0
 135 diff=0
 134 diff=0
 133 diff=1
 132 diff=0
 131 diff=0
 130 diff=0
 129 diff=1
 128 diff=0
 127 diff=1
 126 diff=1
 125 diff=1
 124 diff=0
 123 diff=0
 122 diff=6
 121 diff=0
 120 diff=1
 119 diff=1
 118 diff=0
 117 diff=0
 116 diff=0
 115 diff=0
 114 diff=0
 113 diff=0
 112 diff=0
 111 diff=0
 110 diff=0
 109 diff=0
 108 diff=0
 107 diff=0
 106 diff=1
 105 diff=5
 104 diff=0
 103 diff=0
 102 diff=0
 101 diff=0
 100 diff=1
  99 diff=0
  98 diff=0
  97 diff=0
  96 diff=1
  95 diff=0
  94 diff=0
  93 diff=0
  92 diff=0
  91 diff=0
  90 diff=39
  89 diff=0
  88 diff=0
  87 diff=0
  86 diff=0
  85 diff=0
  84 diff=0
  83 diff=0
  82 diff=0
  81 diff=0
  80 diff=0
  79 diff=1
  78 diff=0
  77 diff=0
  76 diff=0
  75 diff=0
  74 diff=0
  73 diff=0
  72 diff=0
  71 diff=0
  70 diff=0
  69 diff=0
  68 diff=0
  67 diff=0
  66 diff=0
  65 diff=0
  64 diff=0
  63 diff=0
  62 diff=0
  61 diff=0
  60 diff=0
  59 diff=0
  58 diff=0
  57 diff=0
  56 diff=0
  55 diff=0
  54 diff=0
  53 diff=0
  52 diff=0
  51 diff=0
  50 diff=0
  49 diff=0
  48 diff=0
  47 diff=0
  46 diff=0
  45 diff=0
  44 diff=0
  43 diff=0
  42 diff=0
  41 diff=0
  40 diff=0
  39 diff=0
  38 diff=0
  37 diff=0
  36 diff=0
  35 diff=0
  34 diff=0
  33 diff=180
  32 diff=0
  31 diff=0
  30 diff=0
  29 diff=0
  28 diff=0
  27 diff=0
  26 diff=0
  25 diff=0
  24 diff=0
  23 diff=0
  22 diff=0
  21 diff=0
  20 diff=0
  19 diff=0
  18 diff=0
  17 diff=0
  16 diff=0
  15 diff=0
  14 diff=0
  13 diff=0
  12 diff=0
  11 diff=0
  10 diff=0
   9 diff=0
   8 diff=0
   7 diff=0
   6 diff=0
   5 diff=0
   4 diff=0
   3 diff=0
   2 diff=0
   1 diff=0

Min/max error: 0/180

Test complete.

</system-out></testcase></testsuite>