<?xml version="1.0" encoding="utf-8"?><testsuite errors="1" failures="0" name="native" skips="0" tests="1" time="0.070"><testcase classname="native.tests_gnrc_ipv6_ext.test" file="tests/01-run.py" name="tests.01-run" time="0"><error message="collection failure">ImportError while importing test module &apos;/home/cladmi/git/work/RIOT/tests/gnrc_ipv6_ext/tests/01-run.py&apos;.
Hint: make sure your test modules/packages have valid Python names.
Traceback:
tests/01-run.py:14: in &lt;module&gt;
    from scapy.all import Ether, IPv6, UDP, \
E   ModuleNotFoundError: No module named &apos;scapy&apos;</error></testcase></testsuite>