<?xml version="1.0" encoding="utf-8"?><testsuite errors="0" failures="0" name="native.gnu" skips="0" tests="1" time="11.160"><testcase classname="native.gnu.native.gnu.tests.01-run" file="tests/01-run.py" line="12" name="testfunc" time="11.138202905654907"><system-out>/home/cladmi/git/work/RIOT/tests/pthread_condition_variable/bin/native/tests_pthread_condition_variable.elf  
RIOT native interrupts/signals initialized.
LED_RED_OFF
LED_GREEN_ON
RIOT native board initialized.
RIOT native hardware initialization complete.

main(): This is RIOT! (Version: buildtest)
START
Still alive alternated [count: 100k] times.
Still alive alternated [count: 200k] times.
Still alive alternated [count: 300k] times.
Still alive alternated [count: 400k] times.
Still alive alternated [count: 500k] times.
Still alive alternated [count: 600k] times.
Still alive alternated [count: 700k] times.
Still alive alternated [count: 800k] times.
Still alive alternated [count: 900k] times.
Still alive alternated [count: 1000k] times.
condition fulfilled.
SUCCESS

</system-out></testcase></testsuite>