<?xml version="1.0" encoding="utf-8"?><testsuite errors="0" failures="0" name="riot_tests" skips="0" tests="1" time="5.751"><properties><property name="RIOT_VERSION" value="2019.04-devel-319-g00c71-pr/wip/pytest"/></properties><testcase classname="test.iotlab-m3" file="tests/01-run.py" line="6" name="test.iotlab-m3.tests_thread_flags.tests.01-run.testfunc" time="5.7400898933410645"><system-out>ssh -t harter@grenoble.iot-lab.info &apos;socat - tcp:m3-8.grenoble.iot-lab.info:20000&apos;
�main(): This is RIOT! (Version: buildtest)
START
thread(): waiting for 0x1...
main(): setting flag 0x0001
thread(): received flags: 0x0001
thread(): waiting for 0x1 || 0x64...
main(): setting flag 0x0064
thread(): received flags: 0x0064
thread(): waiting for 0x2 &amp;&amp; 0x4...
main(): setting flag 0x0001
main(): setting flag 0x0008
main(): setting flag 0x0002
main(): setting flag 0x0004
thread(): received flags: 0x0006
thread(): waiting for any flag, one by one
thread(): received flags: 0x0001
thread(): waiting for any flag, one by one
thread(): received flags: 0x0008
main: setting 100ms timeout...
main: timeout triggered. time passed: 100014us
SUCCESS
�main(): This is RIOT! (Version: buildtest)
START
thread(): waiting for 0x1...
main(): setting flag 0x0001
thread(): received flags: 0x0001
thread(): waiting for 0x1 || 0x64...
main(): setting flag 0x0064
thread(): received flags: 0x0064
thread(): waiting for 0x2 &amp;&amp; 0x4...
main(): setting flag 0x0001
main(): setting flag 0x0008
main(): setting flag 0x0002
main(): setting flag 0x0004
thread(): received flags: 0x0006
thread(): waiting for any flag, one by one
thread(): received flags: 0x0001
thread(): waiting for any flag, one by one
thread(): received flags: 0x0008
main: setting 100ms timeout...
main: timeout triggered. time passed: 100014us
SUCCESS

</system-out></testcase></testsuite>