<?xml version="1.0" encoding="utf-8"?><testsuite errors="0" failures="0" name="nrf52dk" skips="0" tests="1" time="4.279"><properties><property name="RIOT_VERSION" value="2019.07-devel-249-g5bb49-HEAD"/></properties><testcase classname="nrf52dk.tests_thread_msg_block_wo_queue" file="tests/01-run.py" line="12" name="test.tests.01-run.testfunc" time="4.2624828815460205"><system-out>ssh -t iotlab@saclay.iot-lab.info &apos;socat - tcp:nrf52dk-1.saclay.iot-lab.info:20000&apos;
main(): This is RIOT! (Version: buildtest)
sender_thread start
main thread alive

</system-out></testcase></testsuite>