<?xml version="1.0" encoding="utf-8"?><testsuite errors="0" failures="0" name="iotlab-m3" skips="0" tests="1" time="6.271"><properties><property name="RIOT_VERSION" value="2019.07-devel-249-g5bb49-HEAD"/></properties><testcase classname="iotlab-m3.tests_ps_schedstatistics" file="tests/01-run.py" line="57" name="test.tests.01-run.testfunc" time="6.229254961013794"><system-out>ssh -t iotlab@saclay.iot-lab.info &apos;socat - tcp:m3-1.saclay.iot-lab.info:20000&apos;
�main(): This is RIOT! (Version: buildtest)
Creating thread #0, next=1
Creating thread #1, next=2
Creating thread #2, next=3
Creating thread #3, next=4
Creating thread #4, next=0
�main(): This is RIOT! (Version: buildtest)
Creating thread #0, next=1
Creating thread #1, next=2
Creating thread #2, next=3
Creating thread #3, next=4
Creating thread #4, next=0

&gt; 
&gt; help
help
Command              Description
---------------------------------------
reboot               Reboot the node
ps                   Prints information about running threads.
ps
&gt; ps
	pid | name                 | state    Q | pri | stack  ( used) | base addr  | current     | runtime  | switches
	  - | isr_stack            | -        - |   - |    512 (  144) | 0x20000000 | 0x200001c8
	  1 | idle                 | pending  Q |  15 |    256 (  132) | 0x20000768 | 0x200007e4  | 99.996% |      1149
	  2 | main                 | running  Q |   7 |   1536 (  780) | 0x20000868 | 0x20000b74  |  0.000% |       125
	  3 | thread               | bl rx    _ |   6 |   1024 (  388) | 0
</system-out></testcase></testsuite>