<?xml version="1.0" encoding="utf-8"?><testsuite errors="0" failures="0" name="native.gnu.tests_unittests" skips="0" tests="1" time="3.297"><testcase classname="native.gnu.tests_unittests.test.tests.01-run" file="tests/01-run.py" line="12" name="testfunc" time="3.2887964248657227"><system-out>/home/cladmi/git/work/RIOT/tests/unittests/bin/native/tests_unittests.elf  
RIOT native interrupts/signals initialized.
LED_RED_OFF
LED_GREEN_ON
RIOT native board initialized.
RIOT native hardware initialization complete.

main(): This is RIOT! (Version: buildtest)
............................................................................................................................................................................................................................................................................................................................................................................................................................................................................................................................................................................................................................................................................................................................................................................................................................................................................................................................................................................
OK (940 tests)

</system-out></testcase></testsuite>