<?xml version="1.0" encoding="utf-8"?><testsuite errors="0" failures="0" name="b-l475e-iot01a" skips="0" tests="1" time="4.378"><properties><property name="RIOT_VERSION" value="2019.07-devel-249-g5bb49-HEAD"/></properties><testcase classname="b-l475e-iot01a.tests_xtimer_now64_continuity" file="tests/01-run.py" line="12" name="test.tests.01-run.testfunc" time="4.3580403327941895"><system-out>ssh -t iotlab@saclay.iot-lab.info &apos;socat - tcp:st-iotnode-1.saclay.iot-lab.info:20000&apos;
meout!
Message: 42
Timeout!
Message: 42
Timeout!
Message: 42
Timeout!
Message: 42
Timeout!
[SUCCESS]
��in(): This is RIOT! (Version: buildtest)
[START]
[RESULTS] min=1, avg=1, max=2
[SUCCESS]
��in(): This is RIOT! (Version: buildtest)
[START]

</system-out></testcase></testsuite>