<?xml version="1.0" encoding="utf-8"?><testsuite errors="0" failures="0" name="native.gnu" skips="0" tests="1" time="3.368"><testcase classname="native.gnu.tests_pkg_hacl.test.tests.01-run" file="tests/01-run.py" line="17" name="testfunc" time="3.353825330734253"><system-out>/home/cladmi/git/work/RIOT/tests/pkg_hacl/bin/native/tests_pkg_hacl.elf  
RIOT native interrupts/signals initialized.
LED_RED_OFF
LED_GREEN_ON
RIOT native board initialized.
RIOT native hardware initialization complete.

main(): This is RIOT! (Version: buildtest)
.
OK (1 tests)

</system-out></testcase></testsuite>