<?xml version="1.0" encoding="utf-8"?><testsuite errors="0" failures="0" name="b-l475e-iot01a.tests_pkg_ubasic" skips="0" tests="1" time="38.494"><properties><property name="RIOT_VERSION" value="2019.07-devel-249-g5bb49-HEAD"/></properties><testcase classname="b-l475e-iot01a.tests_pkg_ubasic" file="tests/01-run.py" line="12" name="test.tests.01-run.testfunc" time="38.477012395858765"><system-out>ssh -t iotlab@saclay.iot-lab.info &apos;socat - tcp:st-iotnode-1.saclay.iot-lab.info:20000&apos;
00|                                                |
02|                                                |
04|                                                |
06|                                                |
08|                                                |
10|      █████▐▋  ▐▋▐▋ ▟██▖                        |
12|        █  ▐▋  ▐▋▐▋▐▛ ▝█               main(): This is RIOT! (Version: buildtest)
Running test #1... done. Run time:  s
Running test #2... done. Run time:  s
Running test #3... done. Run time:  s
Running test #4... done. Run time:  s
Running test #5... done. Run time:  s

</system-out></testcase></testsuite>