<?xml version="1.0" encoding="utf-8"?><testsuite errors="0" failures="0" name="native.gnu" skips="0" tests="1" time="3.335"><testcase classname="native.gnu.trace.test.tests.01-run" file="tests/01-run.py" line="12" name="testfunc" time="3.3238260746002197"><system-out>/home/cladmi/git/work/RIOT/tests/trace/bin/native/trace.elf  
RIOT native interrupts/signals initialized.
LED_RED_OFF
LED_GREEN_ON
RIOT native board initialized.
RIOT native hardware initialization complete.

main(): This is RIOT! (Version: buildtest)
TRACE_SIZE: 4
0x565e6aa9
0x565e6b58
0xf7c7427b
0x565e6f51
All tests successful

</system-out></testcase></testsuite>