<?xml version="1.0" encoding="utf-8"?><testsuite errors="0" failures="0" name="samr21-xpro.tests_pkg_cn-cbor" skips="0" tests="1" time="4.884"><properties><property name="RIOT_VERSION" value="2019.07-devel-249-g5bb49-HEAD"/></properties><testcase classname="samr21-xpro.tests_pkg_cn-cbor" file="tests/01-run.py" line="12" name="test.tests.01-run.testfunc" time="4.868488073348999"><system-out>ssh -t iotlab@saclay.iot-lab.info &apos;socat - tcp:samr21-1.saclay.iot-lab.info:20000&apos;
main(): This is RIOT! (Version: buildtest)
..
OK (2 tests)

</system-out></testcase></testsuite>