<?xml version="1.0" encoding="utf-8"?><testsuite errors="0" failures="0" name="native.gnu" skips="0" tests="1" time="3.372"><testcase classname="native.gnu.tests_cpp11_condition_variable.test.tests.01-run" file="tests/01-run.py" line="13" name="testfunc" time="3.362694025039673"><system-out>/home/cladmi/git/work/RIOT/tests/cpp11_condition_variable/bin/native/tests_cpp11_condition_variable.elf  
RIOT native interrupts/signals initialized.
LED_RED_OFF
LED_GREEN_ON
RIOT native board initialized.
RIOT native hardware initialization complete.

main(): This is RIOT! (Version: buildtest)

************ C++ condition_variable test ***********
Wait with predicate and notify one ... 
Done

Wait and notify all ...
Done

Wait for ...
Done

Wait until ...
Done

Bye, bye. 
******************************************************


</system-out></testcase></testsuite>