<?xml version="1.0" encoding="utf-8"?><testsuite errors="0" failures="0" name="native.gnu" skips="0" tests="1" time="3.368"><testcase classname="native.gnu.tests_bloom_bytes.test.tests.01-run" file="tests/01-run.py" line="15" name="testfunc" time="3.359649181365967"><system-out>/home/cladmi/git/work/RIOT/tests/bloom_bytes/bin/native/tests_bloom_bytes.elf  
RIOT native interrupts/signals initialized.
LED_RED_OFF
LED_GREEN_ON
RIOT native board initialized.
RIOT native hardware initialization complete.

main(): This is RIOT! (Version: 2019.04-devel-319-g00c71-pr/wip/pytest)
Testing Bloom filter.

m: 4096 k: 8

adding 512 elements took 3ms
checking 10000 elements took 30ms

267 elements probably in the filter.
9733 elements not in the filter.
0.026699 false positive rate.

All done!

</system-out></testcase></testsuite>