<?xml version="1.0" encoding="utf-8"?><testsuite errors="0" failures="0" name="native.gnu" skips="0" tests="1" time="4.278"><testcase classname="native.gnu.tests_evtimer_msg.test.tests.01-run" file="tests/01-run.py" line="15" name="testfunc" time="4.264855861663818"><system-out>/home/cladmi/git/work/RIOT/tests/evtimer_msg/bin/native/tests_evtimer_msg.elf  
RIOT native interrupts/signals initialized.
LED_RED_OFF
LED_GREEN_ON
RIOT native board initialized.
RIOT native hardware initialization complete.

main(): This is RIOT! (Version: buildtest)
Testing generic evtimer (start time = 0 ms)
Are the reception times of all 4 msgs close to the supposed values?
If yes, the tests were successful
At    659 ms received msg 0: &quot;supposed to be 659&quot;
At   1000 ms received msg 1: &quot;supposed to be 1000&quot;
At   1500 ms received msg 2: &quot;supposed to be 1500&quot;
...At   3954 ms received msg 3: &quot;supposed to be 3954&quot;
.
All tests successful

</system-out></testcase></testsuite>