<?xml version="1.0" encoding="utf-8"?><testsuite errors="0" failures="0" name="nrf52dk" skips="0" tests="1" time="6.157"><properties><property name="RIOT_VERSION" value="2019.07-devel-249-g5bb49-HEAD"/></properties><testcase classname="nrf52dk.tests_cpp11_condition_variable" file="tests/01-run.py" line="13" name="test.tests.01-run.testfunc" time="6.141015291213989"><system-out>ssh -t iotlab@saclay.iot-lab.info &apos;socat - tcp:nrf52dk-1.saclay.iot-lab.info:20000&apos;
Done

Wait until ...
Done

Bye, bye. 
******************************************************

main(): This is RIOT! (Version: buildtest)

************ C++ condition_variable test ***********
Wait with predicate and notify one ... 
Done

Wait and notify all ...
Done

Wait for ...
Done

Wait until ...
Done

Bye, bye. 
******************************************************


</system-out></testcase></testsuite>