<?xml version="1.0" encoding="utf-8"?><testsuite errors="0" failures="0" name="b-l475e-iot01a.tests_l2util" skips="0" tests="1" time="4.337"><properties><property name="RIOT_VERSION" value="2019.07-devel-249-g5bb49-HEAD"/></properties><testcase classname="b-l475e-iot01a.tests_l2util" file="tests/01-run.py" line="12" name="test.tests.01-run.testfunc" time="4.317951202392578"><system-out>ssh -t iotlab@saclay.iot-lab.info &apos;socat - tcp:st-iotnode-1.saclay.iot-lab.info:20000&apos;
ead done
TEST SUCCESSFUL
���n(): This is RIOT! (Version: buildtest)
...........
OK (11 tests)
���n(): This is RIOT! (Version: buildtest)
...........
OK (11 tests)

</system-out></testcase></testsuite>