<?xml version="1.0" encoding="utf-8"?><testsuite errors="0" failures="0" name="native.gnu.tests_pkg_libcoap" skips="0" tests="1" time="3.249"><testcase classname="native.gnu.tests_pkg_libcoap.test.tests.01-run" file="tests/01-run.py" line="6" name="testfunc" time="3.238454580307007"><system-out>/home/cladmi/git/work/RIOT/tests/pkg_libcoap/bin/native/tests_pkg_libcoap.elf  
RIOT native interrupts/signals initialized.
LED_RED_OFF
LED_GREEN_ON
RIOT native board initialized.
RIOT native hardware initialization complete.

main(): This is RIOT! (Version: buildtest)
SUCCESS: Libcoap compiled!

</system-out></testcase></testsuite>