<?xml version="1.0" encoding="utf-8"?><testsuite errors="0" failures="0" name="samr21-xpro" skips="0" tests="1" time="4.860"><properties><property name="RIOT_VERSION" value="2019.07-devel-249-g5bb49-HEAD"/></properties><testcase classname="samr21-xpro.tests_cb_mux" file="tests/01-run.py" line="12" name="test.tests.01-run.testfunc" time="4.840894460678101"><system-out>ssh -t iotlab@saclay.iot-lab.info &apos;socat - tcp:samr21-1.saclay.iot-lab.info:20000&apos;
main(): This is RIOT! (Version: buildtest)
cb_mux test routine
Test list addition, retrieval, execution of 5 CBs
Callback 0 executed
Callback 1 executed
Callback 2 executed
Callback 3 executed
Callback 4 executed
Test list deletion of CB 0, 2, 4, execution of 1, 3
Callback 1 executed
Callback 3 executed
Test execution of CB with lowest ID (1)
Callback 1 executed
Test execution of CB with highest ID (3)
Callback 3 executed
Re-adding list entries (0, 2, 4) by finding next free ID
Added entry 0
Added entry 2
Added entry 4
Test iteration of a function over list
Entry 0 was updated correctly
Entry 1 was updated correctly
Entry 2 was updated correctly
Entry 3 was updated correctly
Entry 4 was updated correctly
Tests complete!

</system-out></testcase></testsuite>