<?xml version="1.0" encoding="utf-8"?><testsuite errors="0" failures="0" name="native.gnu" skips="0" tests="1" time="3.392"><testcase classname="native.gnu.native.gnu.tests.01-run" file="tests/01-run.py" line="15" name="testfunc" time="3.3790924549102783"><system-out>/home/cladmi/git/work/RIOT/tests/evtimer_underflow/bin/native/tests_evtimer_underflow.elf  
RIOT native interrupts/signals initialized.
LED_RED_OFF
LED_GREEN_ON
RIOT native board initialized.
RIOT native hardware initialization complete.

main(): This is RIOT! (Version: buildtest)
received msg &quot;1&quot;
received msg &quot;2&quot;
received msg &quot;3&quot;
received msg &quot;4&quot;
received msg &quot;5&quot;
received msg &quot;6&quot;
received msg &quot;7&quot;
received msg &quot;8&quot;
received msg &quot;1&quot;
received msg &quot;2&quot;
received msg &quot;3&quot;
received msg &quot;4&quot;
received msg &quot;5&quot;
received msg &quot;6&quot;
received msg &quot;7&quot;
received msg &quot;8&quot;
received msg &quot;1&quot;
received msg &quot;2&quot;
received msg &quot;3&quot;
received msg &quot;4&quot;
received msg &quot;5&quot;
received msg &quot;6&quot;
received msg &quot;7&quot;
received msg &quot;8&quot;
received msg &quot;1&quot;
received msg &quot;2&quot;
received msg &quot;3&quot;
received msg &quot;4&quot;
received msg &quot;5&quot;
received msg &quot;6&quot;
received msg &quot;7&quot;
received msg &quot;8&quot;
received msg &quot;1&quot;
received msg &quot;2&quot;
received msg &quot;3&quot;
received msg &quot;4&quot;
received msg &quot;5&quot;
received msg &quot;6&quot;
received msg &quot;7&quot;
received msg &quot;8&quot;
received msg &quot;1&quot;
received msg &quot;2&quot;
received msg &quot;3&quot;
received msg &quot;4&quot;
received msg &quot;5&quot;
received msg &quot;6&quot;
received msg &quot;7&quot;
received msg &quot;8&quot;
received msg &quot;1&quot;
received msg &quot;2&quot;
received msg &quot;3&quot;
received msg &quot;4&quot;
received msg &quot;5&quot;
received msg &quot;6&quot;
received msg &quot;7&quot;
received msg &quot;8&quot;
received msg &quot;1&quot;
received msg &quot;2&quot;
received msg &quot;3&quot;
received msg &quot;4&quot;
received msg &quot;5&quot;
received msg &quot;6&quot;
received msg &quot;7&quot;
received msg &quot;8&quot;
received msg &quot;1&quot;
received msg &quot;2&quot;
received msg &quot;3&quot;
received msg &quot;4&quot;
received msg &quot;5&quot;
received msg &quot;6&quot;
received msg &quot;7&quot;
received msg &quot;8&quot;
received msg &quot;1&quot;
received msg &quot;2&quot;
received msg &quot;3&quot;
received msg &quot;4&quot;
received msg &quot;5&quot;
received msg &quot;6&quot;
received msg &quot;7&quot;
received msg &quot;8&quot;
received msg &quot;1&quot;
received msg &quot;2&quot;
received msg &quot;3&quot;
received msg &quot;4&quot;
received msg &quot;5&quot;
received msg &quot;6&quot;
received msg &quot;7&quot;
received msg &quot;8&quot;
received msg &quot;1&quot;
received msg &quot;2&quot;
received msg &quot;3&quot;
received msg &quot;4&quot;
received msg &quot;5&quot;
received msg &quot;6&quot;
received msg &quot;7&quot;
...........received msg &quot;8&quot;
received msg &quot;1&quot;
received msg &quot;2&quot;
received msg &quot;3&quot;
received msg &quot;4&quot;
received msg &quot;5&quot;
received msg &quot;6&quot;
received msg &quot;7&quot;
received msg &quot;8&quot;
received msg &quot;1&quot;
received msg &quot;2&quot;
received msg &quot;3&quot;
received msg &quot;4&quot;
received msg &quot;5&quot;
received msg &quot;6&quot;
received msg &quot;7&quot;
received msg &quot;8&quot;
received msg &quot;1&quot;
received msg &quot;2&quot;
received msg &quot;3&quot;
received msg &quot;4&quot;
received msg &quot;5&quot;
received msg &quot;6&quot;
received msg &quot;7&quot;
received msg &quot;8&quot;
received msg &quot;1&quot;
received msg &quot;2&quot;
received msg &quot;3&quot;
received msg &quot;4&quot;
received msg &quot;5&quot;
received msg &quot;6&quot;
received msg &quot;7&quot;
received msg &quot;8&quot;
received msg &quot;1&quot;
received msg &quot;2&quot;
received msg &quot;3&quot;
received msg &quot;4&quot;
received msg &quot;5&quot;
received msg &quot;6&quot;
received msg &quot;7&quot;
received msg &quot;8&quot;
received msg &quot;1&quot;
received msg &quot;2&quot;
received msg &quot;3&quot;
received msg &quot;4&quot;
received msg &quot;5&quot;
received msg &quot;6&quot;
received msg &quot;7&quot;
received msg &quot;8&quot;
received msg &quot;1&quot;
received msg &quot;2&quot;
received msg &quot;3&quot;
received msg &quot;4&quot;
received msg &quot;5&quot;
received msg &quot;6&quot;
received msg &quot;7&quot;
received msg &quot;8&quot;
received msg &quot;1&quot;
received msg &quot;2&quot;
received msg &quot;3&quot;
received msg &quot;4&quot;
received msg &quot;5&quot;
received msg &quot;6&quot;
received msg &quot;7&quot;
received msg &quot;8&quot;
received msg &quot;1&quot;
received msg &quot;2&quot;
received msg &quot;3&quot;
received msg &quot;4&quot;
received msg &quot;5&quot;
received msg &quot;6&quot;
received msg &quot;7&quot;
received msg &quot;8&quot;
received msg &quot;1&quot;
received msg &quot;2&quot;
received msg &quot;3&quot;
received msg &quot;4&quot;
received msg &quot;5&quot;
received msg &quot;6&quot;
received msg &quot;7&quot;
received msg &quot;8&quot;
received msg &quot;1&quot;
received msg &quot;2&quot;
received msg &quot;3&quot;
received msg &quot;4&quot;
received msg &quot;5&quot;
received msg &quot;6&quot;
received msg &quot;7&quot;
received msg &quot;8&quot;
received msg &quot;1&quot;
received msg &quot;2&quot;
received msg &quot;3&quot;
received msg &quot;4&quot;
received msg &quot;5&quot;
received msg &quot;6&quot;
received msg &quot;7&quot;
received msg &quot;8&quot;
received msg &quot;1&quot;
received msg &quot;2&quot;
received msg &quot;3&quot;
received msg &quot;4&quot;
received msg &quot;5&quot;
received msg &quot;6&quot;
received msg &quot;7&quot;
received msg &quot;8&quot;
received msg &quot;1&quot;
received msg &quot;2&quot;
received msg &quot;3&quot;
received msg &quot;4&quot;
received msg &quot;5&quot;
received msg &quot;6&quot;
re..............ceived msg &quot;7&quot;
received msg &quot;8&quot;
received msg &quot;1&quot;
received msg &quot;2&quot;
received msg &quot;3&quot;
received msg &quot;4&quot;
received msg &quot;5&quot;
received msg &quot;6&quot;
received msg &quot;7&quot;
received msg &quot;8&quot;
received msg &quot;1&quot;
received msg &quot;2&quot;
received msg &quot;3&quot;
received msg &quot;4&quot;
received msg &quot;5&quot;
received msg &quot;6&quot;
received msg &quot;7&quot;
received msg &quot;8&quot;
received msg &quot;1&quot;
received msg &quot;2&quot;
received msg &quot;3&quot;
received msg &quot;4&quot;
received msg &quot;5&quot;
received msg &quot;6&quot;
received msg &quot;7&quot;
received msg &quot;8&quot;
received msg &quot;1&quot;
received msg &quot;2&quot;
received msg &quot;3&quot;
received msg &quot;4&quot;
received msg &quot;5&quot;
received msg &quot;6&quot;
received msg &quot;7&quot;
received msg &quot;8&quot;
received msg &quot;1&quot;
received msg &quot;2&quot;
received msg &quot;3&quot;
received msg &quot;4&quot;
received msg &quot;5&quot;
received msg &quot;6&quot;
received msg &quot;7&quot;
received msg &quot;8&quot;
received msg &quot;1&quot;
received msg &quot;2&quot;
received msg &quot;3&quot;
received msg &quot;4&quot;
received msg &quot;5&quot;
received msg &quot;6&quot;
received msg &quot;7&quot;
received msg &quot;8&quot;
received msg &quot;1&quot;
received msg &quot;2&quot;
received msg &quot;3&quot;
received msg &quot;4&quot;
received msg &quot;5&quot;
received msg &quot;6&quot;
received msg &quot;7&quot;
received msg &quot;8&quot;
received msg &quot;1&quot;
received msg &quot;2&quot;
received msg &quot;3&quot;
received msg &quot;4&quot;
received msg &quot;5&quot;
received msg &quot;6&quot;
received msg &quot;7&quot;
received msg &quot;8&quot;
received msg &quot;1&quot;
received msg &quot;2&quot;
received msg &quot;3&quot;
received msg &quot;4&quot;
received msg &quot;5&quot;
received msg &quot;6&quot;
received msg &quot;7&quot;
received msg &quot;8&quot;
received msg &quot;1&quot;
received msg &quot;2&quot;
received msg &quot;3&quot;
received msg &quot;4&quot;
received msg &quot;5&quot;
received msg &quot;6&quot;
received msg &quot;7&quot;
received msg &quot;8&quot;
received msg &quot;1&quot;
received msg &quot;2&quot;
received msg &quot;3&quot;
received msg &quot;4&quot;
received msg &quot;5&quot;
received msg &quot;6&quot;
received msg &quot;7&quot;
received msg &quot;8&quot;
received msg &quot;1&quot;
received msg &quot;2&quot;
received msg &quot;3&quot;
received msg &quot;4&quot;
received msg &quot;5&quot;
received msg &quot;6&quot;
received msg &quot;7&quot;
received msg &quot;8&quot;
received msg &quot;1&quot;
received msg &quot;2&quot;
received msg &quot;3&quot;
received msg &quot;4&quot;
received msg &quot;5&quot;
received msg &quot;6&quot;
received msg &quot;7&quot;
received msg &quot;8&quot;
received msg &quot;1&quot;
received msg &quot;2&quot;
received msg &quot;3&quot;
received msg &quot;4&quot;
received msg &quot;5&quot;
rece..............ived msg &quot;6&quot;
received msg &quot;7&quot;
received msg &quot;8&quot;
received msg &quot;1&quot;
received msg &quot;2&quot;
received msg &quot;3&quot;
received msg &quot;4&quot;
received msg &quot;5&quot;
received msg &quot;6&quot;
received msg &quot;7&quot;
received msg &quot;8&quot;
received msg &quot;1&quot;
received msg &quot;2&quot;
received msg &quot;3&quot;
received msg &quot;4&quot;
received msg &quot;5&quot;
received msg &quot;6&quot;
received msg &quot;7&quot;
received msg &quot;8&quot;
received msg &quot;1&quot;
received msg &quot;2&quot;
received msg &quot;3&quot;
received msg &quot;4&quot;
received msg &quot;5&quot;
received msg &quot;6&quot;
received msg &quot;7&quot;
received msg &quot;8&quot;
received msg &quot;1&quot;
received msg &quot;2&quot;
received msg &quot;3&quot;
received msg &quot;4&quot;
received msg &quot;5&quot;
received msg &quot;6&quot;
received msg &quot;7&quot;
received msg &quot;8&quot;
received msg &quot;1&quot;
received msg &quot;2&quot;
received msg &quot;3&quot;
received msg &quot;4&quot;
received msg &quot;5&quot;
received msg &quot;6&quot;
received msg &quot;7&quot;
received msg &quot;8&quot;
received msg &quot;1&quot;
received msg &quot;2&quot;
received msg &quot;3&quot;
received msg &quot;4&quot;
received msg &quot;5&quot;
received msg &quot;6&quot;
received msg &quot;7&quot;
received msg &quot;8&quot;
received msg &quot;1&quot;
received msg &quot;2&quot;
received msg &quot;3&quot;
received msg &quot;4&quot;
received msg &quot;5&quot;
received msg &quot;6&quot;
received msg &quot;7&quot;
received msg &quot;8&quot;
received msg &quot;1&quot;
received msg &quot;2&quot;
received msg &quot;3&quot;
received msg &quot;4&quot;
received msg &quot;5&quot;
received msg &quot;6&quot;
received msg &quot;7&quot;
received msg &quot;8&quot;
received msg &quot;1&quot;
received msg &quot;2&quot;
received msg &quot;3&quot;
received msg &quot;4&quot;
received msg &quot;5&quot;
received msg &quot;6&quot;
received msg &quot;7&quot;
received msg &quot;8&quot;
received msg &quot;1&quot;
received msg &quot;2&quot;
received msg &quot;3&quot;
received msg &quot;4&quot;
received msg &quot;5&quot;
received msg &quot;6&quot;
received msg &quot;7&quot;
received msg &quot;8&quot;
received msg &quot;1&quot;
received msg &quot;2&quot;
received msg &quot;3&quot;
received msg &quot;4&quot;
received msg &quot;5&quot;
received msg &quot;6&quot;
received msg &quot;7&quot;
received msg &quot;8&quot;
received msg &quot;1&quot;
received msg &quot;2&quot;
received msg &quot;3&quot;
received msg &quot;4&quot;
received msg &quot;5&quot;
received msg &quot;6&quot;
received msg &quot;7&quot;
received msg &quot;8&quot;
received msg &quot;1&quot;
received msg &quot;2&quot;
received msg &quot;3&quot;
received msg &quot;4&quot;
received msg &quot;5&quot;
received msg &quot;6&quot;
received msg &quot;7&quot;
received msg &quot;8&quot;
received msg &quot;1&quot;
received msg &quot;2&quot;
received msg &quot;3&quot;
received msg &quot;4&quot;
receiv..............ed msg &quot;5&quot;
received msg &quot;6&quot;
received msg &quot;7&quot;
received msg &quot;8&quot;
received msg &quot;1&quot;
received msg &quot;2&quot;
received msg &quot;3&quot;
received msg &quot;4&quot;
received msg &quot;5&quot;
received msg &quot;6&quot;
received msg &quot;7&quot;
received msg &quot;8&quot;
received msg &quot;1&quot;
received msg &quot;2&quot;
received msg &quot;3&quot;
received msg &quot;4&quot;
received msg &quot;5&quot;
received msg &quot;6&quot;
received msg &quot;7&quot;
received msg &quot;8&quot;
received msg &quot;1&quot;
received msg &quot;2&quot;
received msg &quot;3&quot;
received msg &quot;4&quot;
received msg &quot;5&quot;
received msg &quot;6&quot;
received msg &quot;7&quot;
received msg &quot;8&quot;
received msg &quot;1&quot;
received msg &quot;2&quot;
received msg &quot;3&quot;
received msg &quot;4&quot;
received msg &quot;5&quot;
received msg &quot;6&quot;
received msg &quot;7&quot;
received msg &quot;8&quot;
received msg &quot;1&quot;
received msg &quot;2&quot;
received msg &quot;3&quot;
received msg &quot;4&quot;
received msg &quot;5&quot;
received msg &quot;6&quot;
received msg &quot;7&quot;
received msg &quot;8&quot;
received msg &quot;1&quot;
received msg &quot;2&quot;
received msg &quot;3&quot;
received msg &quot;4&quot;
received msg &quot;5&quot;
received msg &quot;6&quot;
received msg &quot;7&quot;
received msg &quot;8&quot;
received msg &quot;1&quot;
received msg &quot;2&quot;
received msg &quot;3&quot;
received msg &quot;4&quot;
received msg &quot;5&quot;
received msg &quot;6&quot;
received msg &quot;7&quot;
received msg &quot;8&quot;
received msg &quot;1&quot;
received msg &quot;2&quot;
received msg &quot;3&quot;
received msg &quot;4&quot;
received msg &quot;5&quot;
received msg &quot;6&quot;
received msg &quot;7&quot;
received msg &quot;8&quot;
received msg &quot;1&quot;
received msg &quot;2&quot;
received msg &quot;3&quot;
received msg &quot;4&quot;
received msg &quot;5&quot;
received msg &quot;6&quot;
received msg &quot;7&quot;
received msg &quot;8&quot;
received msg &quot;1&quot;
received msg &quot;2&quot;
received msg &quot;3&quot;
received msg &quot;4&quot;
received msg &quot;5&quot;
received msg &quot;6&quot;
received msg &quot;7&quot;
received msg &quot;8&quot;
received msg &quot;1&quot;
received msg &quot;2&quot;
received msg &quot;3&quot;
received msg &quot;4&quot;
received msg &quot;5&quot;
received msg &quot;6&quot;
received msg &quot;7&quot;
received msg &quot;8&quot;
received msg &quot;1&quot;
received msg &quot;2&quot;
received msg &quot;3&quot;
received msg &quot;4&quot;
received msg &quot;5&quot;
received msg &quot;6&quot;
received msg &quot;7&quot;
received msg &quot;8&quot;
received msg &quot;1&quot;
received msg &quot;2&quot;
received msg &quot;3&quot;
received msg &quot;4&quot;
received msg &quot;5&quot;
received msg &quot;6&quot;
received msg &quot;7&quot;
received msg &quot;8&quot;
received msg &quot;1&quot;
received msg &quot;2&quot;
received msg &quot;3&quot;
received.............. msg &quot;4&quot;
received msg &quot;5&quot;
received msg &quot;6&quot;
received msg &quot;7&quot;
received msg &quot;8&quot;
received msg &quot;1&quot;
received msg &quot;2&quot;
received msg &quot;3&quot;
received msg &quot;4&quot;
received msg &quot;5&quot;
received msg &quot;6&quot;
received msg &quot;7&quot;
received msg &quot;8&quot;
received msg &quot;1&quot;
received msg &quot;2&quot;
received msg &quot;3&quot;
received msg &quot;4&quot;
received msg &quot;5&quot;
received msg &quot;6&quot;
received msg &quot;7&quot;
received msg &quot;8&quot;
received msg &quot;1&quot;
received msg &quot;2&quot;
received msg &quot;3&quot;
received msg &quot;4&quot;
received msg &quot;5&quot;
received msg &quot;6&quot;
received msg &quot;7&quot;
received msg &quot;8&quot;
received msg &quot;1&quot;
received msg &quot;2&quot;
received msg &quot;3&quot;
received msg &quot;4&quot;
received msg &quot;5&quot;
received msg &quot;6&quot;
received msg &quot;7&quot;
received msg &quot;8&quot;
received msg &quot;1&quot;
received msg &quot;2&quot;
received msg &quot;3&quot;
received msg &quot;4&quot;
received msg &quot;5&quot;
received msg &quot;6&quot;
received msg &quot;7&quot;
received msg &quot;8&quot;
received msg &quot;1&quot;
received msg &quot;2&quot;
received msg &quot;3&quot;
received msg &quot;4&quot;
received msg &quot;5&quot;
received msg &quot;6&quot;
received msg &quot;7&quot;
received msg &quot;8&quot;
received msg &quot;1&quot;
received msg &quot;2&quot;
received msg &quot;3&quot;
received msg &quot;4&quot;
received msg &quot;5&quot;
received msg &quot;6&quot;
received msg &quot;7&quot;
received msg &quot;8&quot;
received msg &quot;1&quot;
received msg &quot;2&quot;
received msg &quot;3&quot;
received msg &quot;4&quot;
received msg &quot;5&quot;
received msg &quot;6&quot;
received msg &quot;7&quot;
received msg &quot;8&quot;
received msg &quot;1&quot;
received msg &quot;2&quot;
received msg &quot;3&quot;
received msg &quot;4&quot;
received msg &quot;5&quot;
received msg &quot;6&quot;
received msg &quot;7&quot;
received msg &quot;8&quot;
received msg &quot;1&quot;
received msg &quot;2&quot;
received msg &quot;3&quot;
received msg &quot;4&quot;
received msg &quot;5&quot;
received msg &quot;6&quot;
received msg &quot;7&quot;
received msg &quot;8&quot;
received msg &quot;1&quot;
received msg &quot;2&quot;
received msg &quot;3&quot;
received msg &quot;4&quot;
received msg &quot;5&quot;
received msg &quot;6&quot;
received msg &quot;7&quot;
received msg &quot;8&quot;
received msg &quot;1&quot;
received msg &quot;2&quot;
received msg &quot;3&quot;
received msg &quot;4&quot;
received msg &quot;5&quot;
received msg &quot;6&quot;
received msg &quot;7&quot;
received msg &quot;8&quot;
received msg &quot;1&quot;
received msg &quot;2&quot;
received msg &quot;3&quot;
received msg &quot;4&quot;
received msg &quot;5&quot;
received msg &quot;6&quot;
received msg &quot;7&quot;
received msg &quot;8&quot;
received msg &quot;1&quot;
received msg &quot;2&quot;
received m..............sg &quot;3&quot;
received msg &quot;4&quot;
received msg &quot;5&quot;
received msg &quot;6&quot;
received msg &quot;7&quot;
received msg &quot;8&quot;
received msg &quot;1&quot;
received msg &quot;2&quot;
received msg &quot;3&quot;
received msg &quot;4&quot;
received msg &quot;5&quot;
received msg &quot;6&quot;
received msg &quot;7&quot;
received msg &quot;8&quot;
received msg &quot;1&quot;
received msg &quot;2&quot;
received msg &quot;3&quot;
received msg &quot;4&quot;
received msg &quot;5&quot;
received msg &quot;6&quot;
received msg &quot;7&quot;
received msg &quot;8&quot;
received msg &quot;1&quot;
received msg &quot;2&quot;
received msg &quot;3&quot;
received msg &quot;4&quot;
received msg &quot;5&quot;
received msg &quot;6&quot;
received msg &quot;7&quot;
received msg &quot;8&quot;
received msg &quot;1&quot;
received msg &quot;2&quot;
received msg &quot;3&quot;
received msg &quot;4&quot;
received msg &quot;5&quot;
received msg &quot;6&quot;
received msg &quot;7&quot;
received msg &quot;8&quot;
received msg &quot;1&quot;
received msg &quot;2&quot;
received msg &quot;3&quot;
received msg &quot;4&quot;
received msg &quot;5&quot;
received msg &quot;6&quot;
received msg &quot;7&quot;
received msg &quot;8&quot;
received msg &quot;1&quot;
received msg &quot;2&quot;
received msg &quot;3&quot;
received msg &quot;4&quot;
received msg &quot;5&quot;
received msg &quot;6&quot;
received msg &quot;7&quot;
received msg &quot;8&quot;
received msg &quot;1&quot;
received msg &quot;2&quot;
received msg &quot;3&quot;
received msg &quot;4&quot;
received msg &quot;5&quot;
received msg &quot;6&quot;
received msg &quot;7&quot;
received msg &quot;8&quot;
received msg &quot;1&quot;
received msg &quot;2&quot;
received msg &quot;3&quot;
received msg &quot;4&quot;
received msg &quot;5&quot;
received msg &quot;6&quot;
received msg &quot;7&quot;
received msg &quot;8&quot;
received msg &quot;1&quot;
received msg &quot;2&quot;
received msg &quot;3&quot;
received msg &quot;4&quot;
received msg &quot;5&quot;
received msg &quot;6&quot;
received msg &quot;7&quot;
received msg &quot;8&quot;
received msg &quot;1&quot;
received msg &quot;2&quot;
received msg &quot;3&quot;
received msg &quot;4&quot;
received msg &quot;5&quot;
received msg &quot;6&quot;
received msg &quot;7&quot;
received msg &quot;8&quot;
received msg &quot;1&quot;
received msg &quot;2&quot;
received msg &quot;3&quot;
received msg &quot;4&quot;
received msg &quot;5&quot;
received msg &quot;6&quot;
received msg &quot;7&quot;
received msg &quot;8&quot;
received msg &quot;1&quot;
received msg &quot;2&quot;
received msg &quot;3&quot;
received msg &quot;4&quot;
received msg &quot;5&quot;
received msg &quot;6&quot;
received msg &quot;7&quot;
received msg &quot;8&quot;
received msg &quot;1&quot;
received msg &quot;2&quot;
received msg &quot;3&quot;
received msg &quot;4&quot;
received msg &quot;5&quot;
received msg &quot;6&quot;
received msg &quot;7&quot;
received msg &quot;8&quot;
received msg &quot;1&quot;
received msg.............. &quot;2&quot;
received msg &quot;3&quot;
received msg &quot;4&quot;
received msg &quot;5&quot;
received msg &quot;6&quot;
received msg &quot;7&quot;
received msg &quot;8&quot;
received msg &quot;1&quot;
received msg &quot;2&quot;
received msg &quot;3&quot;
received msg &quot;4&quot;
received msg &quot;5&quot;
received msg &quot;6&quot;
received msg &quot;7&quot;
received msg &quot;8&quot;
received msg &quot;1&quot;
received msg &quot;2&quot;
received msg &quot;3&quot;
received msg &quot;4&quot;
received msg &quot;5&quot;
received msg &quot;6&quot;
received msg &quot;7&quot;
received msg &quot;8&quot;
received msg &quot;1&quot;
received msg &quot;2&quot;
received msg &quot;3&quot;
received msg &quot;4&quot;
received msg &quot;5&quot;
received msg &quot;6&quot;
received msg &quot;7&quot;
received msg &quot;8&quot;
received msg &quot;1&quot;
received msg &quot;2&quot;
received msg &quot;3&quot;
received msg &quot;4&quot;
received msg &quot;5&quot;
received msg &quot;6&quot;
received msg &quot;7&quot;
received msg &quot;8&quot;
received msg &quot;1&quot;
received msg &quot;2&quot;
received msg &quot;3&quot;
received msg &quot;4&quot;
received msg &quot;5&quot;
received msg &quot;6&quot;
received msg &quot;7&quot;
received msg &quot;8&quot;
received msg &quot;1&quot;
received msg &quot;2&quot;
received msg &quot;3&quot;
received msg &quot;4&quot;
received msg &quot;5&quot;
received msg &quot;6&quot;
received msg &quot;7&quot;
received msg &quot;8&quot;
received msg &quot;1&quot;
received msg &quot;2&quot;
received msg &quot;3&quot;
received msg &quot;4&quot;
received msg &quot;5&quot;
received msg &quot;6&quot;
received msg &quot;7&quot;
received msg &quot;8&quot;
received msg &quot;1&quot;
received msg &quot;2&quot;
received msg &quot;3&quot;
received msg &quot;4&quot;
received msg &quot;5&quot;
received msg &quot;6&quot;
received msg &quot;7&quot;
received msg &quot;8&quot;
received msg &quot;1&quot;
received msg &quot;2&quot;
received msg &quot;3&quot;
received msg &quot;4&quot;
received msg &quot;5&quot;
received msg &quot;6&quot;
received msg &quot;7&quot;
received msg &quot;8&quot;
received msg &quot;1&quot;
received msg &quot;2&quot;
received msg &quot;3&quot;
received msg &quot;4&quot;
received msg &quot;5&quot;
received msg &quot;6&quot;
received msg &quot;7&quot;
received msg &quot;8&quot;
received msg &quot;1&quot;
received msg &quot;2&quot;
received msg &quot;3&quot;
received msg &quot;4&quot;
received msg &quot;5&quot;
received msg &quot;6&quot;
received msg &quot;7&quot;
received msg &quot;8&quot;
received msg &quot;1&quot;
received msg &quot;2&quot;
received msg &quot;3&quot;
received msg &quot;4&quot;
received msg &quot;5&quot;
received msg &quot;6&quot;
received msg &quot;7&quot;
received msg &quot;8&quot;
received msg &quot;1&quot;
received msg &quot;2&quot;
received msg &quot;3&quot;
received msg &quot;4&quot;
received msg &quot;5&quot;
received msg &quot;6&quot;
received msg &quot;7&quot;
received msg &quot;8&quot;
received msg &quot;.....
Stopped after 100 iterations, but should run forever.
=&gt; All tests successful

</system-out></testcase></testsuite>