<?xml version="1.0" encoding="utf-8"?><testsuite errors="0" failures="0" name="riot_tests" skips="0" tests="1" time="4.245"><properties><property name="RIOT_VERSION" value="2019.07-devel-249-g5bb49-HEAD"/></properties><testcase classname="nrf52dk.tests_driver_ds1307" file="tests/01-run.py" line="12" name="test.tests.01-run.testfunc" time="4.22993540763855"><system-out>ssh -t iotlab@saclay.iot-lab.info &apos;socat - tcp:nrf52dk-1.saclay.iot-lab.info:20000&apos;
main(): This is RIOT! (Version: buildtest)
DS1307 RTC test

error: unable to initialize RTC [I2C initialization error]

</system-out></testcase></testsuite>