<?xml version="1.0" encoding="utf-8"?><testsuite errors="0" failures="0" name="native.gnu" skips="0" tests="1" time="3.378"><testcase classname="native.gnu.native.gnu.tests.01-run" file="tests/01-run.py" line="12" name="testfunc" time="3.346546173095703"><system-out>/home/cladmi/git/work/RIOT/tests/netdev_test/bin/native/tests_netdev_test.elf  
RIOT native interrupts/signals initialized.
LED_RED_OFF
LED_GREEN_ON
RIOT native board initialized.
RIOT native hardware initialization complete.

main(): This is RIOT! (Version: buildtest)
Executing test_get_addr()
 + succeeded.
Executing test_send()
 + succeeded.
Executing test_receive()
 + succeeded.
Executing test_set_addr()
 + succeeded.
ALL TESTS SUCCESSFUL

</system-out></testcase></testsuite>