<?xml version="1.0" encoding="utf-8"?><testsuite errors="0" failures="0" name="riot_tests" skips="0" tests="1" time="3.283"><properties><property name="RIOT_VERSION" value="2019.04-devel-319-g00c71-pr/wip/pytest"/></properties><testcase classname="native.tests_thread_msg_block_w_queue" file="tests/01-run.py" line="12" name="testfunc" time="3.2756054401397705"><system-out>/home/cladmi/git/work/RIOT/tests/thread_msg_block_w_queue/bin/native/tests_thread_msg_block_w_queue.elf  
RIOT native interrupts/signals initialized.
LED_RED_OFF
LED_GREEN_ON
RIOT native board initialized.
RIOT native hardware initialization complete.

main(): This is RIOT! (Version: buildtest)
sender_thread start
main thread alive

</system-out></testcase></testsuite>