<?xml version="1.0" encoding="utf-8"?><testsuite errors="0" failures="0" name="native.gnu" skips="0" tests="1" time="3.395"><testcase classname="native.gnu.native.gnu.tests.01-run" file="tests/01-run.py" line="12" name="testfunc" time="3.3494787216186523"><system-out>/home/cladmi/git/work/RIOT/tests/libc_newlib/bin/native/tests_libc_newlib.elf  
RIOT native interrupts/signals initialized.
LED_RED_OFF
LED_GREEN_ON
RIOT native board initialized.
RIOT native hardware initialization complete.

main(): This is RIOT! (Version: buildtest)
Newlib/nano test
.
OK (1 tests)

</system-out></testcase></testsuite>