<?xml version="1.0" encoding="utf-8"?><testsuite errors="0" failures="0" name="native" skips="0" tests="1" time="3.345"><testcase classname="native.tests_xtimer_reset.test.tests.01-run" file="tests/01-run.py" line="12" name="testfunc" time="3.3261802196502686"><system-out>/home/cladmi/git/work/RIOT/tests/xtimer_reset/bin/native/tests_xtimer_reset.elf  
RIOT native interrupts/signals initialized.
LED_RED_OFF
LED_GREEN_ON
RIOT native board initialized.
RIOT native hardware initialization complete.

main(): This is RIOT! (Version: buildtest)
This test tests re-setting of an already active timer.
It should print three times &quot;now=&lt;value&gt;&quot;, with values approximately 100ms (100000us) apart.
now=46
now=100099
now=200077
Test completed!

</system-out></testcase></testsuite>