<?xml version="1.0" encoding="utf-8"?><testsuite errors="0" failures="0" name="b-l475e-iot01a" skips="0" tests="1" time="6.835"><properties><property name="RIOT_VERSION" value="2019.07-devel-249-g5bb49-HEAD"/></properties><testcase classname="b-l475e-iot01a.tests_pkg_u8g2" file="tests/01-run.py" line="117" name="test.tests.01-run.testfunc" time="6.8161303997039795"><system-out>ssh -t iotlab@saclay.iot-lab.info &apos;socat - tcp:st-iotnode-1.saclay.iot-lab.info:20000&apos;
ain(): This is RIOT! (Version: buildtest)
Initializing to stdout.
Initializing display.
Drawing on screen.
00|                                                |
02|                                                |
04|                                                                  |
10|      █████▐▋  ▐▋▐▋ ▟██▖                        |
12|        █  ▐▋  ▐▋▐▋▐▛ ▝█                        |
14|        █  ▐████▋▐▋▝█▙▄                         00|           ▄▄▖                                  |
02|         ▗████▋                                 |
04|        ▗█▛▘ ▜█▖                                |
06|        ▐█    █▋                                |
08|        ██    █▋                                |
10|        ██   ▟█▘                                |
12|        ▜█ ▄▟█▛  ▄   ▄▄  ▄▄▄▄                   |
14|    ▗▄█▖▐█▝██▀   █▋ ▟▛▜▙ ▀▜▛▀                   |
16|   ▗██▀ ▐█ ▝     █▋ █▋ █  ▐▋                    |
18|   ▟▛   ▐█  ▄    █▋ █▋ █  ▐▋                    |
20|   █▋   ▐█ ▝█▋   █▋ █▋ █  ▐▋                    |
22|   █▋   ▐█  ▜█   █▋ █▋ █  ▐▋                    |
24|   █▙  ▗█▛  ▝█▙  █▋ █▋▗█  ▐▋                    |
26|   ▐█▙▄██▘   ▜█  █▘ ▝██▘  ▐▋                    |
28|    ▝▜█▀▘                                       |
30|                                                |
32|                                                |
34|                                                |
36|                                                |
38|                                                |
40|                                                |
42|                                                |
44|                                                |
46|                                                |
48|                                                |
50|                                                |
52|                                                |
54|                                                |
56|                                                |
58|                                                |
60|                                                |
62|                                                |
64|                                                |
66|                                                |
00|                                                |
02|                                                |
04|                                                |
06|                                                |
08|                                                |
10|      █████▐▋  ▐▋▐▋ ▟██▖                        |
12|        █  ▐▋  ▐▋▐▋▐▛ ▝█                        |
14|        █  ▐████▋▐▋▝█▙▄                         |
16|        █  ▐▋  ▐▋▐▋  ▀▜▙                        |
18|        █  ▐▋  ▐▋▐▋▐▙ ▗█                        |
20|        █  ▐▋  ▐▋▐▋ ▜██▘                        |
22|                                                |
24|                                                |
26|                                                |
28|                                                |
30|                                                |
32|                                                |
34|                                                |
36|                                                |
38|                                                |
40|                                                |
42|                                                |
44|                                                |
46|                                                |
48|                                                |
50|                                                |
52|                                                |
54|                                                |
56|                                                |
58|                                                |
60|                                                |
62|                                                |
64|                                                |
66|                                                |
main(): This is RIOT! (Version: buildtest)
Initializing to stdout.
Initializing display.
Drawing on screen.
00|                                                |
02|                                                |
04|                                                |
06|                                                |
08|                                                |
10|      █████▐▋  ▐▋▐▋ ▟██▖                        |
12|        █  ▐▋  ▐▋▐▋▐▛ ▝█                        |
14|        █  ▐████▋▐▋▝█▙▄                         |
16|        █  ▐▋  ▐▋▐▋  ▀▜▙                        |
18|        █  ▐▋  ▐▋▐▋▐▙ ▗█                        |
20|        █  ▐▋  ▐▋▐▋ ▜██▘                        |
22|                                                |
24|                                                |
26|                                                |
28|                                                |
30|                                                |
32|                                                |
34|                                                |
36|                                                |
38|                                                |
40|                                                |
42|                                                |
44|                                                |
46|                                                |
48|                                                |
50|                                                |
52|                                                |
54|                                                |
56|                                                |
58|                                                |
60|                                                |
62|                                                |
64|                                                |
66|                                                |
00|                                                |
02|                                                |
04|                                                |
06|                                                |
08|                                                |
10|            ▐▋ ▟██▖                             |
12|            ▐▋▐▛ ▝█                             |
14|            ▐▋▝█▙▄                              |
16|            ▐▋  ▀▜▙                             |
18|            ▐▋▐▙ ▗█                             |
20|            ▐▋ ▜██▘                             |
22|                                                |
24|                                                |
26|                                                |
28|                                                |
30|                                                |
32|                                                |
34|                                                |
36|                                                |
38|                                                |
40|                                                |
42|                                                |
44|                                                |
46|                                                |
48|                                                |
50|                                                |
52|                                                |
54|                                                |
56|                                                |
58|                                                |
60|                                                |
62|                                                |
64|                                                |
66|                                                |
00|           ▄▄▖                                  |
02|         ▗████▋                                 |
04|        ▗█▛▘ ▜█▖                                |
06|        ▐█    █▋                                |
08|        ██    █▋                                |
10|        ██   ▟█▘                                |
12|        ▜█ ▄▟█▛  ▄   ▄▄  ▄▄▄▄                   |
14|    ▗▄█▖▐█▝██▀   █▋ ▟▛▜▙ ▀▜▛▀                   |
16|   ▗██▀ ▐█ ▝     █▋ █▋ █  ▐▋                    |
18|   ▟▛   ▐█  ▄    █▋ █▋ █  ▐▋                    |
20|   █▋   ▐█ ▝█▋   █▋ █▋ █  ▐▋                    |
22|   █▋   ▐█  ▜█   █▋ █▋ █  ▐▋                    |
24|   █▙  ▗█▛  ▝█▙  █▋ █▋▗█  ▐▋                    |
26|   ▐█▙▄██▘   ▜█  █▘ ▝██▘  ▐▋                    |
28|    ▝▜█▀▘                                       |
30|                                                |
32|                                                |
34|                                                |
36|                                                |
38|                                                |
40|                                                |
42|                                                |
44|                                                |
46|                                                |
48|                                                |
50|                                                |
52|                                                |
54|                                                |
56|                                                |
58|                                                |
60|                                                |
62|                                                |
64|                                                |
66|                                                |

</system-out></testcase></testsuite>