<?xml version="1.0" encoding="utf-8"?><testsuite errors="0" failures="0" name="native.gnu" skips="0" tests="1" time="3.337"><testcase classname="native.gnu.tests_pkg_tinycbor.test.tests.01-run" file="tests/01-run.py" line="13" name="testfunc" time="3.3220245838165283"><system-out>/home/cladmi/git/work/RIOT/tests/pkg_tinycbor/bin/native/tests_pkg_tinycbor.elf  
RIOT native interrupts/signals initialized.
LED_RED_OFF
LED_GREEN_ON
RIOT native board initialized.
RIOT native hardware initialization complete.

main(): This is RIOT! (Version: buildtest)
.
OK (1 tests)

</system-out></testcase></testsuite>