<?xml version="1.0" encoding="utf-8"?><testsuite errors="0" failures="0" name="native.gnu" skips="0" tests="1" time="15.381"><testcase classname="native.gnu.native.gnu.tests.01-run" file="tests/01-run.py" line="12" name="testfunc" time="15.350355386734009"><system-out>/home/cladmi/git/work/RIOT/tests/bitarithm_timings/bin/native/tests_bitarithm_timings.elf  
RIOT native interrupts/signals initialized.
LED_RED_OFF
LED_GREEN_ON
RIOT native board initialized.
RIOT native hardware initialization complete.

main(): This is RIOT! (Version: buildtest)
Start.
+ bitarithm_msb: 59233875 iterations per second
+ bitarithm_lsb: 141269305 iterations per second
+ bitarithm_bits_set: 23932771 iterations per second
Done.

</system-out></testcase></testsuite>