<?xml version="1.0" encoding="utf-8"?><testsuite errors="0" failures="0" name="native:gnu" skips="0" tests="1" time="15.355"><testcase classname="native:gnu.tests_bitarithm_timings.test.tests.01-run" file="tests/01-run.py" line="12" name="testfunc" time="15.341813325881958"><system-out>/home/cladmi/git/work/RIOT/tests/bitarithm_timings/bin/native/tests_bitarithm_timings.elf  
RIOT native interrupts/signals initialized.
LED_RED_OFF
LED_GREEN_ON
RIOT native board initialized.
RIOT native hardware initialization complete.

main(): This is RIOT! (Version: buildtest)
Start.
+ bitarithm_msb: 45896841 iterations per second
+ bitarithm_lsb: 109190233 iterations per second
+ bitarithm_bits_set: 18510899 iterations per second
Done.

</system-out></testcase></testsuite>