<?xml version="1.0" encoding="utf-8"?><testsuite errors="0" failures="0" name="native:gnu" skips="0" tests="1" time="3.344"><testcase classname="native:gnu.tests_xtimer_msg_receive_timeout.test.tests.01-run" file="tests/01-run.py" line="12" name="testfunc" time="3.333292007446289"><system-out>/home/cladmi/git/work/RIOT/tests/xtimer_msg_receive_timeout/bin/native/tests_xtimer_msg_receive_timeout.elf  
RIOT native interrupts/signals initialized.
LED_RED_OFF
LED_GREEN_ON
RIOT native board initialized.
RIOT native hardware initialization complete.

main(): This is RIOT! (Version: buildtest)
[START]
Message: 42
Timeout!
Message: 42
Timeout!
Message: 42
Timeout!
Message: 42
Timeout!
Message: 42
Timeout!
[SUCCESS]

</system-out></testcase></testsuite>