<?xml version="1.0" encoding="utf-8"?><testsuite errors="0" failures="0" name="samr21-xpro" skips="0" tests="1" time="13.459"><properties><property name="RIOT_VERSION" value="2019.07-devel-249-g5bb49-HEAD"/></properties><testcase classname="samr21-xpro.tests_periph_rtc" file="tests/01-run.py" line="17" name="test.tests.01-run.testfunc" time="13.434171676635742"><system-out>ssh -t iotlab@saclay.iot-lab.info &apos;socat - tcp:samr21-1.saclay.iot-lab.info:20000&apos;
Alarm!
Alarm!
main(): This is RIOT! (Version: buildtest)

RIOT RTC low-level driver test
This test will display &apos;Alarm!&apos; every 2 seconds for 4 times
  Setting clock to   2011-12-13 14:15:15
Clock value is now   2011-12-13 14:15:15
  Setting alarm to   2011-12-13 14:15:17
   Alarm is set to   2011-12-13 14:15:17

Alarm!
Alarm!
Alarm!
Alarm!

</system-out></testcase></testsuite>