<?xml version="1.0" encoding="utf-8"?><testsuite errors="0" failures="0" name="b-l475e-iot01a.tests_pthread" skips="0" tests="1" time="4.378"><properties><property name="RIOT_VERSION" value="2019.07-devel-249-g5bb49-HEAD"/></properties><testcase classname="b-l475e-iot01a.tests_pthread" file="tests/01-run.py" line="9" name="test.tests.01-run.testfunc" time="4.359664678573608"><system-out>ssh -t iotlab@saclay.iot-lab.info &apos;socat - tcp:st-iotnode-1.saclay.iot-lab.info:20000&apos;
 (  384) | 0x20001668 | 0x200019ac  |  1.578% |       529
	  6 | thread               | bl rx    _ |   6 |   1024 (  384) | 0x20001a68 | 0x20001dac  |  1.868% |       557
	  7 | thread               | bl rx    _ |   6 |   1024 (  384) | 0x20001e68 | 0x20002���n(): This is RIOT! (Version: buildtest)
main: parameter = 6
pthread: parameter = 6
pthread: factorial = 720
main: factorial = 720
SUCCESS

</system-out></testcase></testsuite>