<?xml version="1.0" encoding="utf-8"?><testsuite errors="0" failures="0" name="riot_tests" skips="0" tests="1" time="5.565"><properties><property name="RIOT_VERSION" value="2019.07-devel-249-g5bb49-HEAD"/></properties><testcase classname="samr21-xpro.tests_events" file="tests/01-run.py" line="13" name="test.tests.01-run.testfunc" time="5.548372507095337"><system-out>ssh -t iotlab@saclay.iot-lab.info &apos;socat - tcp:samr21-1.saclay.iot-lab.info:20000&apos;
main(): This is RIOT! (Version: buildtest)
[START] event test application.

initializing detached event queue 0x20000a18
posting 0x2000021c
posting 0x20000224
running thread that will claim event queue 0x20000a18
claiming event queue 0x20000a18
launching event queue 0x20000a18
triggered delayed event 0x2000021c
triggered delayed event 0x20000224
posting 0x2000022c
posting 0x20000234
canceling 0x20000234
posting custom event
posting timed callback with timeout 1sec
posting timed callback with timeout 0.5sec and canceling it again
launching event queue
triggered 0x2000022c
triggered custom event with text: &quot;CUSTOM CALLBACK&quot;
triggered timed callback with arg 0x12345678 after 1000054us
[SUCCESS]

</system-out></testcase></testsuite>