<?xml version="1.0" encoding="utf-8"?><testsuite errors="0" failures="0" name="riot_tests" skips="0" tests="1" time="5.221"><properties><property name="RIOT_VERSION" value="2019.07-devel-226-g45c97-pr/wip/pytest"/></properties><testcase classname="samr21-xpro.tests_xtimer_usleep" file="tests/01-run.py" line="25" name="test.tests.01-run.testfunc" time="5.208633899688721"><system-out>/home/harter/work/git/RIOT/dist/tools/pyterm/pyterm -p &quot;/dev/ttyACM0&quot; -b &quot;115200&quot;
Twisted not available, please install it if you want to use pyterm&apos;s JSON capabilities
2019-05-13 20:12:07,675 - INFO # Connect to serial port /dev/ttyACM0
Welcome to pyterm!
Type &apos;/exit&apos; to exit.
2019-05-13 20:12:10,824 - INFO # main(): This is RIOT! (Version: buildtest)
2019-05-13 20:12:10,829 - INFO # Running test 5 times with 7 distinct sleep times
2019-05-13 20:12:10,833 - INFO # Please hit any key and then ENTER to continue
a
2019-05-13 20:12:10,899 - INFO # Slept for 10052 us (expected: 10000 us) Offset: 52 us
2019-05-13 20:12:10,954 - INFO # Slept for 50052 us (expected: 50000 us) Offset: 52 us
2019-05-13 20:12:10,969 - INFO # Slept for 10286 us (expected: 10234 us) Offset: 52 us
2019-05-13 20:12:11,031 - INFO # Slept for 56832 us (expected: 56780 us) Offset: 52 us
2019-05-13 20:12:11,049 - INFO # Slept for 12174 us (expected: 12122 us) Offset: 52 us
2019-05-13 20:12:11,152 - INFO # Slept for 98817 us (expected: 98765 us) Offset: 52 us
2019-05-13 20:12:11,233 - INFO # Slept for 75052 us (expected: 75000 us) Offset: 52 us
2019-05-13 20:12:11,248 - INFO # Slept for 10052 us (expected: 10000 us) Offset: 52 us
2019-05-13 20:12:11,303 - INFO # Slept for 50052 us (expected: 50000 us) Offset: 52 us
2019-05-13 20:12:11,318 - INFO # Slept for 10286 us (expected: 10234 us) Offset: 52 us
2019-05-13 20:12:11,380 - INFO # Slept for 56832 us (expected: 56780 us) Offset: 52 us
2019-05-13 20:12:11,397 - INFO # Slept for 12174 us (expected: 12122 us) Offset: 52 us
2019-05-13 20:12:11,501 - INFO # Slept for 98817 us (expected: 98765 us) Offset: 52 us
2019-05-13 20:12:11,581 - INFO # Slept for 75052 us (expected: 75000 us) Offset: 52 us
2019-05-13 20:12:11,596 - INFO # Slept for 10052 us (expected: 10000 us) Offset: 52 us
2019-05-13 20:12:11,652 - INFO # Slept for 50052 us (expected: 50000 us) Offset: 52 us
2019-05-13 20:12:11,667 - INFO # Slept for 10286 us (expected: 10234 us) Offset: 52 us
2019-05-13 20:12:11,729 - INFO # Slept for 56832 us (expected: 56780 us) Offset: 52 us
2019-05-13 20:12:11,746 - INFO # Slept for 12174 us (expected: 12122 us) Offset: 52 us
2019-05-13 20:12:11,850 - INFO # Slept for 98817 us (expected: 98765 us) Offset: 52 us
2019-05-13 20:12:11,930 - INFO # Slept for 75052 us (expected: 75000 us) Offset: 52 us
2019-05-13 20:12:11,945 - INFO # Slept for 10052 us (expected: 10000 us) Offset: 52 us
2019-05-13 20:12:12,000 - INFO # Slept for 50052 us (expected: 50000 us) Offset: 52 us
2019-05-13 20:12:12,016 - INFO # Slept for 10286 us (expected: 10234 us) Offset: 52 us
2019-05-13 20:12:12,078 - INFO # Slept for 56832 us (expected: 56780 us) Offset: 52 us
2019-05-13 20:12:12,094 - INFO # Slept for 12174 us (expected: 12122 us) Offset: 52 us
2019-05-13 20:12:12,199 - INFO # Slept for 98817 us (expected: 98765 us) Offset: 52 us
2019-05-13 20:12:12,279 - INFO # Slept for 75052 us (expected: 75000 us) Offset: 52 us
2019-05-13 20:12:12,294 - INFO # Slept for 10052 us (expected: 10000 us) Offset: 52 us
2019-05-13 20:12:12,349 - INFO # Slept for 50052 us (expected: 50000 us) Offset: 52 us
2019-05-13 20:12:12,364 - INFO # Slept for 10286 us (expected: 10234 us) Offset: 52 us
2019-05-13 20:12:12,426 - INFO # Slept for 56832 us (expected: 56780 us) Offset: 52 us
2019-05-13 20:12:12,443 - INFO # Slept for 12174 us (expected: 12122 us) Offset: 52 us
2019-05-13 20:12:12,548 - INFO # Slept for 98817 us (expected: 98765 us) Offset: 52 us
2019-05-13 20:12:12,628 - INFO # Slept for 75052 us (expected: 75000 us) Offset: 52 us
2019-05-13 20:12:12,630 - INFO # Test ran for 1735621 us

</system-out></testcase></testsuite>