<?xml version="1.0" encoding="utf-8"?><testsuite errors="0" failures="0" name="riot_tests" skips="0" tests="1" time="5.856"><properties><property name="RIOT_VERSION" value="2019.04-devel-319-g00c71-pr/wip/pytest"/></properties><testcase classname="iotlab-m3" file="tests/01-run.py" line="6" name="iotlab-m3.tests_thread_msg_seq.test.tests.01-run.testfunc" time="5.845360994338989"><system-out>ssh -t harter@grenoble.iot-lab.info &apos;socat - tcp:m3-8.grenoble.iot-lab.info:20000&apos;
�main(): This is RIOT! (Version: buildtest)
START
THREADS CREATED

THREAD nr1 (pid:3) start
THREAD nr1 (pid:3) end.
THREAD nr2 (pid:4) start
THREAD nr3 (pid:5) start
Got msg from pid 3: &quot;nr1&quot;
THREAD nr2 (pid:4) end.
Got msg from pid 4: &quot;nr2&quot;
THREAD nr3 (pid:5) end.
Got msg from pid 5: &quot;nr3&quot;
SUCCESS
�main(): This is RIOT! (Version: buildtest)
START
THREADS CREATED

THREAD nr1 (pid:3) start
THREAD nr1 (pid:3) end.
THREAD nr2 (pid:4) start
THREAD nr3 (pid:5) start
Got msg from pid 3: &quot;nr1&quot;
THREAD nr2 (pid:4) end.
Got msg from pid 4: &quot;nr2&quot;
THREAD nr3 (pid:5) end.
Got msg from pid 5: &quot;nr3&quot;
SUCCESS

</system-out></testcase></testsuite>