<?xml version="1.0" encoding="utf-8"?><testsuite errors="0" failures="0" name="native:gnu" skips="0" tests="1" time="64.860"><testcase classname="native:gnu.tests_pkg_umorse.test.tests.01-run" file="tests/01-run.py" line="12" name="testfunc" time="64.84777665138245"><system-out>/home/cladmi/git/work/RIOT/tests/pkg_umorse/bin/native/tests_pkg_umorse.elf  
RIOT native interrupts/signals initialized.
LED_RED_OFF
LED_GREEN_ON
RIOT native board initialized.
RIOT native hardware initialization complete.

main(): This is RIOT! (Version: buildtest)
LED_RED_OFF
[START]
&gt; Translate text of length 30 into Morse code:
&quot;Hello RIOT-OS!
This is uMorse.&quot;
&gt; using aligned encoding:
.... . ._.. ._.. ___ / ._. .. ___ _ ___ ...
_ .... .. ... / .. ... / .._ __ ___ ._. ... .
&gt; encoded length=52
&gt; using compact encoding:
.... . ._.. ._.. ___ / ._. .. ___ _ ___ ...
_ .... .. ... / .. ... / .._ __ ___ ._. ... .
LED_RED_ON
LED_RED_OFF
LED_RED_ON
LED_RED_OFF
LED_RED_ON
LED_RED_OFF
LED_RED_ON
LED_RED_OFF
LED_RED_ON
LED_RED_OFF
LED_RED_ON
LED_RED_OFF
LED_RED_ON
LED_RED_OFF
LED_RED_ON
LED_RED_OFF
LED_RED_ON
LED_RED_OFF
LED_RED_ON
LED_RED_OFF
LED_RED_ON
LED_RED_OFF
LED_RED_ON
LED_RED_OFF
LED_RED_ON
LED_RED_OFF
LED_RED_ON
LED_RED_OFF
LED_RED_ON
LED_RED_OFF
LED_RED_ON
LED_RED_OFF
LED_RED_ON
LED_RED_OFF
LED_RED_ON
LED_RED_OFF
LED_RED_ON
LED_RED_OFF
LED_RED_ON
LED_RED_OFF
LED_RED_ON
LED_RED_OFF
LED_RED_ON
LED_RED_OFF
LED_RED_ON
LED_RED_OFF
LED_RED_ON
LED_RED_OFF
LED_RED_ON
LED_RED_OFF
LED_RED_ON
LED_RED_OFF
LED_RED_ON
LED_RED_OFF
LED_RED_ON
LED_RED_OFF
LED_RED_ON
LED_RED_OFF
LED_RED_ON
LED_RED_OFF
LED_RED_ON
LED_RED_OFF
LED_RED_ON
LED_RED_OFF
LED_RED_ON
LED_RED_OFF
LED_RED_ON
LED_RED_OFF
LED_RED_ON
LED_RED_OFF
LED_RED_ON
LED_RED_OFF
LED_RED_ON
LED_RED_OFF
LED_RED_ON
LED_RED_OFF
LED_RED_ON
LED_RED_OFF
LED_RED_ON
LED_RED_OFF
LED_RED_ON
LED_RED_OFF
LED_RED_ON
LED_RED_OFF
LED_RED_ON
LED_RED_OFF
LED_RED_ON
LED_RED_OFF
LED_RED_ON
LED_RED_OFF
LED_RED_ON
LED_RED_OFF
LED_RED_ON
LED_RED_OFF
LED_RED_ON
LED_RED_OFF
LED_RED_ON
LED_RED_OFF
LED_RED_ON
LED_RED_OFF
LED_RED_ON
LED_RED_OFF
LED_RED_ON
LED_RED_OFF
LED_RED_ON
LED_RED_OFF
LED_RED_ON
LED_RED_OFF
LED_RED_ON
LED_RED_OFF
LED_RED_ON
LED_RED_OFF
LED_RED_ON
LED_RED_OFF
LED_RED_ON
LED_RED_OFF
LED_RED_ON
LED_RED_OFF
LED_RED_ON
LED_RED_OFF
LED_RED_ON
LED_RED_OFF
&gt; encoded length=25
[SUCCESS]

</system-out></testcase></testsuite>