<?xml version="1.0" encoding="utf-8"?><testsuite errors="0" failures="0" name="iotlab-m3" skips="0" tests="1" time="20.064"><properties><property name="RIOT_VERSION" value="2019.07-devel-249-g5bb49-HEAD"/></properties><testcase classname="iotlab-m3.tests_bitarithm_timings" file="tests/01-run.py" line="12" name="test.tests.01-run.testfunc" time="20.04099988937378"><system-out>ssh -t iotlab@saclay.iot-lab.info &apos;socat - tcp:m3-1.saclay.iot-lab.info:20000&apos;
+ bitarithm_msb: 1737363 iterations per second
�main(): This is RIOT! (Version: buildtest)
Start.
�main(): This is RIOT! (Version: buildtest)
Start.
+ bitarithm_msb: 1737363 iterations per second
+ bitarithm_lsb: 3071657 iterations per second
+ bitarithm_bits_set: 370259 iterations per second
Done.

</system-out></testcase></testsuite>