<?xml version="1.0" encoding="utf-8"?><testsuite errors="0" failures="1" name="native.gnu.tests_pkg_lora-serialization" skips="0" tests="1" time="13.342"><testcase classname="native.gnu.tests_pkg_lora-serialization.test.tests.01-run" file="tests/01-run.py" line="8" name="testfunc" time="13.315930128097534"><failure message="pexpect.exceptions.TIMEOUT: SUCCESS">child = &lt;pytest_child.CustomSpawn object at 0x7f9c4eb68550&gt;

    def testfunc(child):
        for test in range(NB_TESTS):
            child.expect_exact(&apos;Test {}&apos;.format(test + 1))
&gt;           child.expect(&apos;SUCCESS&apos;)

tests/01-run.py:12: 
_ _ _ _ _ _ _ _ _ _ _ _ _ _ _ _ _ _ _ _ _ _ _ _ _ _ _ _ _ _ _ _ _ _ _ _ _ _ _ _ 

self = &lt;pytest_child.CustomSpawn object at 0x7f9c4eb68550&gt;, pattern = &apos;SUCCESS&apos;
args = (), kwargs = {}

    def expect(self, pattern, *args, **kwargs):
        # pylint:disable=arguments-differ
        try:
            return super().expect(pattern, *args, **kwargs)
        except (pexpect.TIMEOUT, pexpect.EOF) as exc:
            exc.orig_value = exc.value
            exc.value = pattern
&gt;           raise exc.with_traceback(None) from None
E           pexpect.exceptions.TIMEOUT: SUCCESS

../../dist/tools/pytest_wrappers/test/pytest_child.py:90: TIMEOUT</failure><system-out>/home/cladmi/git/work/RIOT/tests/pkg_lora-serialization/bin/native/tests_pkg_lora-serialization.elf  
RIOT native interrupts/signals initialized.
LED_RED_OFF
LED_GREEN_ON
RIOT native board initialized.
RIOT native hardware initialization complete.

main(): This is RIOT! (Version: buildtest)
Lora Serialization test

Test 1
Temperature and humidity
---------------------------------
- Writing temperature: 80.12
- Writing humidity: 99.99
- Encoded:  1f 4c 0f 27
- Expected: 1f 4c 0e 27
---------------------------------
FAILED

Test 2
Coordinates and unix time
---------------------------------
- Writing coordinates: -33.905052, 151.26641
- Writing unix time: 1467632413
- Encoded:  64 a6 fa fd 6a 24 04 09 1d 4b 7a 57
- Expected: 65 a6 fa fd 6a 24 04 09 1d 4b 7a 57
---------------------------------
FAILED

</system-out></testcase></testsuite>