<?xml version="1.0" encoding="utf-8"?><testsuite errors="0" failures="0" name="native.gnu" skips="0" tests="1" time="3.302"><testcase classname="native.gnu.tests_pkg_minmea.test.tests.01-run" file="tests/01-run.py" line="6" name="testfunc" time="3.289963722229004"><system-out>/home/cladmi/git/work/RIOT/tests/pkg_minmea/bin/native/tests_pkg_minmea.elf  
RIOT native interrupts/signals initialized.
LED_RED_OFF
LED_GREEN_ON
RIOT native board initialized.
RIOT native hardware initialization complete.

main(): This is RIOT! (Version: buildtest)
START
parsed coordinates: lat=52.483630 lon=13.446008
SUCCESS

</system-out></testcase></testsuite>