<?xml version="1.0" encoding="utf-8"?><testsuite errors="0" failures="0" name="nrf52dk.tests_periph_gpio" skips="0" tests="1" time="18.580"><properties><property name="RIOT_VERSION" value="2019.07-devel-249-g5bb49-HEAD"/></properties><testcase classname="nrf52dk.tests_periph_gpio" file="tests/02-bench.py" line="12" name="test.tests.02-bench.testfunc" time="18.563658952713013"><system-out>ssh -t iotlab@saclay.iot-lab.info &apos;socat - tcp:nrf52dk-1.saclay.iot-lab.info:20000&apos;
rts/pins is not defined!
&gt; main(): This is RIOT! (Version: buildtest)
GPIO peripheral driver test

In this test, pins are specified by integer port and pin numbers.
So if your platform has a pin PA01, it will be port=0 and pin=1,
PC14 would be port=2 and pin=14 etc.

NOTE: make sure the values you use exist on your platform! The
      behavior for not existing ports/pins is not defined!
&gt; bench 0 0
bench 0 0

GPIO driver run-time performance benchmark

                 nop loop:    156251us  ---   0.156us per call  ---    6399959 calls per sec
                 gpio_set:    250001us  ---   0.250us per call  ---    3999984 calls per sec
               gpio_clear:    250001us  ---   0.250us per call  ---    3999984 calls per sec
              gpio_toggle:    296876us  ---   0.296us per call  ---    3368409 calls per sec
                gpio_read:    421876us  ---   0.421us per call  ---    2370364 calls per sec
               gpio_write:    265626us  ---   0.265us per call  ---    3764691 calls per sec

 --- DONE ---
&gt; bench 0 1
bench 0 1

GPIO driver run-time performance benchmark

                 nop loop:    156251us  ---   0.156us per call  ---    6399959 calls per sec
                 gpio_set:    250001us  ---   0.250us per call  ---    3999984 calls per sec
               gpio_clear:    250001us  ---   0.250us per call  ---    3999984 calls per sec
              gpio_toggle:    296876us  ---   0.296us per call  ---    3368409 calls per sec
                gpio_read:    421876us  ---   0.421us per call  ---    2370364 calls per sec
               gpio_write:    265626us  ---   0.265us per call  ---    3764691 calls per sec

 --- DONE ---
&gt;bench 0 2
 bench 0 2

GPIO driver run-time performance benchmark

                 nop loop:    156251us  ---   0.156us per call  ---    6399959 calls per sec
                 gpio_set:    250001us  ---   0.250us per call  ---    3999984 calls per sec
               gpio_clear:    250001us  ---   0.250us per call  ---    3999984 calls per sec
              gpio_toggle:    296876us  ---   0.296us per call  ---    3368409 calls per sec
                gpio_read:    421876us  ---   0.421us per call  ---    2370364 calls per sec
               gpio_write:    265626us  ---   0.265us per call  ---    3764691 calls per sec

 --- DONE ---
&gt;bench 0 3
 bench 0 3

GPIO driver run-time performance benchmark

                 nop loop:    156251us  ---   0.156us per call  ---    6399959 calls per sec
                 gpio_set:    250001us  ---   0.250us per call  ---    3999984 calls per sec
               gpio_clear:    250001us  ---   0.250us per call  ---    3999984 calls per sec
              gpio_toggle:    296876us  ---   0.296us per call  ---    3368409 calls per sec
                gpio_read:    421876us  ---   0.421us per call  ---    2370364 calls per sec
               gpio_write:    265626us  ---   0.265us per call  ---    3764691 calls per sec

 --- DONE ---
&gt; bench 0 4
bench 0 4

GPIO driver run-time performance benchmark

                 nop loop:    156250us  ---   0.156us per call  ---    6400000 calls per sec
                 gpio_set:    250001us  ---   0.250us per call  ---    3999984 calls per sec
               gpio_clear:    250001us  ---   0.250us per call  ---    3999984 calls per sec
              gpio_toggle:    296876us  ---   0.296us per call  ---    3368409 calls per sec
                gpio_read:    421876us  ---   0.421us per call  ---    2370364 calls per sec
               gpio_write:    265626us  ---   0.265us per call  ---    3764691 calls per sec

 --- DONE ---
&gt; bench 0 5
bench 0 5

GPIO driver run-time performance benchmark

                 nop loop:    156251us  ---   0.156us per call  ---    6399959 calls per sec
                 gpio_set:    250001us  ---   0.250us per call  ---    3999984 calls per sec
               gpio_clear:    250001us  ---   0.250us per call  ---    3999984 calls per sec
              gpio_toggle:    296876us  ---   0.296us per call  ---    3368409 calls per sec
                gpio_read:    421876us  ---   0.421us per call  ---    2370364 calls per sec
               gpio_write:    265626us  ---   0.265us per call  ---    3764691 calls per sec

 --- DONE ---
&gt; bench 0 6
bench 0 6

GPIO driver run-time performance benchmark

                 nop loop:    156251us  ---   0.156us per call  ---    6399959 calls per sec
                 gpio_set:    250002us  ---   0.250us per call  ---    3999968 calls per sec
               gpio_clear:    250001us  ---   0.250us per call  ---    3999984 calls per sec
              gpio_toggle:    296876us  ---   0.296us per call  ---    3368409 calls per sec
                gpio_read:    406251us  ---   0.406us per call  ---    2461532 calls per sec
               gpio_write:    265626us  ---   0.265us per call  ---    3764691 calls per sec

 --- DONE ---
&gt; bench 0 7
bench 0 7

GPIO driver run-time performance benchmark

                 nop loop:    156250us  ---   0.156us per call  ---    6400000 calls per sec
                 gpio_set:    250001us  ---   0.250us per call  ---    3999984 calls per sec
               gpio_clear:    250001us  ---   0.250us per call  ---    3999984 calls per sec
              gpio_toggle:    296876us  ---   0.296us per call  ---    3368409 calls per sec
                gpio_read:    421876us  ---   0.421us per call  ---    2370364 calls per sec
               gpio_write:    265626us  ---   0.265us per call  ---    3764691 calls per sec

 --- DONE ---
&gt; Benchmark was successful

</system-out></testcase></testsuite>