<?xml version="1.0" encoding="utf-8"?><testsuite errors="0" failures="0" name="riot_tests" skips="0" tests="1" time="4.443"><properties><property name="RIOT_VERSION" value="2019.07-devel-249-g5bb49-HEAD"/></properties><testcase classname="b-l475e-iot01a.tests_pthread_tls" file="tests/01-run.py" line="14" name="test.tests.01-run.testfunc" time="4.4262535572052"><system-out>ssh -t iotlab@saclay.iot-lab.info &apos;socat - tcp:st-iotnode-1.saclay.iot-lab.info:20000&apos;
��in(): This is RIOT! (Version: buildtest)
START

-= TEST 1 - create 20 tls with sequencial values 0...19 =-
now rise sequencial by one values 1...20
pick deliberate storage (key[3]:536877432) and change the value
show tls values:
key[0]: 536877336, val: 1
key[1]: 536877368, val: 2
key[2]: 536877400, val: 3
key[3]: 536877432, val: 42
key[4]: 536877464, val: 5
key[5]: 536877496, val: 6
key[6]: 536877528, val: 7
key[7]: 536877560, val: 8
key[8]: 536877592, val: 9
key[9]: 536877624, val: 10
key[1main(): This is RIOT! (Version: buildtest)
START

-= TEST 1 - create 20 tls with sequencial values 0...19 =-
now rise sequencial by one values 1...20
pick deliberate storage (key[3]:536877432) and change the value
show tls values:
key[0]: 536877336, val: 1
key[1]: 536877368, val: 2
key[2]: 536877400, val: 3
key[3]: 536877432, val: 42
key[4]: 536877464, val: 5
key[5]: 536877496, val: 6
key[6]: 536877528, val: 7
key[7]: 536877560, val: 8
key[8]: 536877592, val: 9
key[9]: 536877624, val: 10
key[10]: 536877656, val: 11
key[11]: 536877688, val: 12
key[12]: 536877720, val: 13
key[13]: 536877752, val: 14
key[14]: 536877784, val: 15
key[15]: 536877816, val: 16
key[16]: 536877848, val: 17
key[17]: 536877880, val: 18
key[18]: 536877912, val: 19
key[19]: 536877944, val: 20

 -= TEST 2 - delete deliberate key (key[5]:536877496) =-
show tls values:
key[0]: 536877336, val: 1
key[1]: 536877368, val: 2
key[2]: 536877400, val: 3
key[3]: 536877432, val: 42
key[4]: 536877464, val: 5
key[6]: 536877528, val: 7
key[7]: 536877560, val: 8
key[8]: 536877592, val: 9
key[9]: 536877624, val: 10
key[10]: 536877656, val: 11
key[11]: 536877688, val: 12
key[12]: 536877720, val: 13
key[13]: 536877752, val: 14
key[14]: 536877784, val: 15
key[15]: 536877816, val: 16
key[16]: 536877848, val: 17
key[17]: 536877880, val: 18
key[18]: 536877912, val: 19
key[19]: 536877944, val: 20

-= TEST 3 - create new tls =-
added new tls, key: 536877976, val: 99
show tls values:
key[0]: 536877336, val: 1
key[1]: 536877368, val: 2
key[2]: 536877400, val: 3
key[3]: 536877432, val: 42
key[4]: 536877464, val: 5
key[6]: 536877528, val: 7
key[7]: 536877560, val: 8
key[8]: 536877592, val: 9
key[9]: 536877624, val: 10
key[10]: 536877656, val: 11
key[11]: 536877688, val: 12
key[12]: 536877720, val: 13
key[13]: 536877752, val: 14
key[14]: 536877784, val: 15
key[15]: 536877816, val: 16
key[16]: 536877848, val: 17
key[17]: 536877880, val: 18
key[18]: 536877912, val: 19
key[19]: 536877944, val: 20

-= TEST 4 - delete all keys =-
show tls values:

-= TEST 5 - try delete non-existing key =-
try to delete returns: 0

-= TEST 6 - add key and delete without a tls =-
created key: 536878008
try to delete returns: 0

-= TEST 7 - add key without tls =-
created key: 536878016
test_7_val: 0
tls tests finished.
SUCCESS

</system-out></testcase></testsuite>