<?xml version="1.0" encoding="utf-8"?><testsuite errors="0" failures="0" name="native:gnu" skips="0" tests="1" time="3.305"><testcase classname="native:gnu.tests_riotboot_hdr.test.tests.01-run" file="tests/01-run.py" line="12" name="testfunc" time="3.2928147315979004"><system-out>/home/cladmi/git/work/RIOT/tests/riotboot_hdr/bin/native/tests_riotboot_hdr.elf  
RIOT native interrupts/signals initialized.
LED_RED_OFF
LED_GREEN_ON
RIOT native board initialized.
RIOT native hardware initialization complete.

....
OK (4 tests)

</system-out></testcase></testsuite>