<?xml version="1.0" encoding="utf-8"?><testsuite errors="0" failures="0" name="native:gnu" skips="0" tests="1" time="4.947"><testcase classname="native:gnu.tests_xtimer_usleep.test.tests.01-run" file="tests/01-run.py" line="25" name="testfunc" time="4.935182571411133"><system-out>/home/cladmi/git/work/RIOT/tests/xtimer_usleep/bin/native/tests_xtimer_usleep.elf  
RIOT native interrupts/signals initialized.
LED_RED_OFF
LED_GREEN_ON
RIOT native board initialized.
RIOT native hardware initialization complete.

main(): This is RIOT! (Version: buildtest)
Running test 5 times with 7 distinct sleep times
Please hit any key and then ENTER to continue
a
Slept for 10037 us (expected: 10000 us) Offset: 37 us
Slept for 50032 us (expected: 50000 us) Offset: 32 us
Slept for 10322 us (expected: 10234 us) Offset: 88 us
Slept for 56823 us (expected: 56780 us) Offset: 43 us
Slept for 12180 us (expected: 12122 us) Offset: 58 us
Slept for 98810 us (expected: 98765 us) Offset: 45 us
Slept for 75054 us (expected: 75000 us) Offset: 54 us
Slept for 10041 us (expected: 10000 us) Offset: 41 us
Slept for 50040 us (expected: 50000 us) Offset: 40 us
Slept for 10272 us (expected: 10234 us) Offset: 38 us
Slept for 56812 us (expected: 56780 us) Offset: 32 us
Slept for 12300 us (expected: 12122 us) Offset: 178 us
Slept for 98964 us (expected: 98765 us) Offset: 199 us
Slept for 75065 us (expected: 75000 us) Offset: 65 us
Slept for 10078 us (expected: 10000 us) Offset: 78 us
Slept for 50061 us (expected: 50000 us) Offset: 61 us
Slept for 10252 us (expected: 10234 us) Offset: 18 us
Slept for 56909 us (expected: 56780 us) Offset: 129 us
Slept for 12153 us (expected: 12122 us) Offset: 31 us
Slept for 98791 us (expected: 98765 us) Offset: 26 us
Slept for 75046 us (expected: 75000 us) Offset: 46 us
Slept for 10143 us (expected: 10000 us) Offset: 143 us
Slept for 50112 us (expected: 50000 us) Offset: 112 us
Slept for 10284 us (expected: 10234 us) Offset: 50 us
Slept for 56915 us (expected: 56780 us) Offset: 135 us
Slept for 12185 us (expected: 12122 us) Offset: 63 us
Slept for 98789 us (expected: 98765 us) Offset: 24 us
Slept for 75045 us (expected: 75000 us) Offset: 45 us
Slept for 10042 us (expected: 10000 us) Offset: 42 us
Slept for 50066 us (expected: 50000 us) Offset: 66 us
Slept for 10288 us (expected: 10234 us) Offset: 54 us
Slept for 56876 us (expected: 56780 us) Offset: 96 us
Slept for 12143 us (expected: 12122 us) Offset: 21 us
Slept for 98801 us (expected: 98765 us) Offset: 36 us
Slept for 75098 us (expected: 75000 us) Offset: 98 us
Test ran for 1567838 us

</system-out></testcase></testsuite>