<?xml version="1.0" encoding="utf-8"?><testsuite errors="0" failures="0" name="native:gnu" skips="0" tests="1" time="3.281"><testcase classname="native:gnu.tests_msg_try_receive.test.tests.01-run" file="tests/01-run.py" line="6" name="testfunc" time="3.2716739177703857"><system-out>/home/cladmi/git/work/RIOT/tests/msg_try_receive/bin/native/tests_msg_try_receive.elf  
RIOT native interrupts/signals initialized.
LED_RED_OFF
LED_GREEN_ON
RIOT native board initialized.
RIOT native hardware initialization complete.

main(): This is RIOT! (Version: buildtest)
main starting
sending message...
msg available: 1 (should be 1!)

</system-out></testcase></testsuite>