<?xml version="1.0" encoding="utf-8"?><testsuite errors="0" failures="0" name="native.gnu" skips="0" tests="1" time="3.340"><testcase classname="native.gnu.tests_thread_basic.test.tests.01-run" file="tests/01-run.py" line="12" name="testfunc" time="3.325859308242798"><system-out>/home/cladmi/git/work/RIOT/tests/thread_basic/bin/native/tests_thread_basic.elf  
RIOT native interrupts/signals initialized.
LED_RED_OFF
LED_GREEN_ON
RIOT native board initialized.
RIOT native hardware initialization complete.

main(): This is RIOT! (Version: buildtest)
first thread

second thread


</system-out></testcase></testsuite>