<?xml version="1.0" encoding="utf-8"?><testsuite errors="0" failures="0" name="riot_tests" skips="0" tests="1" time="3.265"><properties><property name="RIOT_VERSION" value="2019.04-devel-319-g00c71-pr/wip/pytest"/></properties><testcase classname="native.gnu.tests_thread_basic.test.tests.01-run" file="tests/01-run.py" line="12" name="testfunc" package="native.gnu" time="3.258265256881714"><system-out>lala
lala
/home/cladmi/git/work/RIOT/tests/thread_basic/bin/native/tests_thread_basic.elf  
RIOT native interrupts/signals initialized.
LED_RED_OFF
LED_GREEN_ON
RIOT native board initialized.
RIOT native hardware initialization complete.

main(): This is RIOT! (Version: buildtest)
first thread

second thread


</system-out></testcase></testsuite>