<?xml version="1.0" encoding="utf-8"?><testsuite errors="0" failures="0" name="samr21-xpro.tests_xtimer_periodic_wakeup" skips="0" tests="1" time="5.723"><properties><property name="RIOT_VERSION" value="2019.07-devel-249-g5bb49-HEAD"/></properties><testcase classname="samr21-xpro.tests_xtimer_periodic_wakeup" file="tests/01-run.py" line="12" name="test.tests.01-run.testfunc" time="5.704723834991455"><system-out>ssh -t iotlab@saclay.iot-lab.info &apos;socat - tcp:samr21-1.saclay.iot-lab.info:20000&apos;
main(): This is RIOT! (Version: buildtest)
xtimer_periodic_wakeup test application.

Testing interval 256... (now=7620)
Testing interval 255... (now=11072)
Testing interval 254... (now=14612)
Testing interval 253... (now=18151)
Testing interval 252... (now=21690)
Testing interval 251... (now=25228)
Testing interval 250... (now=28765)
Testing interval 249... (now=32302)
Testing interval 248... (now=35838)
Testing interval 247... (now=39373)
Testing interval 246... (now=42907)
Testing interval 245... (now=46440)
Testing interval 244... (now=49973)
Testing interval 243... (now=53504)
Testing interval 242... (now=57034)
Testing interval 241... (now=60564)
Testing interval 240... (now=64093)
Testing interval 239... (now=67620)
Testing interval 238... (now=71146)
Testing interval 237... (now=74672)
Testing interval 236... (now=78196)
Testing interval 235... (now=81719)
Testing interval 234... (now=85241)
Testing interval 233... (now=88762)
Testing interval 232... (now=92283)
Testing interval 231... (now=95803)
Testing interval 230... (now=99322)
Testing interval 229... (now=102839)
Testing interval 228... (now=106444)
Testing interval 227... (now=110048)
Testing interval 226... (now=113651)
Testing interval 225... (now=117253)
Testing interval 224... (now=120854)
Testing interval 223... (now=124454)
Testing interval 222... (now=128053)
Testing interval 221... (now=131651)
Testing interval 220... (now=135248)
Testing interval 219... (now=138844)
Testing interval 218... (now=142439)
Testing interval 217... (now=146033)
Testing interval 216... (now=149626)
Testing interval 215... (now=153218)
Testing interval 214... (now=156809)
Testing interval 213... (now=160399)
Testing interval 212... (now=163989)
Testing interval 211... (now=167578)
Testing interval 210... (now=171165)
Testing interval 209... (now=174752)
Testing interval 208... (now=178337)
Testing interval 207... (now=181922)
Testing interval 206... (now=185506)
Testing interval 205... (now=189089)
Testing interval 204... (now=192671)
Testing interval 203... (now=196252)
Testing interval 202... (now=199832)
Testing interval 201... (now=203411)
Testing interval 200... (now=206989)
Testing interval 199... (now=210566)
Testing interval 198... (now=214142)
Testing interval 197... (now=217717)
Testing interval 196... (now=221291)
Testing interval 195... (now=224864)
Testing interval 194... (now=228436)
Testing interval 193... (now=232007)
Testing interval 192... (now=235577)
Testing interval 191... (now=239145)
Testing interval 190... (now=242713)
Testing interval 189... (now=246280)
Testing interval 188... (now=249846)
Testing interval 187... (now=253411)
Testing interval 186... (now=256975)
Testing interval 185... (now=260537)
Testing interval 184... (now=264100)
Testing interval 183... (now=267661)
Testing interval 182... (now=271222)
Testing interval 181... (now=274781)
Testing interval 180... (now=278339)
Testing interval 179... (now=281896)
Testing interval 178... (now=285453)
Testing interval 177... (now=289008)
Testing interval 176... (now=292562)
Testing interval 175... (now=296115)
Testing interval 174... (now=299667)
Testing interval 173... (now=303218)
Testing interval 172... (now=306769)
Testing interval 171... (now=310318)
Testing interval 170... (now=313866)
Testing interval 169... (now=317413)
Testing interval 168... (now=320960)
Testing interval 167... (now=324505)
Testing interval 166... (now=328049)
Testing interval 165... (now=331592)
Testing interval 164... (now=335134)
Testing interval 163... (now=338675)
Testing interval 162... (now=342215)
Testing interval 161... (now=345755)
Testing interval 160... (now=349293)
Testing interval 159... (now=352830)
Testing interval 158... (now=356365)
Testing interval 157... (now=359900)
Testing interval 156... (now=363434)
Testing interval 155... (now=366967)
Testing interval 154... (now=370499)
Testing interval 153... (now=374030)
Testing interval 152... (now=377560)
Testing interval 151... (now=381089)
Testing interval 150... (now=384617)
Testing interval 149... (now=388144)
Testing interval 148... (now=391670)
Testing interval 147... (now=395195)
Testing interval 146... (now=398719)
Testing interval 145... (now=402242)
Testing interval 144... (now=405764)
Testing interval 143... (now=409285)
Testing interval 142... (now=412805)
Testing interval 141... (now=416324)
Testing interval 140... (now=419842)
Testing interval 139... (now=423359)
Testing interval 138... (now=426875)
Testing interval 137... (now=430390)
Testing interval 136... (now=433904)
Testing interval 135... (now=437417)
Testing interval 134... (now=440929)
Testing interval 133... (now=444440)
Testing interval 132... (now=447950)
Testing interval 131... (now=451459)
Testing interval 130... (now=454967)
Testing interval 129... (now=458474)
Testing interval 128... (now=461980)
Testing interval 127... (now=465485)
Testing interval 126... (now=468989)
Testing interval 125... (now=472492)
Testing interval 124... (now=475994)
Testing interval 123... (now=479496)
Testing interval 122... (now=482997)
Testing interval 121... (now=486496)
Testing interval 120... (now=489995)
Testing interval 119... (now=493493)
Testing interval 118... (now=496989)
Testing interval 117... (now=500484)
Testing interval 116... (now=503979)
Testing interval 115... (now=507472)
Testing interval 114... (now=510965)
Testing interval 113... (now=514456)
Testing interval 112... (now=517946)
Testing interval 111... (now=521435)
Testing interval 110... (now=524924)
Testing interval 109... (now=528411)
Testing interval 108... (now=531897)
Testing interval 107... (now=535382)
Testing interval 106... (now=538867)
Testing interval 105... (now=542350)
Testing interval 104... (now=545832)
Testing interval 103... (now=549313)
Testing interval 102... (now=552794)
Testing interval 101... (now=556273)
Testing interval 100... (now=559751)
Testing interval 99... (now=563229)
Testing interval 98... (now=566617)
Testing interval 97... (now=570004)
Testing interval 96... (now=573390)
Testing interval 95... (now=576775)
Testing interval 94... (now=580159)
Testing interval 93... (now=583542)
Testing interval 92... (now=586924)
Testing interval 91... (now=590305)
Testing interval 90... (now=593685)
Testing interval 89... (now=597064)
Testing interval 88... (now=600442)
Testing interval 87... (now=603819)
Testing interval 86... (now=607195)
Testing interval 85... (now=610570)
Testing interval 84... (now=613944)
Testing interval 83... (now=617317)
Testing interval 82... (now=620689)
Testing interval 81... (now=624059)
Testing interval 80... (now=627428)
Testing interval 79... (now=630796)
Testing interval 78... (now=634163)
Testing interval 77... (now=637529)
Testing interval 76... (now=640894)
Testing interval 75... (now=644259)
Testing interval 74... (now=647622)
Testing interval 73... (now=650985)
Testing interval 72... (now=654347)
Testing interval 71... (now=657708)
Testing interval 70... (now=661069)
Testing interval 69... (now=664428)
Testing interval 68... (now=667786)
Testing interval 67... (now=671143)
Testing interval 66... (now=674500)
Testing interval 65... (now=677823)
Testing interval 64... (now=681146)
Testing interval 63... (now=684469)
Testing interval 62... (now=687792)
Testing interval 61... (now=691115)
Testing interval 60... (now=694432)
Testing interval 59... (now=697749)
Testing interval 58... (now=701066)
Testing interval 57... (now=704383)
Testing interval 56... (now=707700)
Testing interval 55... (now=711017)
Testing interval 54... (now=714328)
Testing interval 53... (now=717639)
Testing interval 52... (now=720949)
Testing interval 51... (now=724260)
Testing interval 50... (now=727571)
Testing interval 49... (now=730882)
Testing interval 48... (now=734187)
Testing interval 47... (now=737492)
Testing interval 46... (now=740797)
Testing interval 45... (now=744102)
Testing interval 44... (now=747407)
Testing interval 43... (now=750712)
Testing interval 42... (now=754011)
Testing interval 41... (now=757310)
Testing interval 40... (now=760609)
Testing interval 39... (now=763908)
Testing interval 38... (now=767207)
Testing interval 37... (now=770506)
Testing interval 36... (now=773799)
Testing interval 35... (now=777092)
Testing interval 34... (now=780385)
Testing interval 33... (now=783678)
Testing interval 32... (now=786971)
Testing interval 31... (now=790264)
Testing interval 30... (now=793551)
Testing interval 29... (now=796838)
Testing interval 28... (now=800125)
Testing interval 27... (now=803412)
Testing interval 26... (now=806699)
Testing interval 25... (now=809986)
Testing interval 24... (now=813267)
Testing interval 23... (now=816548)
Testing interval 22... (now=819829)
Testing interval 21... (now=823110)
Testing interval 20... (now=826391)
Testing interval 19... (now=829672)
Testing interval 18... (now=832946)
Testing interval 17... (now=836220)
Testing interval 16... (now=839495)
Testing interval 15... (now=842769)
Testing interval 14... (now=846043)
Testing interval 13... (now=849317)
Testing interval 12... (now=852585)
Testing interval 11... (now=855853)
Testing interval 10... (now=859121)
Testing interval 9... (now=862389)
Testing interval 8... (now=865569)
Testing interval 7... (now=868749)
Testing interval 6... (now=871916)
Testing interval 5... (now=875083)
Testing interval 4... (now=878250)
Testing interval 3... (now=881417)
Testing interval 2... (now=884584)
Testing interval 1... (now=887750)
 256 diff=48
 255 diff=48
 254 diff=48
 253 diff=48
 252 diff=48
 251 diff=48
 250 diff=48
 249 diff=48
 248 diff=48
 247 diff=48
 246 diff=48
 245 diff=48
 244 diff=48
 243 diff=47
 242 diff=48
 241 diff=48
 240 diff=47
 239 diff=48
 238 diff=48
 237 diff=48
 236 diff=48
 235 diff=48
 234 diff=48
 233 diff=48
 232 diff=48
 231 diff=48
 230 diff=48
 229 diff=48
 228 diff=48
 227 diff=48
 226 diff=48
 225 diff=48
 224 diff=48
 223 diff=48
 222 diff=48
 221 diff=48
 220 diff=48
 219 diff=48
 218 diff=48
 217 diff=48
 216 diff=48
 215 diff=48
 214 diff=48
 213 diff=48
 212 diff=48
 211 diff=47
 210 diff=48
 209 diff=47
 208 diff=48
 207 diff=48
 206 diff=48
 205 diff=48
 204 diff=48
 203 diff=48
 202 diff=48
 201 diff=48
 200 diff=48
 199 diff=48
 198 diff=48
 197 diff=48
 196 diff=48
 195 diff=48
 194 diff=48
 193 diff=48
 192 diff=48
 191 diff=48
 190 diff=48
 189 diff=48
 188 diff=48
 187 diff=48
 186 diff=47
 185 diff=48
 184 diff=48
 183 diff=48
 182 diff=48
 181 diff=48
 180 diff=48
 179 diff=48
 178 diff=48
 177 diff=48
 176 diff=48
 175 diff=48
 174 diff=48
 173 diff=48
 172 diff=48
 171 diff=48
 170 diff=48
 169 diff=48
 168 diff=48
 167 diff=48
 166 diff=48
 165 diff=48
 164 diff=48
 163 diff=48
 162 diff=48
 161 diff=48
 160 diff=48
 159 diff=48
 158 diff=48
 157 diff=48
 156 diff=48
 155 diff=48
 154 diff=48
 153 diff=48
 152 diff=48
 151 diff=48
 150 diff=48
 149 diff=48
 148 diff=48
 147 diff=48
 146 diff=48
 145 diff=48
 144 diff=48
 143 diff=48
 142 diff=48
 141 diff=48
 140 diff=48
 139 diff=48
 138 diff=48
 137 diff=48
 136 diff=48
 135 diff=48
 134 diff=48
 133 diff=48
 132 diff=48
 131 diff=48
 130 diff=48
 129 diff=48
 128 diff=48
 127 diff=48
 126 diff=48
 125 diff=48
 124 diff=48
 123 diff=48
 122 diff=48
 121 diff=48
 120 diff=48
 119 diff=48
 118 diff=48
 117 diff=48
 116 diff=48
 115 diff=48
 114 diff=48
 113 diff=48
 112 diff=48
 111 diff=48
 110 diff=48
 109 diff=48
 108 diff=48
 107 diff=48
 106 diff=48
 105 diff=48
 104 diff=48
 103 diff=48
 102 diff=48
 101 diff=48
 100 diff=48
  99 diff=48
  98 diff=48
  97 diff=48
  96 diff=48
  95 diff=48
  94 diff=48
  93 diff=48
  92 diff=48
  91 diff=48
  90 diff=48
  89 diff=48
  88 diff=48
  87 diff=48
  86 diff=48
  85 diff=48
  84 diff=48
  83 diff=48
  82 diff=47
  81 diff=47
  80 diff=47
  79 diff=47
  78 diff=47
  77 diff=47
  76 diff=48
  75 diff=47
  74 diff=48
  73 diff=48
  72 diff=48
  71 diff=48
  70 diff=47
  69 diff=47
  68 diff=47
  67 diff=48
  66 diff=15
  65 diff=16
  64 diff=17
  63 diff=18
  62 diff=19
  61 diff=14
  60 diff=15
  59 diff=16
  58 diff=17
  57 diff=18
  56 diff=19
  55 diff=14
  54 diff=15
  53 diff=16
  52 diff=17
  51 diff=18
  50 diff=19
  49 diff=14
  48 diff=15
  47 diff=16
  46 diff=17
  45 diff=18
  44 diff=19
  43 diff=14
  42 diff=15
  41 diff=16
  40 diff=17
  39 diff=18
  38 diff=19
  37 diff=14
  36 diff=15
  35 diff=16
  34 diff=17
  33 diff=18
  32 diff=19
  31 diff=14
  30 diff=15
  29 diff=16
  28 diff=17
  27 diff=18
  26 diff=19
  25 diff=14
  24 diff=15
  23 diff=16
  22 diff=17
  21 diff=18
  20 diff=19
  19 diff=14
  18 diff=15
  17 diff=16
  16 diff=17
  15 diff=18
  14 diff=19
  13 diff=14
  12 diff=15
  11 diff=16
  10 diff=17
   9 diff=18
   8 diff=19
   7 diff=7
   6 diff=8
   5 diff=9
   4 diff=10
   3 diff=11
   2 diff=12
   1 diff=13

Min/max error: 7/48

Test complete.

</system-out></testcase></testsuite>