<?xml version="1.0" encoding="utf-8"?><testsuite errors="0" failures="0" name="samr21-xpro" skips="0" tests="1" time="69.395"><properties><property name="RIOT_VERSION" value="2019.07-devel-249-g5bb49-HEAD"/></properties><testcase classname="samr21-xpro.tests_pkg_umorse" file="tests/01-run.py" line="12" name="test.tests.01-run.testfunc" time="69.37967205047607"><system-out>ssh -t iotlab@saclay.iot-lab.info &apos;socat - tcp:samr21-1.saclay.iot-lab.info:20000&apos;
main(): This is RIOT! (Version: buildtest)
[START]
&gt; Translate text of length 30 into Morse code:
&quot;Hello RIOT-OS!
This is uMorse.&quot;
&gt; using aligned encoding:
.... . ._.. ._.. ___ / ._. .. ___ _ ___ ...
_ .... .. ... / .. ... / .._ __ ___ ._. ... .
&gt; encoded length=52
&gt; using compact encoding:
.... . ._.. ._.. ___ / ._. .. ___ _ ___ ...
_ .... .. ... / .. ... / .._ __ ___ ._. ... .
&gt; encoded length=25
[SUCCESS]

</system-out></testcase></testsuite>