<?xml version="1.0" encoding="utf-8"?><testsuite errors="0" failures="0" name="native.gnu" skips="0" tests="1" time="3.397"><testcase classname="native.gnu.native.gnu.tests.01-run" file="tests/01-run.py" line="12" name="testfunc" time="3.370180130004883"><system-out>/home/cladmi/git/work/RIOT/tests/cb_mux/bin/native/tests_cb_mux.elf  
RIOT native interrupts/signals initialized.
LED_RED_OFF
LED_GREEN_ON
RIOT native board initialized.
RIOT native hardware initialization complete.

main(): This is RIOT! (Version: buildtest)
cb_mux test routine
Test list addition, retrieval, execution of 5 CBs
Callback 0 executed
Callback 1 executed
Callback 2 executed
Callback 3 executed
Callback 4 executed
Test list deletion of CB 0, 2, 4, execution of 1, 3
Callback 1 executed
Callback 3 executed
Test execution of CB with lowest ID (1)
Callback 1 executed
Test execution of CB with highest ID (3)
Callback 3 executed
Re-adding list entries (0, 2, 4) by finding next free ID
Added entry 0
Added entry 2
Added entry 4
Test iteration of a function over list
Entry 0 was updated correctly
Entry 1 was updated correctly
Entry 2 was updated correctly
Entry 3 was updated correctly
Entry 4 was updated correctly
Tests complete!

</system-out></testcase></testsuite>