<?xml version="1.0" encoding="utf-8"?><testsuite errors="0" failures="0" name="native.gnu.tests_driver_grove_ledbar" skips="0" tests="1" time="26.715"><testcase classname="native.gnu.tests_driver_grove_ledbar.test.tests.01-run" file="tests/01-run.py" line="13" name="testfunc" time="26.70142698287964"><system-out>/home/cladmi/git/work/RIOT/tests/driver_grove_ledbar/bin/native/tests_driver_grove_ledbar.elf  
RIOT native interrupts/signals initialized.
LED_RED_OFF
LED_GREEN_ON
RIOT native board initialized.
RIOT native hardware initialization complete.

main(): This is RIOT! (Version: buildtest)
[START]
 stepwise increase LED bar to 100% and then decrease to 0%.

 &gt;&gt;&gt; round 1
 &gt;&gt;&gt; round 2
 &gt;&gt;&gt; round 3
 &gt;&gt;&gt; round 4
 &gt;&gt;&gt; round 5
[SUCCESS]

</system-out></testcase></testsuite>