<?xml version="1.0" encoding="utf-8"?><testsuite errors="0" failures="0" name="native.gnu.tests_pkg_libb2" skips="0" tests="1" time="3.281"><testcase classname="native.gnu.tests_pkg_libb2.test.tests.01-run" file="tests/01-run.py" line="12" name="testfunc" time="3.2738800048828125"><system-out>/home/cladmi/git/work/RIOT/tests/pkg_libb2/bin/native/tests_pkg_libb2.elf  
RIOT native interrupts/signals initialized.
LED_RED_OFF
LED_GREEN_ON
RIOT native board initialized.
RIOT native hardware initialization complete.

main(): This is RIOT! (Version: buildtest)
..
OK (2 tests)

</system-out></testcase></testsuite>