<?xml version="1.0" encoding="utf-8"?><testsuite errors="0" failures="0" name="riot_tests" skips="0" tests="1" time="5.650"><properties><property name="RIOT_VERSION" value="2019.04-devel-319-g00c71-pr/wip/pytest"/></properties><testcase classname="iotlab-m3.tests_thread_msg.test" file="tests/01-run.py" line="6" name="iotlab-m3.tests_thread_msg.test.tests.01-run.testfunc" time="5.64102578163147"><system-out>ssh -t harter@grenoble.iot-lab.info &apos;socat - tcp:m3-8.grenoble.iot-lab.info:20000&apos;
�main(): This is RIOT! (Version: buildtest)
THREADS CREATED

THREAD 1 start

THREAD 2 start

THREAD 3 start

T3 i=0
T3 i=1
T1 recv: 0(i=0)
T2 got 0 (i=0)
T1 got reply: 0 (i=0)
T1 recv: 1(i=1)
T3 i=2
T2 got 1 (i=1)
T1 got reply: 1 (i=1)
T1 recv: 2(i=2)
T3 i=3
T2 got 2 (i=2)
T1 got reply: 2 (i=2)
THREAD 1 end

SUCCESS
�main(): This is RIOT! (Version: buildtest)
THREADS CREATED

THREAD 1 start

THREAD 2 start

THREAD 3 start

T3 i=0
T3 i=1
T1 recv: 0(i=0)
T2 got 0 (i=0)
T1 got reply: 0 (i=0)
T1 recv: 1(i=1)
T3 i=2
T2 got 1 (i=1)
T1 got reply: 1 (i=1)
T1 recv: 2(i=2)
T3 i=3
T2 got 2 (i=2)
T1 got reply: 2 (i=2)
THREAD 1 end

SUCCESS

</system-out></testcase></testsuite>