<?xml version="1.0" encoding="utf-8"?><testsuite errors="0" failures="0" name="native:gnu" skips="0" tests="1" time="3.897"><testcase classname="native:gnu.tests_rng.test.tests.01-run" file="tests/01-run.py" line="13" name="testfunc" time="3.86798095703125"><system-out>source 0
seed 1337
fips
/home/cladmi/git/work/RIOT/tests/rng/bin/native/tests_rng.elf  
RIOT native interrupts/signals initialized.
LED_RED_OFF
LED_GREEN_ON
RIOT native board initialized.
RIOT native hardware initialization complete.

main(): This is RIOT! (Version: buildtest)
Starting shell...
&gt; source 0
&gt; seed 1337
Seed set to 1337
&gt; fips
Running FIPS 140-2 test, with seed 1337 using Tiny Mersenne Twister PRNG.

- Monobit test: passed
- Poker test: passed
- Run test: passed
- Longrun test: passed
&gt; dump 10
dump 10
Running dump test, with seed 1337 using Tiny Mersenne Twister PRNG.

1555530734
2178333451
2272913641
3790481823
3190025502
798555366
1918982324
1550167154
3454972398
1034066532
&gt; entropy
entropy
Running entropy test, with seed 1337 using Tiny Mersenne Twister PRNG.

Calculated 7.994708 bits of entropy from 10000 samples.
&gt; source 1
seed 1337
fips
source 1
&gt; seed 1337
Seed set to 1337
&gt; fips
Running FIPS 140-2 test, with seed 1337 using constant value.

- Monobit test: failed
- Poker test: failed
- Run test: failed
- Longrun test: passed
&gt; dump 10
dump 10
Running dump test, with seed 1337 using constant value.

1337
1337
1337
1337
1337
1337
1337
1337
1337
1337
&gt; entropy
entropy
Running entropy test, with seed 1337 using constant value.

Calculated 0.017260 bits of entropy from 10000 samples.
&gt; 
</system-out></testcase></testsuite>