<?xml version="1.0" encoding="utf-8"?><testsuite errors="0" failures="0" name="riot_tests" skips="0" tests="1" time="4.389"><properties><property name="RIOT_VERSION" value="2019.07-devel-249-g5bb49-HEAD"/></properties><testcase classname="b-l475e-iot01a.tests_pkg_cayenne-lpp" file="tests/01-run.py" line="8" name="test.tests.01-run.testfunc" time="4.373124122619629"><system-out>ssh -t iotlab@saclay.iot-lab.info &apos;socat - tcp:st-iotnode-1.saclay.iot-lab.info:20000&apos;
��in(): This is RIOT! (Version: buildtest)
Cayenne LPP test application

Test 1:
-------
Result: 03670110056700FF SUCCESS

Test 2:
-------
Result: 0167FFD7067104D2FB2E0000 SUCCESS

Test 3:
-------
Result: 018806765EF2960A0003E8 SUCCESS
main(): This is RIOT! (Version: buildtest)
Cayenne LPP test application

Test 1:
-------
Result: 03670110056700FF SUCCESS

Test 2:
-------
Result: 0167FFD7067104D2FB2E0000 SUCCESS

Test 3:
-------
Result: 018806765EF2960A0003E8 SUCCESS

</system-out></testcase></testsuite>