<?xml version="1.0" encoding="utf-8"?><testsuite errors="0" failures="0" name="native.gnu" skips="0" tests="1" time="3.328"><testcase classname="native.gnu.tests_pthread_cleanup.test.tests.01-run" file="tests/01-run.py" line="6" name="testfunc" time="3.317232370376587"><system-out>/home/cladmi/git/work/RIOT/tests/pthread_cleanup/bin/native/tests_pthread_cleanup.elf  
RIOT native interrupts/signals initialized.
LED_RED_OFF
LED_GREEN_ON
RIOT native board initialized.
RIOT native hardware initialization complete.

main(): This is RIOT! (Version: buildtest)
START
&lt;SCOPE 0&gt;
&lt;SCOPE 1&gt;
&lt;SCOPE 2&gt;
&lt;SCOPE 3&gt;
&lt;SCOPE 4&gt;
&lt;SCOPE 5 /&gt;
Cleanup: &lt;5&gt;
&lt;/SCOPE 4&gt;
&lt;/SCOPE 3&gt;
Cleanup: &lt;3&gt;
Cleanup: &lt;2&gt;
Cleanup: &lt;1&gt;
Result: 1234
SUCCESS

</system-out></testcase></testsuite>