<?xml version="1.0" encoding="utf-8"?><testsuite errors="0" failures="0" name="iotlab-m3" skips="0" tests="1" time="5.232"><properties><property name="RIOT_VERSION" value="2019.07-devel-249-g5bb49-HEAD"/></properties><testcase classname="iotlab-m3.tests_xtimer_periodic_wakeup" file="tests/01-run.py" line="12" name="test.tests.01-run.testfunc" time="5.20162296295166"><system-out>ssh -t iotlab@saclay.iot-lab.info &apos;socat - tcp:m3-1.saclay.iot-lab.info:20000&apos;
�main(): This is RIOT! (Version: buildtest)
xtimer_periodic_wakeup test application.

Testing interval 256... (now=1907)
Testing interval 255... (now=2945)
Testing interval 254... (now=3982)
Testing interval 253... (now=5017)
Testing interval 252... (now=6052)
Testing interval 251... (now=7085)
Testing interval 250... (now=8118)
Testing interval 249... (now=9149)
Testing interval 248... (now=10180)
Testing interval 247... (now=11231)
Testing interval 246... (now=12280)
Testing interval 245... (now=13329)
Testing interval 244... (now=14376)
Testing interval 243... (now=15423)
Testing interval 242... (now=16468)
Testing interval 241... (now=17513)
Testing interval 240... (now=18556)
Testing interval 239... (now=19599)
Testing interval 238... (now=20640)
Testing interval 237... (now=21681)
Testing interval 236... (now=22720)
Testing interval 235... (now=23759)
Testing interval 234... (now=24796)
Testing interval 233... (now=25833)
Testing interval 232... (now=26868)
Testing interval 231... (now=27903)
Testing interval 230... (now=28936)
Testing interval 229... (now=29969)
Testing interval 228... (now=31000)
Testing interval 227... (now=32031)
Testing interval 226... (now=33060)
Testing interval 225... (now=34089)
Testing interval 224... (now=35116)
Testing interval 223... (now=36143)
Testing interval 222... (now=37168)
Testing interval 221... (now=38193)
Testing interval 220... (now=39216)
Testing interval 219... (now=40239)
Testing interval 218... (now=41260)
Testing interval 217... (now=42281)
Testing interval 216... (now=43300)
Testing interval 215... (now=44319)
Testing interval 214... (now=45336)
Testing interval 213... (now=46353)
Testing interval 212... (now=47368)
Testing interval 211... (now=48383)
Testing interval 210... (now=49396)
Testing interval 209... (now=50409)
Testing interval 208... (now=51420)
Testing interval 207... (now=52431)
Testing interval 206... (now=53440)
Testing interval 205... (now=54449)
Testing interval 204... (now=55456)
Testing interval 203... (now=56463)
Testing interval 202... (now=57468)
Testing interval 201... (now=58473)
Testing interval 200... (now=59476)
Testing interval 199... (now=60479)
Testing interval 198... (now=61480)
Testing interval 197... (now=62481)
Testing interval 196... (now=63480)
Testing interval 195... (now=64479)
Testing interval 194... (now=65476)
Testing interval 193... (now=66479)
Testing interval 192... (now=67474)
Testing interval 191... (now=68469)
Testing interval 190... (now=69462)
Testing interval 189... (now=70455)
Testing interval 188... (now=71446)
Testing interval 187... (now=72437)
Testing interval 186... (now=73426)
Testing interval 185... (now=74415)
Testing interval 184... (now=75402)
Testing interval 183... (now=76389)
Testing interval 182... (now=77374)
Testing interval 181... (now=78359)
Testing interval 180... (now=79342)
Testing interval 179... (now=80325)
Testing interval 178... (now=81306)
Testing interval 177... (now=82287)
Testing interval 176... (now=83266)
Testing interval 175... (now=84245)
Testing interval 174... (now=85222)
Testing interval 173... (now=86199)
Testing interval 172... (now=87174)
Testing interval 171... (now=88149)
Testing interval 170... (now=89122)
Testing interval 169... (now=90095)
Testing interval 168... (now=91066)
Testing interval 167... (now=92037)
Testing interval 166... (now=93006)
Testing interval 165... (now=93975)
Testing interval 164... (now=94942)
Testing interval 163... (now=95909)
Testing interval 162... (now=96874)
Testing interval 161... (now=97839)
Testing interval 160... (now=98802)
Testing interval 159... (now=99765)
Testing interval 158... (now=100726)
Testing interval 157... (now=101707)
Testing interval 156... (now=102688)
Testing interval 155... (now=103667)
Testing interval 154... (now=104646)
Testing interval 153... (now=105623)
Testing interval 152... (now=106600)
Testing interval 151... (now=107575)
Testing interval 150... (now=108550)
Testing interval 149... (now=109523)
Testing interval 148... (now=110496)
Testing interval 147... (now=111467)
Testing interval 146... (now=112438)
Testing interval 145... (now=113407)
Testing interval 144... (now=114376)
Testing interval 143... (now=115343)
Testing interval 142... (now=116310)
Testing interval 141... (now=117275)
Testing interval 140... (now=118240)
Testing interval 139... (now=119203)
Testing interval 138... (now=120166)
Testing interval 137... (now=121127)
Testing interval 136... (now=122088)
Testing interval 135... (now=123047)
Testing interval 134... (now=124006)
Testing interval 133... (now=124963)
Testing interval 132... (now=125920)
Testing interval 131... (now=126875)
Testing interval 130... (now=127830)
Testing interval 129... (now=128783)
Testing interval 128... (now=129736)
Testing interval 127... (now=130687)
Testing interval 126... (now=131638)
Testing interval 125... ��main(): This is RIOT! (Version: buildtest)
xtimer_periodic_wakeup test application.

Testing interval 256... (now=1907)
Testing interval 255... (now=2945)
Testing interval 254... (now=3982)
Testing interval 253... (now=5017)
Testing interval 252... (now=6052)
Testing interval 251... (now=7085)
Testing interval 250... (now=8118)
Testing interval 249... (now=9149)
Testing interval 248... (now=10180)
Testing interval 247... (now=11231)
Testing interval 246... (now=12280)
Testing interval 245... (now=13329)
Testing interval 244... (now=14376)
Testing interval 243... (now=15423)
Testing interval 242... (now=16468)
Testing interval 241... (now=17513)
Testing interval 240... (now=18556)
Testing interval 239... (now=19599)
Testing interval 238... (now=20640)
Testing interval 237... (now=21681)
Testing interval 236... (now=22720)
Testing interval 235... (now=23759)
Testing interval 234... (now=24796)
Testing interval 233... (now=25833)
Testing interval 232... (now=26868)
Testing interval 231... (now=27903)
Testing interval 230... (now=28936)
Testing interval 229... (now=29969)
Testing interval 228... (now=31000)
Testing interval 227... (now=32031)
Testing interval 226... (now=33060)
Testing interval 225... (now=34089)
Testing interval 224... (now=35116)
Testing interval 223... (now=36143)
Testing interval 222... (now=37168)
Testing interval 221... (now=38193)
Testing interval 220... (now=39216)
Testing interval 219... (now=40239)
Testing interval 218... (now=41260)
Testing interval 217... (now=42281)
Testing interval 216... (now=43300)
Testing interval 215... (now=44319)
Testing interval 214... (now=45336)
Testing interval 213... (now=46353)
Testing interval 212... (now=47368)
Testing interval 211... (now=48383)
Testing interval 210... (now=49396)
Testing interval 209... (now=50409)
Testing interval 208... (now=51420)
Testing interval 207... (now=52431)
Testing interval 206... (now=53440)
Testing interval 205... (now=54449)
Testing interval 204... (now=55456)
Testing interval 203... (now=56463)
Testing interval 202... (now=57468)
Testing interval 201... (now=58473)
Testing interval 200... (now=59476)
Testing interval 199... (now=60479)
Testing interval 198... (now=61480)
Testing interval 197... (now=62481)
Testing interval 196... (now=63480)
Testing interval 195... (now=64479)
Testing interval 194... (now=65476)
Testing interval 193... (now=66479)
Testing interval 192... (now=67474)
Testing interval 191... (now=68469)
Testing interval 190... (now=69462)
Testing interval 189... (now=70455)
Testing interval 188... (now=71446)
Testing interval 187... (now=72437)
Testing interval 186... (now=73426)
Testing interval 185... (now=74415)
Testing interval 184... (now=75402)
Testing interval 183... (now=76389)
Testing interval 182... (now=77374)
Testing interval 181... (now=78359)
Testing interval 180... (now=79342)
Testing interval 179... (now=80325)
Testing interval 178... (now=81306)
Testing interval 177... (now=82287)
Testing interval 176... (now=83266)
Testing interval 175... (now=84245)
Testing interval 174... (now=85222)
Testing interval 173... (now=86199)
Testing interval 172... (now=87174)
Testing interval 171... (now=88149)
Testing interval 170... (now=89122)
Testing interval 169... (now=90095)
Testing interval 168... (now=91066)
Testing interval 167... (now=92037)
Testing interval 166... (now=93006)
Testing interval 165... (now=93975)
Testing interval 164... (now=94942)
Testing interval 163... (now=95909)
Testing interval 162... (now=96874)
Testing interval 161... (now=97839)
Testing interval 160... (now=98802)
Testing interval 159... (now=99765)
Testing interval 158... (now=100726)
Testing interval 157... (now=101707)
Testing interval 156... (now=102688)
Testing interval 155... (now=103667)
Testing interval 154... (now=104646)
Testing interval 153... (now=105623)
Testing interval 152... (now=106600)
Testing interval 151... (now=107575)
Testing interval 150... (now=108550)
Testing interval 149... (now=109523)
Testing interval 148... (now=110496)
Testing interval 147... (now=111467)
Testing interval 146... (now=112438)
Testing interval 145... (now=113407)
Testing interval 144... (now=114376)
Testing interval 143... (now=115343)
Testing interval 142... (now=116310)
Testing interval 141... (now=117275)
Testing interval 140... (now=118240)
Testing interval 139... (now=119203)
Testing interval 138... (now=120166)
Testing interval 137... (now=121127)
Testing interval 136... (now=122088)
Testing interval 135... (now=123047)
Testing interval 134... (now=124006)
Testing interval 133... (now=124963)
Testing interval 132... (now=125920)
Testing interval 131... (now=126875)
Testing interval 130... (now=127830)
Testing interval 129... (now=128783)
Testing interval 128... (now=129736)
Testing interval 127... (now=130687)
Testing interval 126... (now=131638)
Testing interval 125... (now=132587)
Testing interval 124... (now=133536)
Testing interval 123... (now=134483)
Testing interval 122... (now=135430)
Testing interval 121... (now=136375)
Testing interval 120... (now=137320)
Testing interval 119... (now=138263)
Testing interval 118... (now=139206)
Testing interval 117... (now=140147)
Testing interval 116... (now=141088)
Testing interval 115... (now=142027)
Testing interval 114... (now=142966)
Testing interval 113... (now=143903)
Testing interval 112... (now=144840)
Testing interval 111... (now=145775)
Testing interval 110... (now=146710)
Testing interval 109... (now=147643)
Testing interval 108... (now=148576)
Testing interval 107... (now=149507)
Testing interval 106... (now=150438)
Testing interval 105... (now=151367)
Testing interval 104... (now=152296)
Testing interval 103... (now=153223)
Testing interval 102... (now=154150)
Testing interval 101... (now=155075)
Testing interval 100... (now=156000)
Testing interval 99... (now=156923)
Testing interval 98... (now=157824)
Testing interval 97... (now=158725)
Testing interval 96... (now=159624)
Testing interval 95... (now=160523)
Testing interval 94... (now=161420)
Testing interval 93... (now=162317)
Testing interval 92... (now=163212)
Testing interval 91... (now=164107)
Testing interval 90... (now=165000)
Testing interval 89... (now=165893)
Testing interval 88... (now=166784)
Testing interval 87... (now=167675)
Testing interval 86... (now=168564)
Testing interval 85... (now=169453)
Testing interval 84... (now=170340)
Testing interval 83... (now=171227)
Testing interval 82... (now=172112)
Testing interval 81... (now=172997)
Testing interval 80... (now=173880)
Testing interval 79... (now=174763)
Testing interval 78... (now=175644)
Testing interval 77... (now=176525)
Testing interval 76... (now=177404)
Testing interval 75... (now=178283)
Testing interval 74... (now=179160)
Testing interval 73... (now=180037)
Testing interval 72... (now=180912)
Testing interval 71... (now=181787)
Testing interval 70... (now=182660)
Testing interval 69... (now=183533)
Testing interval 68... (now=184404)
Testing interval 67... (now=185275)
Testing interval 66... (now=186144)
Testing interval 65... (now=187013)
Testing interval 64... (now=187880)
Testing interval 63... (now=188747)
Testing interval 62... (now=189612)
Testing interval 61... (now=190477)
Testing interval 60... (now=191331)
Testing interval 59... (now=192184)
Testing interval 58... (now=193037)
Testing interval 57... (now=193888)
Testing interval 56... (now=194739)
Testing interval 55... (now=195588)
Testing interval 54... (now=196437)
Testing interval 53... (now=197284)
Testing interval 52... (now=198131)
Testing interval 51... (now=198976)
Testing interval 50... (now=199821)
Testing interval 49... (now=200664)
Testing interval 48... (now=201507)
Testing interval 47... (now=202348)
Testing interval 46... (now=203189)
Testing interval 45... (now=204028)
Testing interval 44... (now=204867)
Testing interval 43... (now=205704)
Testing interval 42... (now=206541)
Testing interval 41... (now=207376)
Testing interval 40... (now=208211)
Testing interval 39... (now=209044)
Testing interval 38... (now=209877)
Testing interval 37... (now=210708)
Testing interval 36... (now=211539)
Testing interval 35... (now=212368)
Testing interval 34... (now=213197)
Testing interval 33... (now=214024)
Testing interval 32... (now=214851)
Testing interval 31... (now=215676)
Testing interval 30... (now=216501)
Testing interval 29... (now=217324)
Testing interval 28... (now=218147)
Testing interval 27... (now=218968)
Testing interval 26... (now=219789)
Testing interval 25... (now=220608)
Testing interval 24... (now=221427)
Testing interval 23... (now=222244)
Testing interval 22... (now=223061)
Testing interval 21... (now=223876)
Testing interval 20... (now=224691)
Testing interval 19... (now=225504)
Testing interval 18... (now=226317)
Testing interval 17... (now=227128)
Testing interval 16... (now=227939)
Testing interval 15... (now=228748)
Testing interval 14... (now=229557)
Testing interval 13... (now=230363)
Testing interval 12... (now=231171)
Testing interval 11... (now=231976)
Testing interval 10... (now=232781)
Testing interval 9... (now=233584)
Testing interval 8... (now=234365)
Testing interval 7... (now=235146)
Testing interval 6... (now=235925)
Testing interval 5... (now=236704)
Testing interval 4... (now=237481)
Testing interval 3... (now=238258)
Testing interval 2... (now=239033)
Testing interval 1... (now=239807)
 256 diff=11
 255 diff=11
 254 diff=11
 253 diff=11
 252 diff=11
 251 diff=11
 250 diff=11
 249 diff=11
 248 diff=11
 247 diff=11
 246 diff=11
 245 diff=11
 244 diff=11
 243 diff=11
 242 diff=11
 241 diff=11
 240 diff=11
 239 diff=11
 238 diff=11
 237 diff=11
 236 diff=11
 235 diff=11
 234 diff=11
 233 diff=11
 232 diff=11
 231 diff=11
 230 diff=11
 229 diff=11
 228 diff=11
 227 diff=11
 226 diff=11
 225 diff=11
 224 diff=11
 223 diff=11
 222 diff=11
 221 diff=11
 220 diff=11
 219 diff=11
 218 diff=11
 217 diff=11
 216 diff=11
 215 diff=11
 214 diff=11
 213 diff=11
 212 diff=11
 211 diff=11
 210 diff=11
 209 diff=11
 208 diff=11
 207 diff=11
 206 diff=11
 205 diff=11
 204 diff=11
 203 diff=11
 202 diff=11
 201 diff=11
 200 diff=11
 199 diff=11
 198 diff=11
 197 diff=11
 196 diff=11
 195 diff=11
 194 diff=11
 193 diff=11
 192 diff=11
 191 diff=11
 190 diff=11
 189 diff=11
 188 diff=11
 187 diff=11
 186 diff=11
 185 diff=11
 184 diff=11
 183 diff=11
 182 diff=11
 181 diff=11
 180 diff=11
 179 diff=11
 178 diff=11
 177 diff=11
 176 diff=11
 175 diff=11
 174 diff=11
 173 diff=11
 172 diff=11
 171 diff=11
 170 diff=11
 169 diff=11
 168 diff=11
 167 diff=11
 166 diff=11
 165 diff=11
 164 diff=11
 163 diff=11
 162 diff=11
 161 diff=11
 160 diff=11
 159 diff=11
 158 diff=11
 157 diff=11
 156 diff=11
 155 diff=11
 154 diff=11
 153 diff=11
 152 diff=11
 151 diff=11
 150 diff=11
 149 diff=11
 148 diff=11
 147 diff=11
 146 diff=11
 145 diff=11
 144 diff=11
 143 diff=11
 142 diff=11
 141 diff=11
 140 diff=11
 139 diff=11
 138 diff=11
 137 diff=11
 136 diff=11
 135 diff=11
 134 diff=11
 133 diff=11
 132 diff=11
 131 diff=11
 130 diff=11
 129 diff=11
 128 diff=11
 127 diff=11
 126 diff=11
 125 diff=11
 124 diff=11
 123 diff=11
 122 diff=11
 121 diff=11
 120 diff=11
 119 diff=11
 118 diff=11
 117 diff=11
 116 diff=11
 115 diff=11
 114 diff=11
 113 diff=11
 112 diff=11
 111 diff=11
 110 diff=11
 109 diff=11
 108 diff=11
 107 diff=11
 106 diff=11
 105 diff=11
 104 diff=11
 103 diff=11
 102 diff=11
 101 diff=11
 100 diff=11
  99 diff=11
  98 diff=11
  97 diff=11
  96 diff=11
  95 diff=11
  94 diff=11
  93 diff=11
  92 diff=11
  91 diff=11
  90 diff=11
  89 diff=11
  88 diff=11
  87 diff=11
  86 diff=11
  85 diff=11
  84 diff=11
  83 diff=11
  82 diff=11
  81 diff=11
  80 diff=11
  79 diff=11
  78 diff=11
  77 diff=11
  76 diff=11
  75 diff=11
  74 diff=11
  73 diff=11
  72 diff=11
  71 diff=11
  70 diff=11
  69 diff=11
  68 diff=11
  67 diff=11
  66 diff=11
  65 diff=11
  64 diff=11
  63 diff=11
  62 diff=11
  61 diff=2
  60 diff=2
  59 diff=2
  58 diff=2
  57 diff=2
  56 diff=2
  55 diff=2
  54 diff=2
  53 diff=2
  52 diff=2
  51 diff=2
  50 diff=2
  49 diff=2
  48 diff=2
  47 diff=2
  46 diff=2
  45 diff=2
  44 diff=2
  43 diff=2
  42 diff=2
  41 diff=2
  40 diff=2
  39 diff=2
  38 diff=2
  37 diff=2
  36 diff=2
  35 diff=2
  34 diff=2
  33 diff=2
  32 diff=2
  31 diff=2
  30 diff=2
  29 diff=2
  28 diff=2
  27 diff=2
  26 diff=2
  25 diff=2
  24 diff=2
  23 diff=2
  22 diff=2
  21 diff=2
  20 diff=2
  19 diff=2
  18 diff=2
  17 diff=2
  16 diff=2
  15 diff=2
  14 diff=2
  13 diff=2
  12 diff=2
  11 diff=2
  10 diff=2
   9 diff=2
   8 diff=2
   7 diff=2
   6 diff=2
   5 diff=2
   4 diff=2
   3 diff=2
   2 diff=1
   1 diff=2

Min/max error: 1/11

Test complete.

</system-out></testcase></testsuite>