<?xml version="1.0" encoding="utf-8"?><testsuite errors="0" failures="0" name="native.gnu" skips="0" tests="1" time="3.367"><testcase classname="native.gnu.native.gnu.tests.01-run" file="tests/01-run.py" line="12" name="testfunc" time="3.3415911197662354"><system-out>/home/cladmi/git/work/RIOT/tests/trickle/bin/native/tests_trickle.elf  
RIOT native interrupts/signals initialized.
LED_RED_OFF
LED_GREEN_ON
RIOT native board initialized.
RIOT native hardware initialization complete.

main(): This is RIOT! (Version: buildtest)
[START]
now = 22047, t = 22
now = 54175, t = 30
now = 162298, t = 90
now = 308398, t = 140
now = 668481, t = 308
[TRICKLE_RESET]
now = 679571, t = 11
now = 705621, t = 21
now = 754716, t = 38
now = 878801, t = 98
now = 1054864, t = 146
now = 1472924, t = 308
now = 2256992, t = 580
[SUCCESS]

</system-out></testcase></testsuite>