<?xml version="1.0" encoding="utf-8"?><testsuite errors="0" failures="0" name="samr21-xpro.tests_evtimer_underflow" skips="0" tests="1" time="5.599"><properties><property name="RIOT_VERSION" value="2019.07-devel-249-g5bb49-HEAD"/></properties><testcase classname="samr21-xpro.tests_evtimer_underflow" file="tests/01-run.py" line="15" name="test.tests.01-run.testfunc" time="5.577855348587036"><system-out>ssh -t iotlab@saclay.iot-lab.info &apos;socat - tcp:samr21-1.saclay.iot-lab.info:20000&apos;
S�received msg &quot;1&quot;
received msg &quot;2&quot;
received msg &quot;3&quot;
received msg &quot;4&quot;
received msg &quot;5&quot;
received msg &quot;6&quot;
received msg &quot;7&quot;
received msg &quot;8&quot;
received msg &quot;1&quot;
received msg &quot;2&quot;
received msg &quot;3&quot;
received msg &quot;4&quot;
received msg &quot;5&quot;
received msg &quot;6&quot;
received msg &quot;7&quot;
received msg &quot;8&quot;
received msg &quot;1&quot;
received msg &quot;2&quot;
received msg &quot;3&quot;
received msg &quot;4&quot;
received msg &quot;5&quot;
received msg &quot;6&quot;
received msg &quot;7&quot;
received msg &quot;8&quot;
received msg &quot;1&quot;
received msg &quot;2&quot;
received msg &quot;3&quot;
received msg &quot;4&quot;
received msg &quot;5&quot;
received msg &quot;6&quot;
received msg &quot;7&quot;
received msg &quot;8&quot;
received msg &quot;1&quot;
received msg &quot;2&quot;
received msg &quot;3&quot;
received msg &quot;4&quot;
received msg &quot;5&quot;
received msg &quot;6&quot;
received msg &quot;7&quot;
received msg &quot;8&quot;
received msg &quot;1&quot;
received msg &quot;2&quot;
received msg &quot;3&quot;
received msg &quot;4&quot;
received msg &quot;5&quot;
received msg &quot;6&quot;
received msg &quot;7&quot;
received msg &quot;8&quot;
received msg &quot;1&quot;
received msg &quot;2&quot;
received msg &quot;3&quot;
received msg &quot;4&quot;
received msg &quot;5&quot;
received msg &quot;6&quot;
received msg &quot;7&quot;
received msg &quot;8&quot;
received msg &quot;1&quot;
received msg &quot;2&quot;
received msg &quot;3&quot;
received msg &quot;4&quot;
received msg &quot;5&quot;
received msg &quot;6&quot;
received msg &quot;7&quot;
received msg &quot;8&quot;
received msg &quot;1&quot;
received msg &quot;2&quot;
received msg &quot;3&quot;
received msg &quot;4&quot;
received msg &quot;5&quot;
received msg &quot;6&quot;
received msg &quot;7&quot;
received msg &quot;8&quot;
received msg &quot;1&quot;
received msg &quot;2&quot;
received msg &quot;3&quot;
received msg &quot;4&quot;
received msg &quot;5&quot;
received msg &quot;6&quot;
received msg &quot;7&quot;
received msg &quot;8&quot;
received msg &quot;1&quot;
received msg &quot;2&quot;
received msg &quot;3&quot;
received msg &quot;4&quot;
received msg &quot;5&quot;
received msg &quot;6&quot;
received msg &quot;7&quot;
received msg &quot;8&quot;
received msg &quot;1&quot;
received msg &quot;2&quot;
received msg &quot;3&quot;
received msg &quot;4&quot;
received msg &quot;5&quot;
received msg &quot;6&quot;
received msg &quot;7&quot;
received msg &quot;8&quot;
received msg &quot;1&quot;
received msg &quot;2&quot;
received msg &quot;3&quot;
received msg &quot;4&quot;
received msg &quot;5&quot;
received msg &quot;6&quot;
received msg &quot;7&quot;
received msg &quot;8&quot;
received msg &quot;1&quot;
received msg &quot;2&quot;
receiv.............ed msg &quot;3&quot;
received msg &quot;4&quot;
received msg &quot;5&quot;
received msg &quot;6&quot;
received msg &quot;7&quot;
received msg &quot;8&quot;
received msg &quot;1&quot;
received msg &quot;2&quot;
received msg &quot;3&quot;
received msg &quot;4&quot;
received msg &quot;5&quot;
received msg &quot;6&quot;
received msg &quot;7&quot;
received msg &quot;8&quot;
received msg &quot;1&quot;
received msg &quot;2&quot;
received msg &quot;3&quot;
received msg &quot;4&quot;
received msg &quot;5&quot;
received msg &quot;6&quot;
received msg &quot;7&quot;
received msg &quot;8&quot;
received msg &quot;1&quot;
received msg &quot;2&quot;
received msg &quot;3&quot;
received msg &quot;4&quot;
received msg &quot;5&quot;
received msg &quot;6&quot;
received msg &quot;7&quot;
received msg &quot;8&quot;
received msg &quot;1&quot;
received msg &quot;2&quot;
received msg &quot;3&quot;
received msg &quot;4&quot;
received msg &quot;5&quot;
received msg &quot;6&quot;
received msg &quot;7&quot;
received msg &quot;8&quot;
received msg &quot;1&quot;
received msg &quot;2&quot;
received msg &quot;3&quot;
received msg &quot;4&quot;
received msg &quot;5&quot;
received msg &quot;6&quot;
received msg &quot;7&quot;
received msg &quot;8&quot;
received msg &quot;1&quot;
received msg &quot;2&quot;
received msg &quot;3&quot;
received msg &quot;4&quot;
received msg &quot;5&quot;
received msg &quot;6&quot;
received msg &quot;7&quot;
received msg &quot;8&quot;
received msg &quot;1&quot;
received msg &quot;2&quot;
received msg &quot;3&quot;
received msg &quot;4&quot;
received msg &quot;5&quot;
received msg &quot;6&quot;
received msg &quot;7&quot;
received msg &quot;8&quot;
received msg &quot;1&quot;
received msg &quot;2&quot;
received msg &quot;3&quot;
received msg &quot;4&quot;
received msg &quot;5&quot;
received msg &quot;6&quot;
received msg &quot;7&quot;
received msg &quot;8&quot;
received msg &quot;1&quot;
received msg &quot;2&quot;
received msg &quot;3&quot;
received msg &quot;4&quot;
received msg &quot;5&quot;
received msg &quot;6&quot;
received msg &quot;7&quot;
received msg &quot;8&quot;
received msg &quot;1&quot;
received msg &quot;2&quot;
received msg &quot;3&quot;
received msg &quot;4&quot;
received msg &quot;5&quot;
received msg &quot;6&quot;
received msg &quot;7&quot;
received msg &quot;8&quot;
received msg &quot;1&quot;
received msg &quot;2&quot;
received msg &quot;3&quot;
received msg &quot;4&quot;
received msg &quot;5&quot;
received msg &quot;6&quot;
received msg &quot;7&quot;
received msg &quot;8&quot;
received msg &quot;1&quot;
received msg &quot;2&quot;
received msg &quot;3&quot;
received msg &quot;4&quot;
received msg &quot;5&quot;
received msg &quot;6&quot;
received msg &quot;7&quot;
received msg &quot;8&quot;
received msg &quot;1&quot;
received msg &quot;2&quot;
received msg &quot;3&quot;
received msg &quot;4&quot;
received msg &quot;5&quot;
received msg &quot;6&quot;
received msg &quot;7&quot;
received msg &quot;8&quot;
received msg &quot;1&quot;
received.............. msg &quot;2&quot;
received msg &quot;3&quot;
received msg &quot;4&quot;
received msg &quot;5&quot;
received msg &quot;6&quot;
received msg &quot;7&quot;
received msg &quot;8&quot;
received msg &quot;1&quot;
received msg &quot;2&quot;
received msg &quot;3&quot;
received msg &quot;4&quot;
received msg &quot;5&quot;
received msg &quot;6&quot;
received msg &quot;7&quot;
received msg &quot;8&quot;
received msg &quot;1&quot;
received msg &quot;2&quot;
received msg &quot;3&quot;
received msg &quot;4&quot;
received msg &quot;5&quot;
received msg &quot;6&quot;
received msg &quot;7&quot;
received msg &quot;8&quot;
received msg &quot;1&quot;
received msg &quot;2&quot;
received msg &quot;3&quot;
received msg &quot;4&quot;
received msg &quot;5&quot;
received msg &quot;6&quot;
received msg &quot;7&quot;
received msg &quot;8&quot;
received msg &quot;1&quot;
received msg &quot;2&quot;
received msg &quot;3&quot;
received msg &quot;4&quot;
received msg &quot;5&quot;
received msg &quot;6&quot;
received msg &quot;7&quot;
received msg &quot;8&quot;
received msg &quot;1&quot;
received msg &quot;2&quot;
received msg &quot;3&quot;
received msg &quot;4&quot;
received msg &quot;5&quot;
received msg &quot;6&quot;
received msg &quot;7&quot;
received msg &quot;8&quot;
received msg &quot;1&quot;
received msg &quot;2&quot;
received msg &quot;3&quot;
received msg &quot;4&quot;
received msg &quot;5&quot;
received msg &quot;6&quot;
received msg &quot;7&quot;
received msg &quot;8&quot;
received msg &quot;1&quot;
received msg &quot;2&quot;
received msg &quot;3&quot;
received msg &quot;4&quot;
received msg &quot;5&quot;
received msg &quot;6&quot;
received msg &quot;7&quot;
received msg &quot;8&quot;
received msg &quot;1&quot;
received msg &quot;2&quot;
received msg &quot;3&quot;
received msg &quot;4&quot;
received msg &quot;5&quot;
received msg &quot;6&quot;
received msg &quot;7&quot;
received msg &quot;8&quot;
received msg &quot;1&quot;
received msg &quot;2&quot;
received msg &quot;3&quot;
received msg &quot;4&quot;
received msg &quot;5&quot;
received msg &quot;6&quot;
received msg &quot;7&quot;
received msg &quot;8&quot;
received msg &quot;1&quot;
received msg &quot;2&quot;
received msg &quot;3&quot;
received msg &quot;4&quot;
received msg &quot;5&quot;
received msg &quot;6&quot;
received msg &quot;7&quot;
received msg &quot;8&quot;
received msg &quot;1&quot;
received msg &quot;2&quot;
received msg &quot;3&quot;
received msg &quot;4&quot;
received msg &quot;5&quot;
received msg &quot;6&quot;
received msg &quot;7&quot;
received msg &quot;8&quot;
received msg &quot;1&quot;
received msg &quot;2&quot;
received msg &quot;3&quot;
received msg &quot;4&quot;
received msg &quot;5&quot;
received msg &quot;6&quot;
received msg &quot;7&quot;
received msg &quot;8&quot;
received msg &quot;1&quot;
received msg &quot;2&quot;
received msg &quot;3&quot;
received msg &quot;4&quot;
received msg &quot;5&quot;
received msg &quot;6&quot;
received msg &quot;7&quot;
received msg &quot;8&quot;
received m..............sg &quot;1&quot;
received msg &quot;2&quot;
received msg &quot;3&quot;
received msg &quot;4&quot;
received msg &quot;5&quot;
received msg &quot;6&quot;
received msg &quot;7&quot;
received msg &quot;8&quot;
received msg &quot;1&quot;
received msg &quot;2&quot;
received msg &quot;3&quot;
received msg &quot;4&quot;
received msg &quot;5&quot;
received msg &quot;6&quot;
received msg &quot;7&quot;
received msg &quot;8&quot;
received msg &quot;1&quot;
received msg &quot;2&quot;
received msg &quot;3&quot;
received msg &quot;4&quot;
received msg &quot;5&quot;
received msg &quot;6&quot;
received msg &quot;7&quot;
received msg &quot;8&quot;
received msg &quot;1&quot;
received msg &quot;2&quot;
received msg &quot;3&quot;
received msg &quot;4&quot;
received msg &quot;5&quot;
received msg &quot;6&quot;
received msg &quot;7&quot;
received msg &quot;8&quot;
received msg &quot;1&quot;
received msg &quot;2&quot;
received msg &quot;3&quot;
received msg &quot;4&quot;
received msg &quot;5&quot;
received msg &quot;6&quot;
received msg &quot;7&quot;
received msg &quot;8&quot;
received msg &quot;1&quot;
received msg &quot;2&quot;
received msg &quot;3&quot;
received msg &quot;4&quot;
received msg &quot;5&quot;
received msg &quot;6&quot;
received msg &quot;7&quot;
received msg &quot;8&quot;
received msg &quot;1&quot;
received msg &quot;2&quot;
received msg &quot;3&quot;
received msg &quot;4&quot;
received msg &quot;5&quot;
received msg &quot;6&quot;
received msg &quot;7&quot;
received msg &quot;8&quot;
received msg &quot;1&quot;
received msg &quot;2&quot;
received msg &quot;3&quot;
received msg &quot;4&quot;
received msg &quot;5&quot;
received msg &quot;6&quot;
received msg &quot;7&quot;
received msg &quot;8&quot;
received msg &quot;1&quot;
received msg &quot;2&quot;
received msg &quot;3&quot;
received msg &quot;4&quot;
received msg &quot;5&quot;
received msg &quot;6&quot;
received msg &quot;7&quot;
received msg &quot;8&quot;
received msg &quot;1&quot;
received msg &quot;2&quot;
received msg &quot;3&quot;
received msg &quot;4&quot;
received msg &quot;5&quot;
received msg &quot;6&quot;
received msg &quot;7&quot;
received msg &quot;8&quot;
received msg &quot;1&quot;
received msg &quot;2&quot;
received msg &quot;3&quot;
received msg &quot;4&quot;
received msg &quot;5&quot;
received msg &quot;6&quot;
received msg &quot;7&quot;
received msg &quot;8&quot;
received msg &quot;1&quot;
received msg &quot;2&quot;
received msg &quot;3&quot;
received msg &quot;4&quot;
received msg &quot;5&quot;
received msg &quot;6&quot;
received msg &quot;7&quot;
received msg &quot;8&quot;
received msg &quot;1&quot;
received msg &quot;2&quot;
received msg &quot;3&quot;
received msg &quot;4&quot;
received msg &quot;5&quot;
received msg &quot;6&quot;
received msg &quot;7&quot;
received msg &quot;8&quot;
received msg &quot;1&quot;
received msg &quot;2&quot;
received msg &quot;3&quot;
received msg &quot;4&quot;
received msg &quot;5&quot;
received msg &quot;6&quot;
received msg &quot;7&quot;
received msg............. &quot;8&quot;
received msg &quot;1&quot;
received msg &quot;2&quot;
received msg &quot;3&quot;
received msg &quot;4&quot;
received msg &quot;5&quot;
received msg &quot;6&quot;
received msg &quot;7&quot;
received msg &quot;8&quot;
received msg &quot;1&quot;
received msg &quot;2&quot;
received msg &quot;3&quot;
received msg &quot;4&quot;
received msg &quot;5&quot;
received msg &quot;6&quot;
received msg &quot;7&quot;
received msg &quot;8&quot;
received msg &quot;1&quot;
received msg &quot;2&quot;
received msg &quot;3&quot;
received msg &quot;4&quot;
received msg &quot;5&quot;
received msg &quot;6&quot;
received msg &quot;7&quot;
received msg &quot;8&quot;
received msg &quot;1&quot;
received msg &quot;2&quot;
received msg &quot;3&quot;
received msg &quot;4&quot;
received msg &quot;5&quot;
received msg &quot;6&quot;
received msg &quot;7&quot;
received msg &quot;8&quot;
received msg &quot;1&quot;
received msg &quot;2&quot;
received msg &quot;3&quot;
received msg &quot;4&quot;
received msg &quot;5&quot;
received msg &quot;6&quot;
received msg &quot;7&quot;
received msg &quot;8&quot;
received msg &quot;1&quot;
received msg &quot;2&quot;
received msg &quot;3&quot;
received msg &quot;4&quot;
received msg &quot;5&quot;
received msg &quot;6&quot;
received msg &quot;7&quot;
received msg &quot;8&quot;
received msg &quot;1&quot;
received msg &quot;2&quot;
received msg &quot;3&quot;
received msg &quot;4&quot;
received msg &quot;5&quot;
received msg &quot;6&quot;
received msg &quot;7&quot;
received msg &quot;8&quot;
received msg &quot;1&quot;
received msg &quot;2&quot;
received msg &quot;3&quot;
received msg &quot;4&quot;
received msg &quot;5&quot;
received msg &quot;6&quot;
received msg &quot;7&quot;
received msg &quot;8&quot;
received msg &quot;1&quot;
received msg &quot;2&quot;
received msg &quot;3&quot;
received msg &quot;4&quot;
received msg &quot;5&quot;
received msg &quot;6&quot;
received msg &quot;7&quot;
received msg &quot;8&quot;
received msg &quot;1&quot;
received msg &quot;2&quot;
received msg &quot;3&quot;
received msg &quot;4&quot;
received msg &quot;5&quot;
received msg &quot;6&quot;
received msg &quot;7&quot;
received msg &quot;8&quot;
received msg &quot;1&quot;
received msg &quot;2&quot;
received msg &quot;3&quot;
received msg &quot;4&quot;
received msg &quot;5&quot;
received msg &quot;6&quot;
received msg &quot;7&quot;
received msg &quot;8&quot;
received msg &quot;1&quot;
received msg &quot;2&quot;
received msg &quot;3&quot;
received msg &quot;4&quot;
received msg &quot;5&quot;
received msg &quot;6&quot;
received msg &quot;7&quot;
received msg &quot;8&quot;
received msg &quot;1&quot;
received msg &quot;2&quot;
received msg &quot;3&quot;
received msg &quot;4&quot;
received msg &quot;5&quot;
received msg &quot;6&quot;
received msg &quot;7&quot;
received msg &quot;8&quot;
received msg &quot;1&quot;
received msg &quot;2&quot;
received msg &quot;3&quot;
received msg &quot;4&quot;
received msg &quot;5&quot;
received msg &quot;6&quot;
received msg &quot;..............7&quot;
received msg &quot;8&quot;
received msg &quot;1&quot;
received msg &quot;2&quot;
received msg &quot;3&quot;
received msg &quot;4&quot;
received msg &quot;5&quot;
received msg &quot;6&quot;
received msg &quot;7&quot;
received msg &quot;8&quot;
received msg &quot;1&quot;
received msg &quot;2&quot;
received msg &quot;3&quot;
received msg &quot;4&quot;
received msg &quot;5&quot;
received msg &quot;6&quot;
received msg &quot;7&quot;
received msg &quot;8&quot;
received msg &quot;1&quot;
received msg &quot;2&quot;
received msg &quot;3&quot;
received msg &quot;4&quot;
received msg &quot;5&quot;
received msg &quot;6&quot;
received msg &quot;7&quot;
received msg &quot;8&quot;
received msg &quot;1&quot;
received msg &quot;2&quot;
received msg &quot;3&quot;
received msg &quot;4&quot;
received msg &quot;5&quot;
received msg &quot;6&quot;
received msg &quot;7&quot;
received msg &quot;8&quot;
received msg &quot;1&quot;
received msg &quot;2&quot;
received msg &quot;3&quot;
received msg &quot;4&quot;
received msg &quot;5&quot;
received msg &quot;6&quot;
received msg &quot;7&quot;
received msg &quot;8&quot;
received msg &quot;1&quot;
received msg &quot;2&quot;
received msg &quot;3&quot;
received msg &quot;4&quot;
received msg &quot;5&quot;
received msg &quot;6&quot;
received msg &quot;7&quot;
received msg &quot;8&quot;
received msg &quot;1&quot;
received msg &quot;2&quot;
received msg &quot;3&quot;
received msg &quot;4&quot;
received msg &quot;5&quot;
received msg &quot;6&quot;
received msg &quot;7&quot;
received msg &quot;8&quot;
received msg &quot;1&quot;
received msg &quot;2&quot;
received msg &quot;3&quot;
received msg &quot;4&quot;
received msg &quot;5&quot;
received msg &quot;6&quot;
received msg &quot;7&quot;
received msg &quot;8&quot;
received msg &quot;1&quot;
received msg &quot;2&quot;
received msg &quot;3&quot;
received msg &quot;4&quot;
received msg &quot;5&quot;
received msg &quot;6&quot;
received msg &quot;7&quot;
received msg &quot;8&quot;
received msg &quot;1&quot;
received msg &quot;2&quot;
received msg &quot;3&quot;
received msg &quot;4&quot;
received msg &quot;5&quot;
received msg &quot;6&quot;
received msg &quot;7&quot;
received msg &quot;8&quot;
received msg &quot;1&quot;
received msg &quot;2&quot;
received msg &quot;3&quot;
received msg &quot;4&quot;
received msg &quot;5&quot;
received msg &quot;6&quot;
received msg &quot;7&quot;
received msg &quot;8&quot;
received msg &quot;1&quot;
received msg &quot;2&quot;
received msg &quot;3&quot;
received msg &quot;4&quot;
received msg &quot;5&quot;
received msg &quot;6&quot;
received msg &quot;7&quot;
received msg &quot;8&quot;
received msg &quot;1&quot;
received msg &quot;2&quot;
received msg &quot;3&quot;
received msg &quot;4&quot;
received msg &quot;5&quot;
received msg &quot;6&quot;
received msg &quot;7&quot;
received msg &quot;8&quot;
received msg &quot;1&quot;
received msg &quot;2&quot;
received msg &quot;3&quot;
received msg &quot;4&quot;
received msg &quot;5&quot;
received msg &quot;6&quot;..............
received msg &quot;7&quot;
received msg &quot;8&quot;
received msg &quot;1&quot;
received msg &quot;2&quot;
received msg &quot;3&quot;
received msg &quot;4&quot;
received msg &quot;5&quot;
received msg &quot;6&quot;
received msg &quot;7&quot;
received msg &quot;8&quot;
received msg &quot;1&quot;
received msg &quot;2&quot;
received msg &quot;3&quot;
received msg &quot;4&quot;
received msg &quot;5&quot;
received msg &quot;6&quot;
received msg &quot;7&quot;
received msg &quot;8&quot;
received msg &quot;1&quot;
received msg &quot;2&quot;
received msg &quot;3&quot;
received msg &quot;4&quot;
received msg &quot;5&quot;
received msg &quot;6&quot;
received msg &quot;7&quot;
received msg &quot;8&quot;
received msg &quot;1&quot;
received msg &quot;2&quot;
received msg &quot;3&quot;
received msg &quot;4&quot;
received msg &quot;5&quot;
received msg &quot;6&quot;
received msg &quot;7&quot;
received msg &quot;8&quot;
received msg &quot;1&quot;
received msg &quot;2&quot;
received msg &quot;3&quot;
received msg &quot;4&quot;
received msg &quot;5&quot;
received msg &quot;6&quot;
received msg &quot;7&quot;
received msg &quot;8&quot;
received msg &quot;1&quot;
received msg &quot;2&quot;
received msg &quot;3&quot;
received msg &quot;4&quot;
received msg &quot;5&quot;
received msg &quot;6&quot;
received msg &quot;7&quot;
received msg &quot;8&quot;
received msg &quot;1&quot;
received msg &quot;2&quot;
received msg &quot;3&quot;
received msg &quot;4&quot;
received msg &quot;5&quot;
received msg &quot;6&quot;
received msg &quot;7&quot;
received msg &quot;8&quot;
received msg &quot;1&quot;
received msg &quot;2&quot;
received msg &quot;3&quot;
received msg &quot;4&quot;
received msg &quot;5&quot;
received msg &quot;6&quot;
received msg &quot;7&quot;
received msg &quot;8&quot;
received msg &quot;1&quot;
received msg &quot;2&quot;
received msg &quot;3&quot;
received msg &quot;4&quot;
received msg &quot;5&quot;
received msg &quot;6&quot;
received msg &quot;7&quot;
received msg &quot;8&quot;
received msg &quot;1&quot;
received msg &quot;2&quot;
received msg &quot;3&quot;
received msg &quot;4&quot;
received msg &quot;5&quot;
received msg &quot;6&quot;
received msg &quot;7&quot;
received msg &quot;8&quot;
received msg &quot;1&quot;
received msg &quot;2&quot;
received msg &quot;3&quot;
received msg &quot;4&quot;
received msg &quot;5&quot;
received msg &quot;6&quot;
received msg &quot;7&quot;
received msg &quot;8&quot;
received msg &quot;1&quot;
received msg &quot;2&quot;
received msg &quot;3&quot;
received msg &quot;4&quot;
received msg &quot;5&quot;
received msg &quot;6&quot;
received msg &quot;7&quot;
received msg &quot;8&quot;
received msg &quot;1&quot;
received msg &quot;2&quot;
received msg &quot;3&quot;
received msg &quot;4&quot;
received msg &quot;5&quot;
received msg &quot;6&quot;
received msg &quot;7&quot;
received msg &quot;8&quot;
received msg &quot;1&quot;
received msg &quot;2&quot;
received msg &quot;3&quot;
received msg &quot;4&quot;
received msg &quot;5&quot;
..............received msg &quot;6&quot;
received msg &quot;7&quot;
received msg &quot;8&quot;
received msg &quot;1&quot;
received msg &quot;2&quot;
received msg &quot;3&quot;
received msg &quot;4&quot;
received msg &quot;5&quot;
received msg &quot;6&quot;
received msg &quot;7&quot;
received msg &quot;8&quot;
received msg &quot;1&quot;
received msg &quot;2&quot;
received msg &quot;3&quot;
received msg &quot;4&quot;
received msg &quot;5&quot;
received msg &quot;6&quot;
received msg &quot;7&quot;
received msg &quot;8&quot;
received msg &quot;1&quot;
received msg &quot;2&quot;
received msg &quot;3&quot;
received msg &quot;4&quot;
received msg &quot;5&quot;
received msg &quot;6&quot;
received msg &quot;7&quot;
received msg &quot;8&quot;
received msg &quot;1&quot;
received msg &quot;2&quot;
received msg &quot;3&quot;
received msg &quot;4&quot;
received msg &quot;5&quot;
received msg &quot;6&quot;
received msg &quot;7&quot;
received msg &quot;8&quot;
received msg &quot;1&quot;
received msg &quot;2&quot;
received msg &quot;3&quot;
received msg &quot;4&quot;
received msg &quot;5&quot;
received msg &quot;6&quot;
received msg &quot;7&quot;
received msg &quot;8&quot;
received msg &quot;1&quot;
received msg &quot;2&quot;
received msg &quot;3&quot;
received msg &quot;4&quot;
received msg &quot;5&quot;
received msg &quot;6&quot;
received msg &quot;7&quot;
received msg &quot;8&quot;
received msg &quot;1&quot;
received msg &quot;2&quot;
received msg &quot;3&quot;
received msg &quot;4&quot;
received msg &quot;5&quot;
received msg &quot;6&quot;
received msg &quot;7&quot;
received msg &quot;8&quot;
received msg &quot;1&quot;
received msg &quot;2&quot;
received msg &quot;3&quot;
received msg &quot;4&quot;
received msg &quot;5&quot;
received msg &quot;6&quot;
received msg &quot;7&quot;
received msg &quot;8&quot;
received msg &quot;1&quot;
received msg &quot;2&quot;
received msg &quot;3&quot;
received msg &quot;4&quot;
received msg &quot;5&quot;
received msg &quot;6&quot;
received msg &quot;7&quot;
received msg &quot;8&quot;
received msg &quot;1&quot;
received msg &quot;2&quot;
received msg &quot;3&quot;
received msg &quot;4&quot;
received msg &quot;5&quot;
received msg &quot;6&quot;
received msg &quot;7&quot;
received msg &quot;8&quot;
received msg &quot;1&quot;
received msg &quot;2&quot;
received msg &quot;3&quot;
received msg &quot;4&quot;
received msg &quot;5&quot;
received msg &quot;6&quot;
received msg &quot;7&quot;
received msg &quot;8&quot;
received msg &quot;1&quot;
received msg &quot;2&quot;
received msg &quot;3&quot;
received msg &quot;4&quot;
received msg &quot;5&quot;
received msg &quot;6&quot;
received msg &quot;7&quot;
received msg &quot;8&quot;
received msg &quot;1&quot;
received msg &quot;2&quot;
received msg &quot;3&quot;
received msg &quot;4&quot;
received msg &quot;5&quot;
received msg &quot;6&quot;
received msg &quot;7&quot;
received msg &quot;8&quot;
received msg &quot;1&quot;
received msg &quot;2&quot;
received msg &quot;3&quot;
received msg &quot;4&quot;
re....
Stopped after 100 iterations, but should run forever.
=&gt; All tests successful

</system-out></testcase></testsuite>