<?xml version="1.0" encoding="utf-8"?><testsuite errors="0" failures="0" name="b-l475e-iot01a" skips="0" tests="1" time="6.331"><properties><property name="RIOT_VERSION" value="2019.07-devel-249-g5bb49-HEAD"/></properties><testcase classname="b-l475e-iot01a.tests_cpp11_thread" file="tests/01-run.py" line="13" name="test.tests.01-run.testfunc" time="6.315412998199463"><system-out>ssh -t iotlab@saclay.iot-lab.info &apos;socat - tcp:st-iotnode-1.saclay.iot-lab.info:20000&apos;
ry_lock ...
Done

Bye, bye.
*****************************************

main(): This is RIOT! (Version: buildtest)

************ C++ thread test ***********
Creating one thread and passing an argument ...
Done

Creating detached thread ...
Done

Join on &apos;finished&apos; thread ...
Done

Join on &apos;running&apos; thread ...
Done

Testing sleep_for ...
Done

Testing sleep_until ...
Done

Swapping two threads ...
Done

Move constructor ...
Done

Bye, bmain(): This is RIOT! (Version: buildtest)

************ C++ thread test ***********
Creating one thread and passing an argument ...
Done

Creating detached thread ...
Done

Join on &apos;finished&apos; thread ...
Done

Join on &apos;running&apos; thread ...
Done

Testing sleep_for ...
Done

Testing sleep_until ...
Done

Swapping two threads ...
Done

Move constructor ...
Done

Bye, bye.
******************************************

</system-out></testcase></testsuite>