<?xml version="1.0" encoding="utf-8"?><testsuite errors="0" failures="0" name="native.gnu" skips="0" tests="1" time="3.351"><testcase classname="native.gnu.tests_events.test.tests.01-run" file="tests/01-run.py" line="13" name="testfunc" time="3.341634750366211"><system-out>/home/cladmi/git/work/RIOT/tests/events/bin/native/tests_events.elf  
RIOT native interrupts/signals initialized.
LED_RED_OFF
LED_GREEN_ON
RIOT native board initialized.
RIOT native hardware initialization complete.

main(): This is RIOT! (Version: buildtest)
[START] event test application.

initializing detached event queue 0x565b6ff4
posting 0x565b2084
posting 0x565b208c
running thread that will claim event queue 0x565b6ff4
claiming event queue 0x565b6ff4
launching event queue 0x565b6ff4
triggered delayed event 0x565b2084
triggered delayed event 0x565b208c
posting 0x565b2074
posting 0x565b207c
canceling 0x565b207c
posting custom event
posting timed callback with timeout 1sec
posting timed callback with timeout 0.5sec and canceling it again
launching event queue
triggered 0x565b2074
triggered custom event with text: &quot;CUSTOM CALLBACK&quot;
triggered timed callback with arg 0x12345678 after 1000039us
[SUCCESS]

</system-out></testcase></testsuite>