<?xml version="1.0" encoding="utf-8"?><testsuite errors="0" failures="1" name="b-l475e-iot01a" skips="0" tests="1" time="14.290"><properties><property name="RIOT_VERSION" value="2019.07-devel-249-g5bb49-HEAD"/></properties><testcase classname="b-l475e-iot01a.tests_pkg_micro-ecc-with-hwrng" file="tests/01-run.py" line="11" name="test.tests.01-run.testfunc" time="14.24644947052002"><failure message="pexpect.exceptions.TIMEOUT: ................ done with 0 error(s)">child = &lt;pytest_child.CustomSpawn object at 0x7fb9960b30b8&gt;

    def testfunc(child):
        child.expect_exact(&apos;micro-ecc compiled!&apos;)
        child.expect_exact(&apos;Testing 16 random private key pairs and signature &apos;
                           &apos;using HWRNG&apos;)
&gt;       child.expect_exact(&apos;................ done with 0 error(s)&apos;)

tests/01-run.py:16: 
_ _ _ _ _ _ _ _ _ _ _ _ _ _ _ _ _ _ _ _ _ _ _ _ _ _ _ _ _ _ _ _ _ _ _ _ _ _ _ _ 

self = &lt;pytest_child.CustomSpawn object at 0x7fb9960b30b8&gt;
pattern = &apos;................ done with 0 error(s)&apos;, args = (), kwargs = {}

    def expect_exact(self, pattern, *args, **kwargs):
        # pylint:disable=arguments-differ
        try:
            return super().expect_exact(pattern, *args, **kwargs)
        except (pexpect.TIMEOUT, pexpect.EOF) as exc:
            exc.orig_value = exc.value
            exc.value = pattern
&gt;           raise exc.with_traceback(None) from None
E           pexpect.exceptions.TIMEOUT: ................ done with 0 error(s)

../../../iotlab-os-ci/tools/pytest/pytest_child.py:122: TIMEOUT</failure><system-out>ssh -t iotlab@saclay.iot-lab.info &apos;socat - tcp:st-iotnode-1.saclay.iot-lab.info:20000&apos;
s is RIOT! (Version: buildtest)
micro-ecc compiled!
Testing 16 random private key pairs and signature using HWRNG
main(): This is RIOT! (Version: buildtest)
micro-ecc compiled!
Testing 16 random private key pairs and signature using HWRNG

</system-out></testcase></testsuite>