<?xml version="1.0" encoding="utf-8"?><testsuite errors="0" failures="0" name="riot_tests" skips="0" tests="1" time="4.252"><properties><property name="RIOT_VERSION" value="2019.07-devel-249-g5bb49-HEAD"/></properties><testcase classname="nrf52dk.tests_pthread" file="tests/01-run.py" line="9" name="test.tests.01-run.testfunc" time="4.22964882850647"><system-out>ssh -t iotlab@saclay.iot-lab.info &apos;socat - tcp:nrf52dk-1.saclay.iot-lab.info:20000&apos;
main(): This is RIOT! (Version: buildtest)
main: parameter = 6
pthread: parameter = 6
pthread: factorial = 720
main: factorial = 720
SUCCESS

</system-out></testcase></testsuite>