<?xml version="1.0" encoding="utf-8"?><testsuite errors="0" failures="0" name="riot_tests" skips="0" tests="1" time="3.301"><properties><property name="RIOT_VERSION" value="2019.04-devel-319-g00c71-pr/wip/pytest"/></properties><testcase classname="native.tests_thread_msg" file="tests/01-run.py" line="6" name="native.tests_thread_msg.test.tests.01-run.testfunc" time="3.290518283843994"><system-out>/home/cladmi/git/work/RIOT/tests/thread_msg/bin/native/tests_thread_msg.elf  
RIOT native interrupts/signals initialized.
LED_RED_OFF
LED_GREEN_ON
RIOT native board initialized.
RIOT native hardware initialization complete.

main(): This is RIOT! (Version: buildtest)
THREADS CREATED

THREAD 1 start

THREAD 2 start

THREAD 3 start

T3 i=0
T3 i=1
T1 recv: 0(i=0)
T2 got 0 (i=0)
T1 got reply: 0 (i=0)
T1 recv: 1(i=1)
T3 i=2
T2 got 1 (i=1)
T1 got reply: 1 (i=1)
T1 recv: 2(i=2)
T3 i=3
T2 got 2 (i=2)
T1 got reply: 2 (i=2)
THREAD 1 end

SUCCESS

</system-out></testcase></testsuite>