<?xml version="1.0" encoding="utf-8"?><testsuite errors="0" failures="0" name="iotlab-m3.tests_cpp11_mutex" skips="0" tests="1" time="5.635"><properties><property name="RIOT_VERSION" value="2019.07-devel-249-g5bb49-HEAD"/></properties><testcase classname="iotlab-m3.tests_cpp11_mutex" file="tests/01-run.py" line="13" name="test.tests.01-run.testfunc" time="5.582998037338257"><system-out>ssh -t iotlab@saclay.iot-lab.info &apos;socat - tcp:m3-1.saclay.iot-lab.info:20000&apos;
�main(): This is RIOT! (Version: buildtest)

************ C++ mutex test ***********
Lock and unlock ... 
�main(): This is RIOT! (Version: buildtest)

************ C++ mutex test ***********
Lock and unlock ... 
Done

Try_lock ...
Done

Bye, bye.
*****************************************


</system-out></testcase></testsuite>