<?xml version="1.0" encoding="utf-8"?><testsuite errors="0" failures="0" name="samr21-xpro" skips="0" tests="1" time="4.872"><properties><property name="RIOT_VERSION" value="2019.07-devel-249-g5bb49-HEAD"/></properties><testcase classname="samr21-xpro.tests_rmutex" file="tests/01-run.py" line="35" name="test.tests.01-run.testfunc" time="4.855438470840454"><system-out>ssh -t iotlab@saclay.iot-lab.info &apos;socat - tcp:samr21-1.saclay.iot-lab.info:20000&apos;
main(): This is RIOT! (Version: buildtest)
Recursive Mutex test
Please refer to the README.md for more information

T3 (prio 6, depth 0): trying to lock rmutex now
T4 (prio 4, depth 0): trying to lock rmutex now
T5 (prio 5, depth 0): trying to lock rmutex now
T6 (prio 2, depth 0): trying to lock rmutex now
T7 (prio 4, depth 0): trying to lock rmutex now
main: unlocking recursive mutex
T6 (prio 2, depth 0): locked rmutex now
T6 (prio 2, depth 1): trying to lock rmutex now
T6 (prio 2, depth 1): locked rmutex now
T6 (prio 2, depth 2): trying to lock rmutex now
T6 (prio 2, depth 2): locked rmutex now
T6 (prio 2, depth 3): trying to lock rmutex now
T6 (prio 2, depth 3): locked rmutex now
T6 (prio 2, depth 3): unlocked rmutex
T6 (prio 2, depth 2): unlocked rmutex
T6 (prio 2, depth 1): unlocked rmutex
T6 (prio 2, depth 0): unlocked rmutex
T4 (prio 4, depth 0): locked rmutex now
T4 (prio 4, depth 1): trying to lock rmutex now
T4 (prio 4, depth 1): locked rmutex now
T4 (prio 4, depth 2): trying to lock rmutex now
T4 (prio 4, depth 2): locked rmutex now
T4 (prio 4, depth 2): unlocked rmutex
T4 (prio 4, depth 1): unlocked rmutex
T4 (prio 4, depth 0): unlocked rmutex
T7 (prio 4, depth 0): locked rmutex now
T7 (prio 4, depth 1): trying to lock rmutex now
T7 (prio 4, depth 1): locked rmutex now
T7 (prio 4, depth 2): trying to lock rmutex now
T7 (prio 4, depth 2): locked rmutex now
T7 (prio 4, depth 3): trying to lock rmutex now
T7 (prio 4, depth 3): locked rmutex now
T7 (prio 4, depth 4): trying to lock rmutex now
T7 (prio 4, depth 4): locked rmutex now
T7 (prio 4, depth 4): unlocked rmutex
T7 (prio 4, depth 3): unlocked rmutex
T7 (prio 4, depth 2): unlocked rmutex
T7 (prio 4, depth 1): unlocked rmutex
T7 (prio 4, depth 0): unlocked rmutex
T5 (prio 5, depth 0): locked rmutex now
T5 (prio 5, depth 1): trying to lock rmutex now
T5 (prio 5, depth 1): locked rmutex now
T5 (prio 5, depth 2): trying to lock rmutex now
T5 (prio 5, depth 2): locked rmutex now
T5 (prio 5, depth 2): unlocked rmutex
T5 (prio 5, depth 1): unlocked rmutex
T5 (prio 5, depth 0): unlocked rmutex
T3 (prio 6, depth 0): locked rmutex now
T3 (prio 6, depth 1): trying to lock rmutex now
T3 (prio 6, depth 1): locked rmutex now
T3 (prio 6, depth 2): trying to lock rmutex now
T3 (prio 6, depth 2): locked rmutex now
T3 (prio 6, depth 3): trying to lock rmutex now
T3 (prio 6, depth 3): locked rmutex now
T3 (prio 6, depth 4): trying to lock rmutex now
T3 (prio 6, depth 4): locked rmutex now
T3 (prio 6, depth 4): unlocked rmutex
T3 (prio 6, depth 3): unlocked rmutex
T3 (prio 6, depth 2): unlocked rmutex
T3 (prio 6, depth 1): unlocked rmutex
T3 (prio 6, depth 0): unlocked rmutex

Test END, check the order of priorities above.

</system-out></testcase></testsuite>