<?xml version="1.0" encoding="utf-8"?><testsuite errors="0" failures="0" name="riot_tests" skips="0" tests="1" time="5.322"><properties><property name="RIOT_VERSION" value="2019.07-devel-249-g5bb49-HEAD"/></properties><testcase classname="iotlab-m3.tests_periph_timer" file="tests/01-run.py" line="12" name="test.tests.01-run.testfunc" time="5.272792816162109"><system-out>ssh -t iotlab@saclay.iot-lab.info &apos;socat - tcp:m3-1.saclay.iot-lab.info:20000&apos;
�main(): This is RIOT! (Version: buildtest)

Test for peripheral TIMERs

Available timers: 2

Testing TIMER_0:
TIMER_0: initialization successful
TIMER_0: stopped
TIMER_0: set channel 0 to 5000
TIMER_0: set channel 1 to 10000
TIMER_0: set channel 2 to 15000
TIMER_0: set channel 3 to 20000
TIMER_0: starting
TIMER_0: channel 0 fired at SW count    22500 - init:    22500
TIMER_0: channel 1 fired at SW count    44988 - diff:    22488
TIMER_0: channel 2 fired at SW count    67476 - diff:    22488
TIMER_0: channel 3 fired at SW count    89964 - diff:    22488

Testing TIMER_1:
TIMER_1: initialization successful
TIMER_1: stopped
TIMER_1: set channel 0 to 5000
TIMER_1: set channel 1 to 10000
TIMER_1: set channel 2 to 15000
TIMER_1: set channel 3 to 20000
TIMER_1: starting
TIMER_1: channel 0 fired at SW count    22500 - init:    22500
TIMER_1: channel 1 fired at SW count    44988 - diff:    22488
TIMER_1: channel 2 fired at SW count    67476 - diff:    22488
TIMER_1: channel 3 fired at SW count    89964 - diff:    22488

TEST SUCCEEDED
�main(): This is RIOT! (Version: buildtest)

Test for peripheral TIMERs

Available timers: 2

Testing TIMER_0:
TIMER_0: initialization successful
TIMER_0: stopped
TIMER_0: set channel 0 to 5000
TIMER_0: set channel 1 to 10000
TIMER_0: set channel 2 to 15000
TIMER_0: set channel 3 to 20000
TIMER_0: starting
TIMER_0: channel 0 fired at SW count    22500 - init:    22500
TIMER_0: channel 1 fired at SW count    44988 - diff:    22488
TIMER_0: channel 2 fired at SW count    67476 - diff:    22488
TIMER_0: channel 3 fired at SW count    89964 - diff:    22488

Testing TIMER_1:
TIMER_1: initialization successful
TIMER_1: stopped
TIMER_1: set channel 0 to 5000
TIMER_1: set channel 1 to 10000
TIMER_1: set channel 2 to 15000
TIMER_1: set channel 3 to 20000
TIMER_1: starting
TIMER_1: channel 0 fired at SW count    22
</system-out></testcase></testsuite>