<?xml version="1.0" encoding="utf-8"?><testsuite errors="0" failures="0" name="riot_tests" skips="0" tests="1" time="4.291"><properties><property name="RIOT_VERSION" value="2019.07-devel-249-g5bb49-HEAD"/></properties><testcase classname="b-l475e-iot01a.tests_riotboot_hdr" file="tests/01-run.py" line="12" name="test.tests.01-run.testfunc" time="4.274999141693115"><system-out>ssh -t iotlab@saclay.iot-lab.info &apos;socat - tcp:st-iotnode-1.saclay.iot-lab.info:20000&apos;
OK (4 tests)
n...
OK (4 tests)

</system-out></testcase></testsuite>