<?xml version="1.0" encoding="utf-8"?><testsuite errors="0" failures="0" name="native:gnu" skips="0" tests="1" time="3.386"><testcase classname="native:gnu.tests_gnrc_sixlowpan_frag.test.tests.01-run" file="tests/01-run.py" line="12" name="testfunc" time="3.3761978149414062"><system-out>/home/cladmi/git/work/RIOT/tests/gnrc_sixlowpan_frag/bin/native/tests_gnrc_sixlowpan_frag.elf  
RIOT native interrupts/signals initialized.
LED_RED_OFF
LED_GREEN_ON
RIOT native board initialized.
RIOT native hardware initialization complete.

main(): This is RIOT! (Version: buildtest)
...........
OK (11 tests)

</system-out></testcase></testsuite>