<?xml version="1.0" encoding="utf-8"?><testsuite errors="0" failures="0" name="riot_tests" skips="0" tests="1" time="30.597"><properties><property name="RIOT_VERSION" value="2019.07-devel-249-g5bb49-HEAD"/></properties><testcase classname="b-l475e-iot01a.tests_driver_grove_ledbar" file="tests/01-run.py" line="13" name="test.tests.01-run.testfunc" time="30.57882261276245"><system-out>ssh -t iotlab@saclay.iot-lab.info &apos;socat - tcp:st-iotnode-1.saclay.iot-lab.info:20000&apos;
n(): This is RIOT! (Version: buildtest)
[START]
 stepwise increase LED bar to 100% and then decrease to 0%.

 &gt;&gt;&gt; round 1
main(): This is RIOT! (Version: buildtest)
[START]
 stepwise increase LED bar to 100% and then decrease to 0%.

 &gt;&gt;&gt; round 1
 &gt;&gt;&gt; round 2
 &gt;&gt;&gt; round 3
 &gt;&gt;&gt; round 4
 &gt;&gt;&gt; round 5
[SUCCESS]

</system-out></testcase></testsuite>