<?xml version="1.0" encoding="utf-8"?><testsuite errors="0" failures="0" name="riot_tests" skips="0" tests="1" time="3.293"><properties><property name="RIOT_VERSION" value="2019.04-devel-319-g00c71-pr/wip/pytest"/></properties><testcase classname="test.native" file="tests/01-run.py" line="6" name="test.native.tests_thread_flags.tests.01-run.testfunc" time="3.284539222717285"><system-out>/home/cladmi/git/work/RIOT/tests/thread_flags/bin/native/tests_thread_flags.elf  
RIOT native interrupts/signals initialized.
LED_RED_OFF
LED_GREEN_ON
RIOT native board initialized.
RIOT native hardware initialization complete.

main(): This is RIOT! (Version: buildtest)
START
thread(): waiting for 0x1...
main(): setting flag 0x0001
thread(): received flags: 0x0001
thread(): waiting for 0x1 || 0x64...
main(): setting flag 0x0064
thread(): received flags: 0x0064
thread(): waiting for 0x2 &amp;&amp; 0x4...
main(): setting flag 0x0001
main(): setting flag 0x0008
main(): setting flag 0x0002
main(): setting flag 0x0004
thread(): received flags: 0x0006
thread(): waiting for any flag, one by one
thread(): received flags: 0x0001
thread(): waiting for any flag, one by one
thread(): received flags: 0x0008
main: setting 100ms timeout...
main: timeout triggered. time passed: 100054us
SUCCESS

</system-out></testcase></testsuite>