<?xml version="1.0" encoding="utf-8"?><testsuite errors="0" failures="0" name="native.gnu" skips="0" tests="1" time="3.375"><testcase classname="native.gnu.native.gnu.tests.01-run" file="tests/01-run.py" line="6" name="testfunc" time="3.345507860183716"><system-out>/home/cladmi/git/work/RIOT/tests/sched_testing/bin/native/tests_sched_testing.elf  
RIOT native interrupts/signals initialized.
LED_RED_OFF
LED_GREEN_ON
RIOT native board initialized.
RIOT native hardware initialization complete.

main(): This is RIOT! (Version: buildtest)
The output should be: yield 1, snd_thread running, yield 2, done
----------------------------------------------------------------
yield 1
snd_thread running
yield 2
done

</system-out></testcase></testsuite>