<?xml version="1.0" encoding="utf-8"?><testsuite errors="0" failures="0" name="native.gnu.tests_pthread_tls" skips="0" tests="1" time="3.284"><testcase classname="native.gnu.tests_pthread_tls.test.tests.01-run" file="tests/01-run.py" line="14" name="testfunc" time="3.2750790119171143"><system-out>/home/cladmi/git/work/RIOT/tests/pthread_tls/bin/native/tests_pthread_tls.elf  
RIOT native interrupts/signals initialized.
LED_RED_OFF
LED_GREEN_ON
RIOT native board initialized.
RIOT native hardware initialization complete.

main(): This is RIOT! (Version: buildtest)
START

-= TEST 1 - create 20 tls with sequencial values 0...19 =-
now rise sequencial by one values 1...20
pick deliberate storage (key[3]:1462129264) and change the value
show tls values:
key[0]: 1462129168, val: 1
key[1]: 1462129200, val: 2
key[2]: 1462129232, val: 3
key[3]: 1462129264, val: 42
key[4]: 1462129296, val: 5
key[5]: 1462129328, val: 6
key[6]: 1462129360, val: 7
key[7]: 1462129392, val: 8
key[8]: 1462129424, val: 9
key[9]: 1462129456, val: 10
key[10]: 1462129488, val: 11
key[11]: 1462129520, val: 12
key[12]: 1462129552, val: 13
key[13]: 1462129584, val: 14
key[14]: 1462129616, val: 15
key[15]: 1462129648, val: 16
key[16]: 1462129680, val: 17
key[17]: 1462129712, val: 18
key[18]: 1462129744, val: 19
key[19]: 1462129776, val: 20

 -= TEST 2 - delete deliberate key (key[5]:1462129328) =-
show tls values:
key[0]: 1462129168, val: 1
key[1]: 1462129200, val: 2
key[2]: 1462129232, val: 3
key[3]: 1462129264, val: 42
key[4]: 1462129296, val: 5
key[6]: 1462129360, val: 7
key[7]: 1462129392, val: 8
key[8]: 1462129424, val: 9
key[9]: 1462129456, val: 10
key[10]: 1462129488, val: 11
key[11]: 1462129520, val: 12
key[12]: 1462129552, val: 13
key[13]: 1462129584, val: 14
key[14]: 1462129616, val: 15
key[15]: 1462129648, val: 16
key[16]: 1462129680, val: 17
key[17]: 1462129712, val: 18
key[18]: 1462129744, val: 19
key[19]: 1462129776, val: 20

-= TEST 3 - create new tls =-
added new tls, key: 1462129808, val: 99
show tls values:
key[0]: 1462129168, val: 1
key[1]: 1462129200, val: 2
key[2]: 1462129232, val: 3
key[3]: 1462129264, val: 42
key[4]: 1462129296, val: 5
key[6]: 1462129360, val: 7
key[7]: 1462129392, val: 8
key[8]: 1462129424, val: 9
key[9]: 1462129456, val: 10
key[10]: 1462129488, val: 11
key[11]: 1462129520, val: 12
key[12]: 1462129552, val: 13
key[13]: 1462129584, val: 14
key[14]: 1462129616, val: 15
key[15]: 1462129648, val: 16
key[16]: 1462129680, val: 17
key[17]: 1462129712, val: 18
key[18]: 1462129744, val: 19
key[19]: 1462129776, val: 20

-= TEST 4 - delete all keys =-
show tls values:

-= TEST 5 - try delete non-existing key =-
try to delete returns: 0

-= TEST 6 - add key and delete without a tls =-
created key: 1462129840
try to delete returns: 0

-= TEST 7 - add key without tls =-
created key: 1462129856
test_7_val: (nil)
tls tests finished.
SUCCESS

</system-out></testcase></testsuite>