<?xml version="1.0" encoding="utf-8"?><testsuite errors="0" failures="0" name="samr21-xpro" skips="0" tests="1" time="31.140"><properties><property name="RIOT_VERSION" value="2019.07-devel-249-g5bb49-HEAD"/></properties><testcase classname="samr21-xpro.tests_driver_grove_ledbar" file="tests/01-run.py" line="13" name="test.tests.01-run.testfunc" time="31.119552850723267"><system-out>ssh -t iotlab@saclay.iot-lab.info &apos;socat - tcp:samr21-1.saclay.iot-lab.info:20000&apos;
main(): This is RIOT! (Version: buildtest)
[START]
 stepwise increase LED bar to 100% and then decrease to 0%.

 &gt;&gt;&gt; round 1
 &gt;&gt;&gt; round 2
 &gt;&gt;&gt; round 3
 &gt;&gt;&gt; round 4
 &gt;&gt;&gt; round 5
[SUCCESS]

</system-out></testcase></testsuite>