<?xml version="1.0" encoding="utf-8"?><testsuite errors="0" failures="0" name="native.gnu" skips="0" tests="1" time="3.317"><testcase classname="native.gnu.tests_pkg_ucglib.test.tests.01-run" file="tests/01-run.py" line="51" name="testfunc" time="3.3029632568359375"><system-out>/home/cladmi/git/work/RIOT/tests/pkg_ucglib/bin/native/tests_pkg_ucglib.elf  
RIOT native interrupts/signals initialized.
LED_RED_OFF
LED_GREEN_ON
RIOT native board initialized.
RIOT native hardware initialization complete.

main(): This is RIOT! (Version: buildtest)
Initializing dummy output.
ucg: UCG_MSG_DEV_POWER_UP
ucg: UCG_MSG_GET_DIMENSION
Initializing display.
Drawing on screen.
ucg: UCG_MSG_DRAW_PIXEL (128)
ucg: UCG_MSG_DRAW_PIXEL (256)
ucg: UCG_MSG_DRAW_PIXEL (384)
ucg: UCG_MSG_DRAW_PIXEL (512)
ucg: UCG_MSG_DRAW_PIXEL (640)
ucg: UCG_MSG_DRAW_PIXEL (768)
ucg: UCG_MSG_DRAW_PIXEL (896)
ucg: UCG_MSG_DRAW_PIXEL (1024)
ucg: UCG_MSG_DRAW_PIXEL (1152)
ucg: UCG_MSG_DRAW_PIXEL (1280)
ucg: UCG_MSG_DRAW_PIXEL (1408)
ucg: UCG_MSG_DRAW_PIXEL (1536)
ucg: UCG_MSG_DRAW_PIXEL (1664)
ucg: UCG_MSG_DRAW_PIXEL (1792)
ucg: UCG_MSG_DRAW_PIXEL (1920)
ucg: UCG_MSG_DRAW_PIXEL (2048)
ucg: UCG_MSG_DRAW_PIXEL (2176)
ucg: UCG_MSG_DRAW_PIXEL (2304)
ucg: UCG_MSG_DRAW_PIXEL (2432)
ucg: UCG_MSG_DRAW_PIXEL (2560)
ucg: UCG_MSG_DRAW_PIXEL (2688)
ucg: UCG_MSG_DRAW_PIXEL (2816)
ucg: UCG_MSG_DRAW_PIXEL (2944)
ucg: UCG_MSG_DRAW_PIXEL (3072)
ucg: UCG_MSG_DRAW_PIXEL (3200)
ucg: UCG_MSG_DRAW_PIXEL (3328)
ucg: UCG_MSG_DRAW_PIXEL (3456)
ucg: UCG_MSG_DRAW_PIXEL (3584)
ucg: UCG_MSG_DRAW_PIXEL (3712)
ucg: UCG_MSG_DRAW_PIXEL (3840)
ucg: UCG_MSG_DRAW_PIXEL (3968)
ucg: UCG_MSG_DRAW_PIXEL (4096)
ucg: UCG_MSG_DRAW_PIXEL (4224)
ucg: UCG_MSG_DRAW_PIXEL (4352)
ucg: UCG_MSG_DRAW_PIXEL (4480)
ucg: UCG_MSG_DRAW_PIXEL (4608)

</system-out></testcase></testsuite>