<?xml version="1.0" encoding="utf-8"?><testsuite errors="0" failures="0" name="native" skips="0" tests="1" time="3.506"><testcase classname="native.tests_ps_schedstatistics.test.tests.01-run" file="tests/01-run.py" line="57" name="testfunc" time="3.4977381229400635"><system-out>/home/cladmi/git/work/RIOT/tests/ps_schedstatistics/bin/native/tests_ps_schedstatistics.elf  
RIOT native interrupts/signals initialized.
LED_RED_OFF
LED_GREEN_ON
RIOT native board initialized.
RIOT native hardware initialization complete.

main(): This is RIOT! (Version: buildtest)
Creating thread #0, next=1
Creating thread #1, next=2
Creating thread #2, next=3
Creating thread #3, next=4
Creating thread #4, next=0
&gt; 
help

&gt; help
Command              Description
---------------------------------------
reboot               Reboot the node
ps                   Prints information about running threads.
&gt; ps
ps
	pid | name                 | state    Q | pri | stack  ( used) | base addr  | current     | runtime  | switches
	  - | isr_stack            | -        - |   - |   8192 (   -1) | 0x5658a660 | 0x5658a660
	  1 | idle                 | pending  Q |  15 |   8192 (  584) | 0x56588140 | 0x56589fa0  | 31.662% |         1
	  2 | main                 | running  Q |   7 |  12288 ( 3104) | 0x56585140 | 0x56587fa0  | 65.699% |      3307
	  3 | thread               | bl rx    _ |   6 |   8192 ( 2380) | 0x5657b120 | 0x5657cf80  |  0.487% |      1321
	  4 | thread               | bl rx    _ |   6 |   8192 ( 2380) | 0x5657d120 | 0x5657ef80  |  0.526% |      1321
	  5 | thread               | bl rx    _ |   6 |   8192 ( 2380) | 0x5657f120 | 0x56580f80  |  0.572% |      1321
	  6 | thread               | bl rx    _ |   6 |   8192 ( 2380) | 0x56581120 | 0x56582f80  |  0.613% |      1321
	  7 | thread               | bl mutex _ |   6 |   8192 ( 2380) | 0x56583120 | 0x56584f80  |  0.438% |      1320
	    | SUM                  |            |     |  69632 (15588)
&gt; 
</system-out></testcase></testsuite>