<?xml version="1.0" encoding="utf-8"?><testsuite errors="0" failures="0" name="iotlab-m3" skips="0" tests="1" time="5.266"><properties><property name="RIOT_VERSION" value="2019.07-devel-249-g5bb49-HEAD"/></properties><testcase classname="iotlab-m3.tests_msg_avail" file="tests/01-run.py" line="13" name="test.tests.01-run.testfunc" time="5.2184648513793945"><system-out>ssh -t iotlab@saclay.iot-lab.info &apos;socat - tcp:m3-1.saclay.iot-lab.info:20000&apos;
�main(): This is RIOT! (Version: buildtest)
[START]
+ add msg: 0
+ add msg: 1
+ add msg: 2
+ add msg: 3
+ add msg: 4
+ add msg: 5
+ add msg: 6
+ add msg: 7
- got msg: 0
- got msg: 1
- got msg: 2
- got msg: 3
- got msg: 4
- got msg: 5
- got msg: 6
- got msg: 7
[SUCCESS]
�main(): This is RIOT! (Version: buildtest)
[START]
+ add msg: 0
+ add msg: 1
+ add msg: 2
+ add msg: 3
+ add msg: 4
+ add msg: 5
+ add msg: 6
+ add msg: 7
- got msg: 0
- got msg: 1
- got msg: 2
- got msg: 3
- got msg: 4
- got msg: 5
- got msg: 6
- got msg: 7
[SUCCESS]

</system-out></testcase></testsuite>