<?xml version="1.0" encoding="utf-8"?><testsuite errors="0" failures="0" name="nrf52dk.tests_periph_rtt" skips="0" tests="1" time="29.335"><properties><property name="RIOT_VERSION" value="2019.07-devel-249-g5bb49-HEAD"/></properties><testcase classname="nrf52dk.tests_periph_rtt" file="tests/01-run.py" line="17" name="test.tests.01-run.testfunc" time="29.308396577835083"><system-out>ssh -t iotlab@saclay.iot-lab.info &apos;socat - tcp:nrf52dk-1.saclay.iot-lab.info:20000&apos;
main(): This is RIOT! (Version: buildtest)

RIOT RTT low-level driver test
This test will display &apos;Hello&apos; every 5 seconds

Initializing the RTT driver
RTT now: 13
Setting initial alarm to now + 5 s (5133)
Done setting up the RTT, wait for many Hellos
main(): This is RIOT! (Version: buildtest)

RIOT RTT low-level driver test
This test will display &apos;Hello&apos; every 5 seconds

Initializing the RTT driver
RTT now: 13
Setting initial alarm to now + 5 s (5133)
Done setting up the RTT, wait for many Hellos
Hello
Hello
Hello
Hello
Hello

</system-out></testcase></testsuite>